#
# There is insufficient memory for the Java Runtime Environment to continue.
# Native memory allocation (malloc) failed to allocate 466256 bytes. Error detail: Chunk::new
# Possible reasons:
#   The system is out of physical RAM or swap space
#   This process is running with CompressedOops enabled, and the Java Heap may be blocking the growth of the native heap
# Possible solutions:
#   Reduce memory load on the system
#   Increase physical memory or swap space
#   Check if swap backing store is full
#   Decrease Java heap size (-Xmx/-Xms)
#   Decrease number of Java threads
#   Decrease Java thread stack sizes (-Xss)
#   Set larger code cache with -XX:ReservedCodeCacheSize=
#   JVM is running with Unscaled Compressed Oops mode in which the Java heap is
#     placed in the first 4GB address space. The Java Heap base address is the
#     maximum limit for the native heap growth. Please use -XX:HeapBaseMinAddress
#     to set the Java Heap base and to place the Java Heap above 4GB virtual address.
# This output file may be truncated or incomplete.
#
#  Out of Memory Error (arena.cpp:168), pid=10056, tid=8180
#
# JRE version: OpenJDK Runtime Environment Temurin-21.0.9+10 (21.0.9+10) (build 21.0.9+10-LTS)
# Java VM: OpenJDK 64-Bit Server VM Temurin-21.0.9+10 (21.0.9+10-LTS, mixed mode, sharing, tiered, compressed oops, compressed class ptrs, parallel gc, windows-amd64)
# No core dump will be written. Minidumps are not enabled by default on client versions of Windows
#

---------------  S U M M A R Y ------------

Command Line: --add-modules=ALL-SYSTEM --add-opens=java.base/java.util=ALL-UNNAMED --add-opens=java.base/java.lang=ALL-UNNAMED --add-opens=java.base/sun.nio.fs=ALL-UNNAMED -Declipse.application=org.eclipse.jdt.ls.core.id1 -Dosgi.bundles.defaultStartLevel=4 -Declipse.product=org.eclipse.jdt.ls.core.product -Djava.import.generatesMetadataFilesAtProjectRoot=false -DDetectVMInstallationsJob.disabled=true -Dfile.encoding=utf8 -XX:+UseParallelGC -XX:GCTimeRatio=4 -XX:AdaptiveSizePolicyWeight=90 -Dsun.zip.disableMemoryMapping=true -Xmx2G -Xms100m -Xlog:disable -javaagent:c:\Users\bhask\.vscode\extensions\redhat.java-1.50.0-win32-x64\lombok\lombok-1.18.39-4050.jar c:\Users\bhask\.vscode\extensions\redhat.java-1.50.0-win32-x64\server\plugins\org.eclipse.equinox.launcher_1.7.100.v20251111-0406.jar -configuration c:\Users\bhask\AppData\Roaming\Code\User\globalStorage\redhat.java\1.50.0\config_ss_win -data c:\Users\bhask\AppData\Roaming\Code\User\workspaceStorage\1c11ea6f38bf8f6ff63283db01e0a255\redhat.java\ss_ws --pipe=\\.\pipe\lsp-9d811e06bb31b8e8c04da204bf62f7f8-sock

Host: AMD Ryzen 3 3250U with Radeon Graphics         , 4 cores, 3G,  Windows 10 , 64 bit Build 19041 (10.0.19041.5915)
Time: Tue Dec  2 22:41:24 2025 India Standard Time elapsed time: 45.790159 seconds (0d 0h 0m 45s)

---------------  T H R E A D  ---------------

Current thread (0x000002adff7933e0):  JavaThread "C2 CompilerThread0" daemon [_thread_in_native, id=8180, stack(0x000000c890f00000,0x000000c891000000) (1024K)]


Current CompileTask:
C2:45790 5161       4       org.eclipse.jdt.internal.compiler.parser.Scanner::internalScanIdentifierOrKeyword (5041 bytes)

Stack: [0x000000c890f00000,0x000000c891000000]
Native frames: (J=compiled Java code, j=interpreted, Vv=VM code, C=native code)
V  [jvm.dll+0x6d6e29]
V  [jvm.dll+0x8b4b76]
V  [jvm.dll+0x8b712e]
V  [jvm.dll+0x8b7813]
V  [jvm.dll+0x283d86]
V  [jvm.dll+0xc66ed]
V  [jvm.dll+0xc6c31]
V  [jvm.dll+0x2facee]
V  [jvm.dll+0x5fde44]
V  [jvm.dll+0x255557]
V  [jvm.dll+0x24d994]
V  [jvm.dll+0x24b482]
V  [jvm.dll+0x1cb13e]
V  [jvm.dll+0x25b29d]
V  [jvm.dll+0x25982a]
V  [jvm.dll+0x3f7ea6]
V  [jvm.dll+0x85e9ad]
V  [jvm.dll+0x6d565d]
C  [ucrtbase.dll+0x21bb2]
C  [KERNEL32.DLL+0x17374]
C  [ntdll.dll+0x4cc91]


---------------  P R O C E S S  ---------------

Threads class SMR info:
_java_thread_list=0x000002adc83193b0, length=30, elements={
0x000002ade6c070d0, 0x000002adff7896a0, 0x000002adff78abe0, 0x000002adff78e230,
0x000002adff78ee80, 0x000002adff7918e0, 0x000002adff7925b0, 0x000002adff7933e0,
0x000002adff80a860, 0x000002adc15662d0, 0x000002adc184e430, 0x000002adc661ceb0,
0x000002adc661d540, 0x000002adc661e260, 0x000002adc661bb00, 0x000002adc661c190,
0x000002adc661dbd0, 0x000002adc661e8f0, 0x000002adc661c820, 0x000002adc674c7b0,
0x000002adc67502c0, 0x000002adc6752390, 0x000002adc674d4d0, 0x000002adc6752a20,
0x000002adc6751670, 0x000002adc67530b0, 0x000002adc6751d00, 0x000002adc674ce40,
0x000002adc674fc30, 0x000002adc674db60
}

Java Threads: ( => current thread )
  0x000002ade6c070d0 JavaThread "main"                              [_thread_blocked, id=18992, stack(0x000000c890500000,0x000000c890600000) (1024K)]
  0x000002adff7896a0 JavaThread "Reference Handler"          daemon [_thread_blocked, id=1292, stack(0x000000c890900000,0x000000c890a00000) (1024K)]
  0x000002adff78abe0 JavaThread "Finalizer"                  daemon [_thread_blocked, id=4612, stack(0x000000c890a00000,0x000000c890b00000) (1024K)]
  0x000002adff78e230 JavaThread "Signal Dispatcher"          daemon [_thread_blocked, id=12440, stack(0x000000c890b00000,0x000000c890c00000) (1024K)]
  0x000002adff78ee80 JavaThread "Attach Listener"            daemon [_thread_blocked, id=9848, stack(0x000000c890c00000,0x000000c890d00000) (1024K)]
  0x000002adff7918e0 JavaThread "Service Thread"             daemon [_thread_blocked, id=17736, stack(0x000000c890d00000,0x000000c890e00000) (1024K)]
  0x000002adff7925b0 JavaThread "Monitor Deflation Thread"   daemon [_thread_blocked, id=13392, stack(0x000000c890e00000,0x000000c890f00000) (1024K)]
=>0x000002adff7933e0 JavaThread "C2 CompilerThread0"         daemon [_thread_in_native, id=8180, stack(0x000000c890f00000,0x000000c891000000) (1024K)]
  0x000002adff80a860 JavaThread "C1 CompilerThread0"         daemon [_thread_blocked, id=6300, stack(0x000000c891000000,0x000000c891100000) (1024K)]
  0x000002adc15662d0 JavaThread "Common-Cleaner"             daemon [_thread_blocked, id=7816, stack(0x000000c891100000,0x000000c891200000) (1024K)]
  0x000002adc184e430 JavaThread "Notification Thread"        daemon [_thread_blocked, id=16756, stack(0x000000c891200000,0x000000c891300000) (1024K)]
  0x000002adc661ceb0 JavaThread "Active Thread: Equinox Container: 60175836-bef2-49fe-bd84-732087ef4311"        [_thread_blocked, id=14648, stack(0x000000c891600000,0x000000c891700000) (1024K)]
  0x000002adc661d540 JavaThread "Framework Event Dispatcher: Equinox Container: 60175836-bef2-49fe-bd84-732087ef4311" daemon [_thread_blocked, id=15788, stack(0x000000c891700000,0x000000c891800000) (1024K)]
  0x000002adc661e260 JavaThread "Start Level: Equinox Container: 60175836-bef2-49fe-bd84-732087ef4311" daemon [_thread_blocked, id=18368, stack(0x000000c891800000,0x000000c891900000) (1024K)]
  0x000002adc661bb00 JavaThread "SCR Component Actor"        daemon [_thread_blocked, id=15152, stack(0x000000c891900000,0x000000c891a00000) (1024K)]
  0x000002adc661c190 JavaThread "Worker-JM"                         [_thread_blocked, id=3608, stack(0x000000c891a00000,0x000000c891b00000) (1024K)]
  0x000002adc661dbd0 JavaThread "JNA Cleaner"                daemon [_thread_blocked, id=6148, stack(0x000000c891b00000,0x000000c891c00000) (1024K)]
  0x000002adc661e8f0 JavaThread "Worker-0"                          [_thread_blocked, id=4640, stack(0x000000c891c00000,0x000000c891d00000) (1024K)]
  0x000002adc661c820 JavaThread "Worker-1"                          [_thread_blocked, id=7568, stack(0x000000c891d00000,0x000000c891e00000) (1024K)]
  0x000002adc674c7b0 JavaThread "Worker-2"                          [_thread_blocked, id=13012, stack(0x000000c891e00000,0x000000c891f00000) (1024K)]
  0x000002adc67502c0 JavaThread "Thread-1"                   daemon [_thread_in_native, id=7360, stack(0x000000c892100000,0x000000c892200000) (1024K)]
  0x000002adc6752390 JavaThread "Thread-2"                   daemon [_thread_in_native, id=12796, stack(0x000000c892200000,0x000000c892300000) (1024K)]
  0x000002adc674d4d0 JavaThread "Thread-3"                   daemon [_thread_in_native, id=16156, stack(0x000000c892300000,0x000000c892400000) (1024K)]
  0x000002adc6752a20 JavaThread "Thread-4"                   daemon [_thread_in_native, id=10900, stack(0x000000c892400000,0x000000c892500000) (1024K)]
  0x000002adc6751670 JavaThread "Thread-5"                   daemon [_thread_in_native, id=10496, stack(0x000000c892500000,0x000000c892600000) (1024K)]
  0x000002adc67530b0 JavaThread "pool-2-thread-1"                   [_thread_blocked, id=1824, stack(0x000000c892600000,0x000000c892700000) (1024K)]
  0x000002adc6751d00 JavaThread "WorkspaceEventsHandler"            [_thread_blocked, id=10008, stack(0x000000c892700000,0x000000c892800000) (1024K)]
  0x000002adc674ce40 JavaThread "pool-1-thread-1"                   [_thread_blocked, id=5372, stack(0x000000c892800000,0x000000c892900000) (1024K)]
  0x000002adc674fc30 JavaThread "ForkJoinPool.commonPool-worker-1" daemon [_thread_blocked, id=12672, stack(0x000000c892900000,0x000000c892a00000) (1024K)]
  0x000002adc674db60 JavaThread "ForkJoinPool.commonPool-worker-2" daemon [_thread_in_vm, id=9268, stack(0x000000c892a00000,0x000000c892b00000) (1024K)]
Total: 30

Other Threads:
  0x000002adff77e940 VMThread "VM Thread"                           [id=4024, stack(0x000000c890800000,0x000000c890900000) (1024K)]
  0x000002ade8e088d0 WatcherThread "VM Periodic Task Thread"        [id=14072, stack(0x000000c890700000,0x000000c890800000) (1024K)]
  0x000002ade8dbeac0 WorkerThread "GC Thread#0"                     [id=11548, stack(0x000000c890600000,0x000000c890700000) (1024K)]
  0x000002adc1761610 WorkerThread "GC Thread#1"                     [id=8124, stack(0x000000c891300000,0x000000c891400000) (1024K)]
  0x000002adc1761dc0 WorkerThread "GC Thread#2"                     [id=18364, stack(0x000000c891400000,0x000000c891500000) (1024K)]
  0x000002adc1762160 WorkerThread "GC Thread#3"                     [id=7268, stack(0x000000c891500000,0x000000c891600000) (1024K)]
Total: 6

Threads with active compile tasks:
C2 CompilerThread0  45838 5161       4       org.eclipse.jdt.internal.compiler.parser.Scanner::internalScanIdentifierOrKeyword (5041 bytes)
Total: 1

VM state: not at safepoint (normal execution)

VM Mutex/Monitor currently owned by a thread: None

Heap address: 0x0000000080000000, size: 2048 MB, Compressed Oops mode: 32-bit

CDS archive(s) mapped at: [0x000002ad80000000-0x000002ad80ba0000-0x000002ad80ba0000), size 12189696, SharedBaseAddress: 0x000002ad80000000, ArchiveRelocationMode: 1.
Compressed class space mapped at: 0x000002ad81000000-0x000002adc1000000, reserved size: 1073741824
Narrow klass base: 0x000002ad80000000, Narrow klass shift: 0, Narrow klass range: 0x100000000

GC Precious Log:
 CardTable entry size: 512
 CPUs: 4 total, 4 available
 Memory: 3285M
 Large Page Support: Disabled
 NUMA Support: Disabled
 Compressed Oops: Enabled (32-bit)
 Alignments: Space 512K, Generation 512K, Heap 2M
 Heap Min Capacity: 100M
 Heap Initial Capacity: 100M
 Heap Max Capacity: 2G
 Pre-touch: Disabled
 Parallel Workers: 4

Heap:
 PSYoungGen      total 22528K, used 4699K [0x00000000d5580000, 0x00000000d6d00000, 0x0000000100000000)
  eden space 20992K, 18% used [0x00000000d5580000,0x00000000d5946f00,0x00000000d6a00000)
  from space 1536K, 54% used [0x00000000d6b80000,0x00000000d6c4fe58,0x00000000d6d00000)
  to   space 1536K, 0% used [0x00000000d6a00000,0x00000000d6a00000,0x00000000d6b80000)
 ParOldGen       total 68608K, used 30226K [0x0000000080000000, 0x0000000084300000, 0x00000000d5580000)
  object space 68608K, 44% used [0x0000000080000000,0x0000000081d84a60,0x0000000084300000)
 Metaspace       used 39577K, committed 40640K, reserved 1114112K
  class space    used 3986K, committed 4416K, reserved 1048576K

Card table byte_map: [0x000002ade8750000,0x000002ade8b60000] _byte_map_base: 0x000002ade8350000

Marking Bits: (ParMarkBitMap*) 0x00007ffa169b2460
 Begin Bits: [0x000002adfb260000, 0x000002adfd260000)
 End Bits:   [0x000002adfd260000, 0x000002adff260000)

Polling page: 0x000002ade6b80000

Metaspace:

Usage:
  Non-class:     34.76 MB used.
      Class:      3.89 MB used.
       Both:     38.65 MB used.

Virtual space:
  Non-class space:       64.00 MB reserved,      35.38 MB ( 55%) committed,  1 nodes.
      Class space:        1.00 GB reserved,       4.31 MB ( <1%) committed,  1 nodes.
             Both:        1.06 GB reserved,      39.69 MB (  4%) committed. 

Chunk freelists:
   Non-Class:  12.33 MB
       Class:  11.63 MB
        Both:  23.95 MB

MaxMetaspaceSize: unlimited
CompressedClassSpaceSize: 1.00 GB
Initial GC threshold: 21.00 MB
Current GC threshold: 58.38 MB
CDS: on
 - commit_granule_bytes: 65536.
 - commit_granule_words: 8192.
 - virtual_space_node_default_size: 8388608.
 - enlarge_chunks_in_place: 1.
 - use_allocation_guard: 0.


Internal statistics:

num_allocs_failed_limit: 6.
num_arena_births: 812.
num_arena_deaths: 56.
num_vsnodes_births: 2.
num_vsnodes_deaths: 0.
num_space_committed: 635.
num_space_uncommitted: 0.
num_chunks_returned_to_freelist: 73.
num_chunks_taken_from_freelist: 2463.
num_chunk_merges: 16.
num_chunk_splits: 1576.
num_chunks_enlarged: 1010.
num_inconsistent_stats: 0.

CodeHeap 'non-profiled nmethods': size=120000Kb used=2862Kb max_used=2862Kb free=117137Kb
 bounds [0x000002adf3a80000, 0x000002adf3d60000, 0x000002adfafb0000]
CodeHeap 'profiled nmethods': size=120000Kb used=10304Kb max_used=10304Kb free=109695Kb
 bounds [0x000002adebfb0000, 0x000002adec9d0000, 0x000002adf34e0000]
CodeHeap 'non-nmethods': size=5760Kb used=1395Kb max_used=1431Kb free=4365Kb
 bounds [0x000002adf34e0000, 0x000002adf3750000, 0x000002adf3a80000]
CodeCache: size=245760Kb, used=14561Kb, max_used=14597Kb, free=231197Kb
 total_blobs=5474, nmethods=4772, adapters=608, full_count=0
Compilation: enabled, stopped_count=0, restarted_count=0

Compilation events (20 events):
Event: 45.768 Thread 0x000002adff80a860 5162       3       org.eclipse.jdt.internal.compiler.util.Util::getLineNumber (89 bytes)
Event: 45.768 Thread 0x000002adff80a860 nmethod 5162 0x000002adec9b2c10 code [0x000002adec9b2e00, 0x000002adec9b3200]
Event: 45.768 Thread 0x000002adff80a860 5166   !   3       org.eclipse.jdt.ls.core.internal.handlers.FoldingRangeHandler::getNextToken (22 bytes)
Event: 45.768 Thread 0x000002adff80a860 nmethod 5166 0x000002adec9b3390 code [0x000002adec9b3560, 0x000002adec9b3940]
Event: 45.768 Thread 0x000002adff80a860 5169       3       org.eclipse.jdt.internal.core.util.PublicScanner::translateTokenToTerminalSymbol (1482 bytes)
Event: 45.771 Thread 0x000002adff80a860 nmethod 5169 0x000002adec9b3b90 code [0x000002adec9b3fa0, 0x000002adec9b6820]
Event: 45.771 Thread 0x000002adff80a860 5168       3       org.eclipse.jdt.internal.core.util.PublicScanner::getNextToken (16 bytes)
Event: 45.771 Thread 0x000002adff80a860 nmethod 5168 0x000002adec9b6c90 code [0x000002adec9b6e40, 0x000002adec9b7060]
Event: 45.771 Thread 0x000002adff80a860 5163       3       org.eclipse.jdt.internal.core.util.PublicScanner::getLineNumber (9 bytes)
Event: 45.771 Thread 0x000002adff80a860 nmethod 5163 0x000002adec9b7190 code [0x000002adec9b7340, 0x000002adec9b7500]
Event: 45.771 Thread 0x000002adff80a860 5164       3       org.eclipse.jdt.internal.compiler.parser.Scanner::getLineNumber (14 bytes)
Event: 45.771 Thread 0x000002adff80a860 nmethod 5164 0x000002adec9b7610 code [0x000002adec9b77c0, 0x000002adec9b7910]
Event: 45.771 Thread 0x000002adff80a860 5165       3       org.eclipse.jdt.internal.core.util.PublicScanner::getCurrentTokenStartPosition (8 bytes)
Event: 45.771 Thread 0x000002adff80a860 nmethod 5165 0x000002adec9b7990 code [0x000002adec9b7b20, 0x000002adec9b7c38]
Event: 45.772 Thread 0x000002adff80a860 5170   !   3       org.eclipse.jdt.internal.core.util.PublicScanner::$SWITCH_TABLE$org$eclipse$jdt$internal$compiler$parser$TerminalToken (2080 bytes)
Event: 45.779 Thread 0x000002adff80a860 nmethod 5170 0x000002adec9b7d10 code [0x000002adec9b8360, 0x000002adec9bc698]
Event: 45.779 Thread 0x000002adff80a860 5172       3       java.util.regex.CharPredicates$$Lambda/0x800000026::is (5 bytes)
Event: 45.780 Thread 0x000002adff80a860 nmethod 5172 0x000002adec9be290 code [0x000002adec9be460, 0x000002adec9be840]
Event: 45.780 Thread 0x000002adff80a860 5173       3       java.util.regex.CharPredicates::lambda$ASCII_SPACE$20 (20 bytes)
Event: 45.780 Thread 0x000002adff80a860 nmethod 5173 0x000002adec9be990 code [0x000002adec9beb60, 0x000002adec9beeb8]

GC Heap History (20 events):
Event: 29.060 GC heap before
{Heap before GC invocations=15 (full 1):
 PSYoungGen      total 23040K, used 23008K [0x00000000d5580000, 0x00000000d7000000, 0x0000000100000000)
  eden space 20992K, 100% used [0x00000000d5580000,0x00000000d6a00000,0x00000000d6a00000)
  from space 2048K, 98% used [0x00000000d6a00000,0x00000000d6bf8000,0x00000000d6c00000)
  to   space 3072K, 0% used [0x00000000d6d00000,0x00000000d6d00000,0x00000000d7000000)
 ParOldGen       total 68608K, used 20809K [0x0000000080000000, 0x0000000084300000, 0x00000000d5580000)
  object space 68608K, 30% used [0x0000000080000000,0x00000000814525c0,0x0000000084300000)
 Metaspace       used 32320K, committed 33408K, reserved 1114112K
  class space    used 3280K, committed 3776K, reserved 1048576K
}
Event: 29.070 GC heap after
{Heap after GC invocations=15 (full 1):
 PSYoungGen      total 23040K, used 2020K [0x00000000d5580000, 0x00000000d6f00000, 0x0000000100000000)
  eden space 20992K, 0% used [0x00000000d5580000,0x00000000d5580000,0x00000000d6a00000)
  from space 2048K, 98% used [0x00000000d6d00000,0x00000000d6ef9000,0x00000000d6f00000)
  to   space 2560K, 0% used [0x00000000d6a00000,0x00000000d6a00000,0x00000000d6c80000)
 ParOldGen       total 68608K, used 22743K [0x0000000080000000, 0x0000000084300000, 0x00000000d5580000)
  object space 68608K, 33% used [0x0000000080000000,0x0000000081635f70,0x0000000084300000)
 Metaspace       used 32320K, committed 33408K, reserved 1114112K
  class space    used 3280K, committed 3776K, reserved 1048576K
}
Event: 29.630 GC heap before
{Heap before GC invocations=16 (full 1):
 PSYoungGen      total 23040K, used 23012K [0x00000000d5580000, 0x00000000d6f00000, 0x0000000100000000)
  eden space 20992K, 100% used [0x00000000d5580000,0x00000000d6a00000,0x00000000d6a00000)
  from space 2048K, 98% used [0x00000000d6d00000,0x00000000d6ef9000,0x00000000d6f00000)
  to   space 2560K, 0% used [0x00000000d6a00000,0x00000000d6a00000,0x00000000d6c80000)
 ParOldGen       total 68608K, used 22743K [0x0000000080000000, 0x0000000084300000, 0x00000000d5580000)
  object space 68608K, 33% used [0x0000000080000000,0x0000000081635f70,0x0000000084300000)
 Metaspace       used 32373K, committed 33408K, reserved 1114112K
  class space    used 3282K, committed 3776K, reserved 1048576K
}
Event: 29.641 GC heap after
{Heap after GC invocations=16 (full 1):
 PSYoungGen      total 23552K, used 2048K [0x00000000d5580000, 0x00000000d6f00000, 0x0000000100000000)
  eden space 20992K, 0% used [0x00000000d5580000,0x00000000d5580000,0x00000000d6a00000)
  from space 2560K, 80% used [0x00000000d6a00000,0x00000000d6c00010,0x00000000d6c80000)
  to   space 2560K, 0% used [0x00000000d6c80000,0x00000000d6c80000,0x00000000d6f00000)
 ParOldGen       total 68608K, used 24714K [0x0000000080000000, 0x0000000084300000, 0x00000000d5580000)
  object space 68608K, 36% used [0x0000000080000000,0x0000000081822b60,0x0000000084300000)
 Metaspace       used 32373K, committed 33408K, reserved 1114112K
  class space    used 3282K, committed 3776K, reserved 1048576K
}
Event: 30.086 GC heap before
{Heap before GC invocations=17 (full 1):
 PSYoungGen      total 23552K, used 23040K [0x00000000d5580000, 0x00000000d6f00000, 0x0000000100000000)
  eden space 20992K, 100% used [0x00000000d5580000,0x00000000d6a00000,0x00000000d6a00000)
  from space 2560K, 80% used [0x00000000d6a00000,0x00000000d6c00010,0x00000000d6c80000)
  to   space 2560K, 0% used [0x00000000d6c80000,0x00000000d6c80000,0x00000000d6f00000)
 ParOldGen       total 68608K, used 24714K [0x0000000080000000, 0x0000000084300000, 0x00000000d5580000)
  object space 68608K, 36% used [0x0000000080000000,0x0000000081822b60,0x0000000084300000)
 Metaspace       used 32471K, committed 33536K, reserved 1114112K
  class space    used 3282K, committed 3776K, reserved 1048576K
}
Event: 30.094 GC heap after
{Heap after GC invocations=17 (full 1):
 PSYoungGen      total 23040K, used 1880K [0x00000000d5580000, 0x00000000d6e80000, 0x0000000100000000)
  eden space 20992K, 0% used [0x00000000d5580000,0x00000000d5580000,0x00000000d6a00000)
  from space 2048K, 91% used [0x00000000d6c80000,0x00000000d6e56200,0x00000000d6e80000)
  to   space 2048K, 0% used [0x00000000d6a80000,0x00000000d6a80000,0x00000000d6c80000)
 ParOldGen       total 68608K, used 26714K [0x0000000080000000, 0x0000000084300000, 0x00000000d5580000)
  object space 68608K, 38% used [0x0000000080000000,0x0000000081a16b70,0x0000000084300000)
 Metaspace       used 32471K, committed 33536K, reserved 1114112K
  class space    used 3282K, committed 3776K, reserved 1048576K
}
Event: 33.855 GC heap before
{Heap before GC invocations=18 (full 1):
 PSYoungGen      total 23040K, used 22872K [0x00000000d5580000, 0x00000000d6e80000, 0x0000000100000000)
  eden space 20992K, 100% used [0x00000000d5580000,0x00000000d6a00000,0x00000000d6a00000)
  from space 2048K, 91% used [0x00000000d6c80000,0x00000000d6e56200,0x00000000d6e80000)
  to   space 2048K, 0% used [0x00000000d6a80000,0x00000000d6a80000,0x00000000d6c80000)
 ParOldGen       total 68608K, used 26714K [0x0000000080000000, 0x0000000084300000, 0x00000000d5580000)
  object space 68608K, 38% used [0x0000000080000000,0x0000000081a16b70,0x0000000084300000)
 Metaspace       used 33897K, committed 34944K, reserved 1114112K
  class space    used 3460K, committed 3904K, reserved 1048576K
}
Event: 33.861 GC heap after
{Heap after GC invocations=18 (full 1):
 PSYoungGen      total 23040K, used 1717K [0x00000000d5580000, 0x00000000d6e00000, 0x0000000100000000)
  eden space 20992K, 0% used [0x00000000d5580000,0x00000000d5580000,0x00000000d6a00000)
  from space 2048K, 83% used [0x00000000d6a80000,0x00000000d6c2d6a0,0x00000000d6c80000)
  to   space 1536K, 0% used [0x00000000d6c80000,0x00000000d6c80000,0x00000000d6e00000)
 ParOldGen       total 68608K, used 28547K [0x0000000080000000, 0x0000000084300000, 0x00000000d5580000)
  object space 68608K, 41% used [0x0000000080000000,0x0000000081be0d70,0x0000000084300000)
 Metaspace       used 33897K, committed 34944K, reserved 1114112K
  class space    used 3460K, committed 3904K, reserved 1048576K
}
Event: 34.434 GC heap before
{Heap before GC invocations=19 (full 1):
 PSYoungGen      total 23040K, used 5353K [0x00000000d5580000, 0x00000000d6e00000, 0x0000000100000000)
  eden space 20992K, 17% used [0x00000000d5580000,0x00000000d590d0c0,0x00000000d6a00000)
  from space 2048K, 83% used [0x00000000d6a80000,0x00000000d6c2d6a0,0x00000000d6c80000)
  to   space 1536K, 0% used [0x00000000d6c80000,0x00000000d6c80000,0x00000000d6e00000)
 ParOldGen       total 68608K, used 28547K [0x0000000080000000, 0x0000000084300000, 0x00000000d5580000)
  object space 68608K, 41% used [0x0000000080000000,0x0000000081be0d70,0x0000000084300000)
 Metaspace       used 34820K, committed 35840K, reserved 1114112K
  class space    used 3522K, committed 3968K, reserved 1048576K
}
Event: 34.440 GC heap after
{Heap after GC invocations=19 (full 1):
 PSYoungGen      total 21504K, used 256K [0x00000000d5580000, 0x00000000d6d00000, 0x0000000100000000)
  eden space 20992K, 0% used [0x00000000d5580000,0x00000000d5580000,0x00000000d6a00000)
  from space 512K, 50% used [0x00000000d6c80000,0x00000000d6cc0010,0x00000000d6d00000)
  to   space 1024K, 0% used [0x00000000d6b00000,0x00000000d6b00000,0x00000000d6c00000)
 ParOldGen       total 68608K, used 29923K [0x0000000080000000, 0x0000000084300000, 0x00000000d5580000)
  object space 68608K, 43% used [0x0000000080000000,0x0000000081d38ff0,0x0000000084300000)
 Metaspace       used 34820K, committed 35840K, reserved 1114112K
  class space    used 3522K, committed 3968K, reserved 1048576K
}
Event: 34.440 GC heap before
{Heap before GC invocations=20 (full 2):
 PSYoungGen      total 21504K, used 256K [0x00000000d5580000, 0x00000000d6d00000, 0x0000000100000000)
  eden space 20992K, 0% used [0x00000000d5580000,0x00000000d5580000,0x00000000d6a00000)
  from space 512K, 50% used [0x00000000d6c80000,0x00000000d6cc0010,0x00000000d6d00000)
  to   space 1024K, 0% used [0x00000000d6b00000,0x00000000d6b00000,0x00000000d6c00000)
 ParOldGen       total 68608K, used 29923K [0x0000000080000000, 0x0000000084300000, 0x00000000d5580000)
  object space 68608K, 43% used [0x0000000080000000,0x0000000081d38ff0,0x0000000084300000)
 Metaspace       used 34820K, committed 35840K, reserved 1114112K
  class space    used 3522K, committed 3968K, reserved 1048576K
}
Event: 34.631 GC heap after
{Heap after GC invocations=20 (full 2):
 PSYoungGen      total 21504K, used 0K [0x00000000d5580000, 0x00000000d6d00000, 0x0000000100000000)
  eden space 20992K, 0% used [0x00000000d5580000,0x00000000d5580000,0x00000000d6a00000)
  from space 512K, 0% used [0x00000000d6c80000,0x00000000d6c80000,0x00000000d6d00000)
  to   space 1024K, 0% used [0x00000000d6b00000,0x00000000d6b00000,0x00000000d6c00000)
 ParOldGen       total 68608K, used 28648K [0x0000000080000000, 0x0000000084300000, 0x00000000d5580000)
  object space 68608K, 41% used [0x0000000080000000,0x0000000081bfa300,0x0000000084300000)
 Metaspace       used 34783K, committed 35840K, reserved 1114112K
  class space    used 3512K, committed 3968K, reserved 1048576K
}
Event: 36.732 GC heap before
{Heap before GC invocations=21 (full 2):
 PSYoungGen      total 21504K, used 20992K [0x00000000d5580000, 0x00000000d6d00000, 0x0000000100000000)
  eden space 20992K, 100% used [0x00000000d5580000,0x00000000d6a00000,0x00000000d6a00000)
  from space 512K, 0% used [0x00000000d6c80000,0x00000000d6c80000,0x00000000d6d00000)
  to   space 1024K, 0% used [0x00000000d6b00000,0x00000000d6b00000,0x00000000d6c00000)
 ParOldGen       total 68608K, used 28648K [0x0000000080000000, 0x0000000084300000, 0x00000000d5580000)
  object space 68608K, 41% used [0x0000000080000000,0x0000000081bfa300,0x0000000084300000)
 Metaspace       used 35689K, committed 36736K, reserved 1114112K
  class space    used 3637K, committed 4096K, reserved 1048576K
}
Event: 36.734 GC heap after
{Heap after GC invocations=21 (full 2):
 PSYoungGen      total 22016K, used 416K [0x00000000d5580000, 0x00000000d6d00000, 0x0000000100000000)
  eden space 20992K, 0% used [0x00000000d5580000,0x00000000d5580000,0x00000000d6a00000)
  from space 1024K, 40% used [0x00000000d6b00000,0x00000000d6b68010,0x00000000d6c00000)
  to   space 512K, 0% used [0x00000000d6c80000,0x00000000d6c80000,0x00000000d6d00000)
 ParOldGen       total 68608K, used 28656K [0x0000000080000000, 0x0000000084300000, 0x00000000d5580000)
  object space 68608K, 41% used [0x0000000080000000,0x0000000081bfc300,0x0000000084300000)
 Metaspace       used 35689K, committed 36736K, reserved 1114112K
  class space    used 3637K, committed 4096K, reserved 1048576K
}
Event: 41.156 GC heap before
{Heap before GC invocations=22 (full 2):
 PSYoungGen      total 22016K, used 21408K [0x00000000d5580000, 0x00000000d6d00000, 0x0000000100000000)
  eden space 20992K, 100% used [0x00000000d5580000,0x00000000d6a00000,0x00000000d6a00000)
  from space 1024K, 40% used [0x00000000d6b00000,0x00000000d6b68010,0x00000000d6c00000)
  to   space 512K, 0% used [0x00000000d6c80000,0x00000000d6c80000,0x00000000d6d00000)
 ParOldGen       total 68608K, used 28656K [0x0000000080000000, 0x0000000084300000, 0x00000000d5580000)
  object space 68608K, 41% used [0x0000000080000000,0x0000000081bfc300,0x0000000084300000)
 Metaspace       used 36665K, committed 37696K, reserved 1114112K
  class space    used 3720K, committed 4160K, reserved 1048576K
}
Event: 41.158 GC heap after
{Heap after GC invocations=22 (full 2):
 PSYoungGen      total 21504K, used 495K [0x00000000d5580000, 0x00000000d6d00000, 0x0000000100000000)
  eden space 20992K, 0% used [0x00000000d5580000,0x00000000d5580000,0x00000000d6a00000)
  from space 512K, 96% used [0x00000000d6c80000,0x00000000d6cfbd00,0x00000000d6d00000)
  to   space 1536K, 0% used [0x00000000d6a00000,0x00000000d6a00000,0x00000000d6b80000)
 ParOldGen       total 68608K, used 29417K [0x0000000080000000, 0x0000000084300000, 0x00000000d5580000)
  object space 68608K, 42% used [0x0000000080000000,0x0000000081cba570,0x0000000084300000)
 Metaspace       used 36665K, committed 37696K, reserved 1114112K
  class space    used 3720K, committed 4160K, reserved 1048576K
}
Event: 41.259 GC heap before
{Heap before GC invocations=23 (full 2):
 PSYoungGen      total 21504K, used 21487K [0x00000000d5580000, 0x00000000d6d00000, 0x0000000100000000)
  eden space 20992K, 100% used [0x00000000d5580000,0x00000000d6a00000,0x00000000d6a00000)
  from space 512K, 96% used [0x00000000d6c80000,0x00000000d6cfbd00,0x00000000d6d00000)
  to   space 1536K, 0% used [0x00000000d6a00000,0x00000000d6a00000,0x00000000d6b80000)
 ParOldGen       total 68608K, used 29417K [0x0000000080000000, 0x0000000084300000, 0x00000000d5580000)
  object space 68608K, 42% used [0x0000000080000000,0x0000000081cba570,0x0000000084300000)
 Metaspace       used 36682K, committed 37760K, reserved 1114112K
  class space    used 3720K, committed 4160K, reserved 1048576K
}
Event: 41.260 GC heap after
{Heap after GC invocations=23 (full 2):
 PSYoungGen      total 22528K, used 1449K [0x00000000d5580000, 0x00000000d6d00000, 0x0000000100000000)
  eden space 20992K, 0% used [0x00000000d5580000,0x00000000d5580000,0x00000000d6a00000)
  from space 1536K, 94% used [0x00000000d6a00000,0x00000000d6b6a7e0,0x00000000d6b80000)
  to   space 1536K, 0% used [0x00000000d6b80000,0x00000000d6b80000,0x00000000d6d00000)
 ParOldGen       total 68608K, used 29736K [0x0000000080000000, 0x0000000084300000, 0x00000000d5580000)
  object space 68608K, 43% used [0x0000000080000000,0x0000000081d0a0e8,0x0000000084300000)
 Metaspace       used 36682K, committed 37760K, reserved 1114112K
  class space    used 3720K, committed 4160K, reserved 1048576K
}
Event: 45.047 GC heap before
{Heap before GC invocations=24 (full 2):
 PSYoungGen      total 22528K, used 22441K [0x00000000d5580000, 0x00000000d6d00000, 0x0000000100000000)
  eden space 20992K, 100% used [0x00000000d5580000,0x00000000d6a00000,0x00000000d6a00000)
  from space 1536K, 94% used [0x00000000d6a00000,0x00000000d6b6a7e0,0x00000000d6b80000)
  to   space 1536K, 0% used [0x00000000d6b80000,0x00000000d6b80000,0x00000000d6d00000)
 ParOldGen       total 68608K, used 29736K [0x0000000080000000, 0x0000000084300000, 0x00000000d5580000)
  object space 68608K, 43% used [0x0000000080000000,0x0000000081d0a0e8,0x0000000084300000)
 Metaspace       used 39009K, committed 40064K, reserved 1114112K
  class space    used 3956K, committed 4416K, reserved 1048576K
}
Event: 45.051 GC heap after
{Heap after GC invocations=24 (full 2):
 PSYoungGen      total 22528K, used 831K [0x00000000d5580000, 0x00000000d6d00000, 0x0000000100000000)
  eden space 20992K, 0% used [0x00000000d5580000,0x00000000d5580000,0x00000000d6a00000)
  from space 1536K, 54% used [0x00000000d6b80000,0x00000000d6c4fe58,0x00000000d6d00000)
  to   space 1536K, 0% used [0x00000000d6a00000,0x00000000d6a00000,0x00000000d6b80000)
 ParOldGen       total 68608K, used 30226K [0x0000000080000000, 0x0000000084300000, 0x00000000d5580000)
  object space 68608K, 44% used [0x0000000080000000,0x0000000081d84a60,0x0000000084300000)
 Metaspace       used 39009K, committed 40064K, reserved 1114112K
  class space    used 3956K, committed 4416K, reserved 1048576K
}

Dll operation events (10 events):
Event: 0.049 Loaded shared library c:\Users\bhask\.vscode\extensions\redhat.java-1.50.0-win32-x64\jre\21.0.9-win32-x86_64\bin\java.dll
Event: 0.282 Loaded shared library c:\Users\bhask\.vscode\extensions\redhat.java-1.50.0-win32-x64\jre\21.0.9-win32-x86_64\bin\zip.dll
Event: 0.351 Loaded shared library C:\Users\bhask\.vscode\extensions\redhat.java-1.50.0-win32-x64\jre\21.0.9-win32-x86_64\bin\instrument.dll
Event: 0.359 Loaded shared library C:\Users\bhask\.vscode\extensions\redhat.java-1.50.0-win32-x64\jre\21.0.9-win32-x86_64\bin\net.dll
Event: 0.366 Loaded shared library C:\Users\bhask\.vscode\extensions\redhat.java-1.50.0-win32-x64\jre\21.0.9-win32-x86_64\bin\nio.dll
Event: 0.370 Loaded shared library C:\Users\bhask\.vscode\extensions\redhat.java-1.50.0-win32-x64\jre\21.0.9-win32-x86_64\bin\zip.dll
Event: 0.416 Loaded shared library C:\Users\bhask\.vscode\extensions\redhat.java-1.50.0-win32-x64\jre\21.0.9-win32-x86_64\bin\jimage.dll
Event: 0.597 Loaded shared library c:\Users\bhask\.vscode\extensions\redhat.java-1.50.0-win32-x64\jre\21.0.9-win32-x86_64\bin\verify.dll
Event: 4.797 Loaded shared library C:\Users\bhask\AppData\Roaming\Code\User\globalStorage\redhat.java\1.50.0\config_ss_win\org.eclipse.equinox.launcher\org.eclipse.equinox.launcher.win32.win32.x86_64_1.2.1400.v20250801-0854\eclipse_11916.dll
Event: 11.715 Loaded shared library C:\Users\bhask\AppData\Local\Temp\jna-93700211\jna13071011676591319500.dll

Deoptimization events (20 events):
Event: 43.891 Thread 0x000002adc674ce40 Uncommon trap: trap_request=0xffffffde fr.pc=0x000002adf3a8fa2c relative=0x000000000000060c
Event: 43.891 Thread 0x000002adc674ce40 Uncommon trap: reason=class_check action=maybe_recompile pc=0x000002adf3a8fa2c method=java.util.regex.Pattern$CharPropertyGreedy.match(Ljava/util/regex/Matcher;ILjava/lang/CharSequence;)Z @ 113 c2
Event: 43.891 Thread 0x000002adc674ce40 DEOPT PACKING pc=0x000002adf3a8fa2c sp=0x000000c8928fddf0
Event: 43.891 Thread 0x000002adc674ce40 DEOPT UNPACKING pc=0x000002adf3533aa2 sp=0x000000c8928fdd80 mode 2
Event: 43.891 Thread 0x000002adc674ce40 Uncommon trap: trap_request=0xffffffde fr.pc=0x000002adf3a8fa2c relative=0x000000000000060c
Event: 43.891 Thread 0x000002adc674ce40 Uncommon trap: reason=class_check action=maybe_recompile pc=0x000002adf3a8fa2c method=java.util.regex.Pattern$CharPropertyGreedy.match(Ljava/util/regex/Matcher;ILjava/lang/CharSequence;)Z @ 113 c2
Event: 43.891 Thread 0x000002adc674ce40 DEOPT PACKING pc=0x000002adf3a8fa2c sp=0x000000c8928fddf0
Event: 43.891 Thread 0x000002adc674ce40 DEOPT UNPACKING pc=0x000002adf3533aa2 sp=0x000000c8928fdd80 mode 2
Event: 43.891 Thread 0x000002adc674ce40 Uncommon trap: trap_request=0xffffffde fr.pc=0x000002adf3a8fa2c relative=0x000000000000060c
Event: 43.891 Thread 0x000002adc674ce40 Uncommon trap: reason=class_check action=maybe_recompile pc=0x000002adf3a8fa2c method=java.util.regex.Pattern$CharPropertyGreedy.match(Ljava/util/regex/Matcher;ILjava/lang/CharSequence;)Z @ 113 c2
Event: 43.891 Thread 0x000002adc674ce40 DEOPT PACKING pc=0x000002adf3a8fa2c sp=0x000000c8928fddf0
Event: 43.891 Thread 0x000002adc674ce40 DEOPT UNPACKING pc=0x000002adf3533aa2 sp=0x000000c8928fdd80 mode 2
Event: 45.404 Thread 0x000002adc674ce40 Uncommon trap: trap_request=0xffffff45 fr.pc=0x000002adf3ca72f8 relative=0x0000000000000638
Event: 45.404 Thread 0x000002adc674ce40 Uncommon trap: reason=unstable_if action=reinterpret pc=0x000002adf3ca72f8 method=java.util.ArrayList.equals(Ljava/lang/Object;)Z @ 27 c2
Event: 45.404 Thread 0x000002adc674ce40 DEOPT PACKING pc=0x000002adf3ca72f8 sp=0x000000c8928fe5c0
Event: 45.404 Thread 0x000002adc674ce40 DEOPT UNPACKING pc=0x000002adf3533aa2 sp=0x000000c8928fe588 mode 2
Event: 45.752 Thread 0x000002adc674fc30 Uncommon trap: trap_request=0xffffff45 fr.pc=0x000002adf3d4669c relative=0x000000000000213c
Event: 45.752 Thread 0x000002adc674fc30 Uncommon trap: reason=unstable_if action=reinterpret pc=0x000002adf3d4669c method=org.eclipse.jdt.internal.compiler.parser.Scanner.getNextToken0()Lorg/eclipse/jdt/internal/compiler/parser/TerminalToken; @ 1655 c2
Event: 45.752 Thread 0x000002adc674fc30 DEOPT PACKING pc=0x000002adf3d4669c sp=0x000000c8929fe960
Event: 45.752 Thread 0x000002adc674fc30 DEOPT UNPACKING pc=0x000002adf3533aa2 sp=0x000000c8929fe8a8 mode 2

Classes loaded (20 events):
Event: 29.139 Loading class java/lang/invoke/MethodHandleImpl$CountingWrapper$1
Event: 29.139 Loading class java/lang/invoke/MethodHandleImpl$CountingWrapper$1 done
Event: 32.083 Loading class java/lang/ExceptionInInitializerError
Event: 32.084 Loading class java/lang/ExceptionInInitializerError done
Event: 33.680 Loading class sun/misc/Unsafe
Event: 33.681 Loading class sun/misc/Unsafe done
Event: 35.657 Loading class java/util/Vector$1
Event: 35.658 Loading class java/util/Vector$1 done
Event: 37.859 Loading class java/util/regex/Pattern$Caret
Event: 37.860 Loading class java/util/regex/Pattern$Caret done
Event: 42.938 Loading class java/util/Hashtable$ValueCollection
Event: 42.940 Loading class java/util/Hashtable$ValueCollection done
Event: 43.584 Loading class java/util/WeakHashMap$KeyIterator
Event: 43.590 Loading class java/util/WeakHashMap$KeyIterator done
Event: 43.618 Loading class java/util/regex/PatternSyntaxException
Event: 43.619 Loading class java/util/regex/PatternSyntaxException done
Event: 45.572 Loading class java/io/FileReader
Event: 45.573 Loading class java/io/FileReader done
Event: 45.583 Loading class java/lang/UnsupportedClassVersionError
Event: 45.583 Loading class java/lang/UnsupportedClassVersionError done

Classes unloaded (20 events):
Event: 34.459 Thread 0x000002adff77e940 Unloading class 0x000002ad813a1000 'java/lang/invoke/LambdaForm$MH+0x000002ad813a1000'
Event: 34.459 Thread 0x000002adff77e940 Unloading class 0x000002ad813a0000 'java/lang/invoke/LambdaForm$MH+0x000002ad813a0000'
Event: 34.459 Thread 0x000002adff77e940 Unloading class 0x000002ad8139f400 'java/lang/invoke/LambdaForm$MH+0x000002ad8139f400'
Event: 34.459 Thread 0x000002adff77e940 Unloading class 0x000002ad8139ec00 'java/lang/invoke/LambdaForm$MH+0x000002ad8139ec00'
Event: 34.459 Thread 0x000002adff77e940 Unloading class 0x000002ad8139e800 'java/lang/invoke/LambdaForm$DMH+0x000002ad8139e800'
Event: 34.459 Thread 0x000002adff77e940 Unloading class 0x000002ad8139e400 'java/lang/invoke/LambdaForm$MH+0x000002ad8139e400'
Event: 34.459 Thread 0x000002adff77e940 Unloading class 0x000002ad8139d800 'java/lang/invoke/LambdaForm$MH+0x000002ad8139d800'
Event: 34.459 Thread 0x000002adff77e940 Unloading class 0x000002ad8139d000 'java/lang/invoke/LambdaForm$MH+0x000002ad8139d000'
Event: 34.459 Thread 0x000002adff77e940 Unloading class 0x000002ad8139c800 'java/lang/invoke/LambdaForm$MH+0x000002ad8139c800'
Event: 34.459 Thread 0x000002adff77e940 Unloading class 0x000002ad8139c400 'java/lang/invoke/LambdaForm$DMH+0x000002ad8139c400'
Event: 34.459 Thread 0x000002adff77e940 Unloading class 0x000002ad8139b800 'java/lang/invoke/LambdaForm$MH+0x000002ad8139b800'
Event: 34.459 Thread 0x000002adff77e940 Unloading class 0x000002ad81398000 'java/lang/invoke/LambdaForm$MH+0x000002ad81398000'
Event: 34.459 Thread 0x000002adff77e940 Unloading class 0x000002ad81397800 'java/lang/invoke/LambdaForm$MH+0x000002ad81397800'
Event: 34.459 Thread 0x000002adff77e940 Unloading class 0x000002ad81397000 'java/lang/invoke/LambdaForm$MH+0x000002ad81397000'
Event: 34.459 Thread 0x000002adff77e940 Unloading class 0x000002ad81396800 'java/lang/invoke/LambdaForm$MH+0x000002ad81396800'
Event: 34.459 Thread 0x000002adff77e940 Unloading class 0x000002ad81396000 'java/lang/invoke/LambdaForm$MH+0x000002ad81396000'
Event: 34.459 Thread 0x000002adff77e940 Unloading class 0x000002ad81395c00 'java/lang/invoke/LambdaForm$MH+0x000002ad81395c00'
Event: 34.459 Thread 0x000002adff77e940 Unloading class 0x000002ad81395400 'java/lang/invoke/LambdaForm$MH+0x000002ad81395400'
Event: 34.459 Thread 0x000002adff77e940 Unloading class 0x000002ad81394c00 'java/lang/invoke/LambdaForm$MH+0x000002ad81394c00'
Event: 34.459 Thread 0x000002adff77e940 Unloading class 0x000002ad81394000 'java/lang/invoke/LambdaForm$DMH+0x000002ad81394000'

Classes redefined (0 events):
No events

Internal exceptions (20 events):
Event: 26.943 Thread 0x000002adc674db60 Exception <a 'java/lang/NoSuchMethodError'{0x00000000d64f73f0}: 'int java.lang.invoke.DirectMethodHandle$Holder.invokeStaticInit(java.lang.Object, long, long)'> (0x00000000d64f73f0) 
thrown [s\src\hotspot\share\interpreter\linkResolver.cpp, line 773]
Event: 26.944 Thread 0x000002adc674db60 Exception <a 'java/lang/NoSuchMethodError'{0x00000000d64fe280}: 'int java.lang.invoke.DirectMethodHandle$Holder.invokeStaticInit(java.lang.Object, float, float)'> (0x00000000d64fe280) 
thrown [s\src\hotspot\share\interpreter\linkResolver.cpp, line 773]
Event: 26.945 Thread 0x000002adc674db60 Exception <a 'java/lang/NoSuchMethodError'{0x00000000d6504ec0}: 'int java.lang.invoke.DirectMethodHandle$Holder.invokeStaticInit(java.lang.Object, double, double)'> (0x00000000d6504ec0) 
thrown [s\src\hotspot\share\interpreter\linkResolver.cpp, line 773]
Event: 26.945 Thread 0x000002adc674db60 Exception <a 'java/lang/NoSuchMethodError'{0x00000000d65097e8}: 'int java.lang.invoke.DirectMethodHandle$Holder.invokeStatic(java.lang.Object, long)'> (0x00000000d65097e8) 
thrown [s\src\hotspot\share\interpreter\linkResolver.cpp, line 773]
Event: 26.950 Thread 0x000002adc674db60 Exception <a 'java/lang/NoSuchMethodError'{0x00000000d6534198}: 'int java.lang.invoke.Invokers$Holder.linkToTargetMethod(java.lang.Object, java.lang.Object)'> (0x00000000d6534198) 
thrown [s\src\hotspot\share\interpreter\linkResolver.cpp, line 773]
Event: 26.950 Thread 0x000002adc674fc30 Exception <a 'java/lang/NoSuchMethodError'{0x00000000d653ad10}: 'int java.lang.invoke.Invokers$Holder.linkToTargetMethod(java.lang.Object, java.lang.Object)'> (0x00000000d653ad10) 
thrown [s\src\hotspot\share\interpreter\linkResolver.cpp, line 773]
Event: 27.530 Thread 0x000002adc674ce40 Exception <a 'java/lang/NoSuchMethodError'{0x00000000d5ae0ee8}: 'int java.lang.invoke.DirectMethodHandle$Holder.invokeSpecial(java.lang.Object, java.lang.Object, java.lang.Object, java.lang.Object)'> (0x00000000d5ae0ee8) 
thrown [s\src\hotspot\share\interpreter\linkResolver.cpp, line 773]
Event: 27.535 Thread 0x000002adc674db60 Exception <a 'java/lang/NoSuchMethodError'{0x00000000d5b09380}: 'java.lang.Object java.lang.invoke.DirectMethodHandle$Holder.invokeStatic(java.lang.Object, int, java.lang.Object, java.lang.Object)'> (0x00000000d5b09380) 
thrown [s\src\hotspot\share\interpreter\linkResolver.cpp, line 773]
Event: 27.536 Thread 0x000002adc674ce40 Exception <a 'java/lang/NoSuchMethodError'{0x00000000d5aeb288}: 'java.lang.Object java.lang.invoke.DirectMethodHandle$Holder.invokeStatic(java.lang.Object, int, java.lang.Object, java.lang.Object)'> (0x00000000d5aeb288) 
thrown [s\src\hotspot\share\interpreter\linkResolver.cpp, line 773]
Event: 27.536 Thread 0x000002adc674ce40 Exception <a 'java/lang/NoSuchMethodError'{0x00000000d5aeea58}: 'java.lang.Object java.lang.invoke.DelegatingMethodHandle$Holder.delegate(java.lang.Object, int, java.lang.Object, java.lang.Object)'> (0x00000000d5aeea58) 
thrown [s\src\hotspot\share\interpreter\linkResolver.cpp, line 773]
Event: 27.599 Thread 0x000002adc674ce40 Exception <a 'java/lang/NoSuchMethodError'{0x00000000d5b02768}: 'int java.lang.invoke.Invokers$Holder.linkToTargetMethod(java.lang.Object, java.lang.Object, java.lang.Object)'> (0x00000000d5b02768) 
thrown [s\src\hotspot\share\interpreter\linkResolver.cpp, line 773]
Event: 36.895 Thread 0x000002adc674ce40 Implicit null exception at 0x000002adf3c5241d to 0x000002adf3c52edc
Event: 39.251 Thread 0x000002adc674db60 Exception <a 'java/lang/LinkageError'{0x00000000d5cf3378}: loader lombok.launch.ShadowClassLoader @5a29e2a0 attempted duplicate class definition for lombok.launch.PatchFixesHider$ValPortal. (lombok.launch.PatchFixesHider$ValPortal is in unnamed module of loader lombok.launch.ShadowClassLoader @5a29e2a0, parent loader org.eclipse.osgi.internal.loader.EquinoxClassLoader @ff7b50f)> (0x00000000d5cf3378) 
thrown [s\src\hotspot\share\classfile\systemDictionary.cpp, line 1682]
Event: 39.251 Thread 0x000002adc674fc30 Exception <a 'java/lang/LinkageError'{0x00000000d5cc0aa0}: loader lombok.launch.ShadowClassLoader @5a29e2a0 attempted duplicate class definition for lombok.launch.PatchFixesHider$ValPortal. (lombok.launch.PatchFixesHider$ValPortal is in unnamed module of loader lombok.launch.ShadowClassLoader @5a29e2a0, parent loader org.eclipse.osgi.internal.loader.EquinoxClassLoader @ff7b50f)> (0x00000000d5cc0aa0) 
thrown [s\src\hotspot\share\classfile\systemDictionary.cpp, line 1682]
Event: 42.955 Thread 0x000002adc674fc30 Exception <a 'java/lang/LinkageError'{0x00000000d5faec68}: loader lombok.launch.ShadowClassLoader @7e069590 attempted duplicate class definition for lombok.launch.PatchFixesHider$FieldInitializer. (lombok.launch.PatchFixesHider$FieldInitializer is in unnamed module of loader lombok.launch.ShadowClassLoader @7e069590, parent loader org.eclipse.osgi.internal.loader.EquinoxClassLoader @3ca3cff9)> (0x00000000d5faec68) 
thrown [s\src\hotspot\share\classfile\systemDictionary.cpp, line 1682]
Event: 43.524 Thread 0x000002adc674db60 Exception <a 'java/lang/NoSuchMethodError'{0x00000000d60e4890}: 'java.lang.Object java.lang.invoke.DirectMethodHandle$Holder.invokeSpecial(java.lang.Object, java.lang.Object, java.lang.Object, java.lang.Object, int, java.lang.Object, java.lang.Object)'> (0x00000000d60e4890) 
thrown [s\src\hotspot\share\interpreter\linkResolver.cpp, line 773]
Event: 43.524 Thread 0x000002adc674fc30 Exception <a 'java/lang/NoSuchMethodError'{0x00000000d6362670}: 'java.lang.Object java.lang.invoke.DirectMethodHandle$Holder.invokeSpecial(java.lang.Object, java.lang.Object, java.lang.Object, java.lang.Object, int, java.lang.Object, java.lang.Object)'> (0x00000000d6362670) 
thrown [s\src\hotspot\share\interpreter\linkResolver.cpp, line 773]
Event: 44.481 Thread 0x000002adc661c820 Exception <a 'java/lang/NoSuchMethodError'{0x00000000d69b5f60}: 'java.lang.Object java.lang.invoke.DirectMethodHandle$Holder.invokeSpecial(java.lang.Object, java.lang.Object, int, long)'> (0x00000000d69b5f60) 
thrown [s\src\hotspot\share\interpreter\linkResolver.cpp, line 773]
Event: 45.411 Thread 0x000002adc674ce40 Exception <a 'java/lang/IncompatibleClassChangeError'{0x00000000d5678258}: Found class java.lang.Object, but interface was expected> (0x00000000d5678258) 
thrown [s\src\hotspot\share\interpreter\linkResolver.cpp, line 840]
Event: 45.550 Thread 0x000002adc674ce40 Exception <a 'java/lang/IncompatibleClassChangeError'{0x00000000d56993e8}: Found class java.lang.Object, but interface was expected> (0x00000000d56993e8) 
thrown [s\src\hotspot\share\interpreter\linkResolver.cpp, line 840]

ZGC Phase Switch (0 events):
No events

VM Operations (20 events):
Event: 37.742 Executing VM operation: Cleanup
Event: 37.851 Executing VM operation: Cleanup done
Event: 38.859 Executing VM operation: Cleanup
Event: 38.859 Executing VM operation: Cleanup done
Event: 39.860 Executing VM operation: Cleanup
Event: 39.860 Executing VM operation: Cleanup done
Event: 41.156 Executing VM operation: ParallelGCFailedAllocation (Allocation Failure)
Event: 41.158 Executing VM operation: ParallelGCFailedAllocation (Allocation Failure) done
Event: 41.259 Executing VM operation: ParallelGCFailedAllocation (Allocation Failure)
Event: 41.260 Executing VM operation: ParallelGCFailedAllocation (Allocation Failure) done
Event: 42.262 Executing VM operation: Cleanup
Event: 42.361 Executing VM operation: Cleanup done
Event: 42.368 Executing VM operation: HandshakeAllThreads (Deoptimize)
Event: 42.369 Executing VM operation: HandshakeAllThreads (Deoptimize) done
Event: 43.368 Executing VM operation: Cleanup
Event: 43.369 Executing VM operation: Cleanup done
Event: 45.047 Executing VM operation: ParallelGCFailedAllocation (Allocation Failure)
Event: 45.051 Executing VM operation: ParallelGCFailedAllocation (Allocation Failure) done
Event: 45.592 Executing VM operation: HandshakeAllThreads (Deoptimize)
Event: 45.592 Executing VM operation: HandshakeAllThreads (Deoptimize) done

Memory protections (0 events):
No events

Nmethod flushes (20 events):
Event: 34.488 Thread 0x000002adff77e940 flushing  nmethod 0x000002adec2ec310
Event: 34.488 Thread 0x000002adff77e940 flushing  nmethod 0x000002adec305590
Event: 34.488 Thread 0x000002adff77e940 flushing  nmethod 0x000002adec307210
Event: 34.488 Thread 0x000002adff77e940 flushing  nmethod 0x000002adec384590
Event: 34.488 Thread 0x000002adff77e940 flushing  nmethod 0x000002adec3d0190
Event: 34.488 Thread 0x000002adff77e940 flushing  nmethod 0x000002adec3d0e10
Event: 34.488 Thread 0x000002adff77e940 flushing  nmethod 0x000002adec3d1590
Event: 34.488 Thread 0x000002adff77e940 flushing  nmethod 0x000002adec3f6a90
Event: 34.488 Thread 0x000002adff77e940 flushing  nmethod 0x000002adec3f7490
Event: 34.488 Thread 0x000002adff77e940 flushing  nmethod 0x000002adec3fd610
Event: 34.488 Thread 0x000002adff77e940 flushing  nmethod 0x000002adec441690
Event: 34.488 Thread 0x000002adff77e940 flushing  nmethod 0x000002adec45b110
Event: 34.488 Thread 0x000002adff77e940 flushing  nmethod 0x000002adec45ee90
Event: 34.488 Thread 0x000002adff77e940 flushing  nmethod 0x000002adec460290
Event: 34.488 Thread 0x000002adff77e940 flushing  nmethod 0x000002adec49af90
Event: 34.488 Thread 0x000002adff77e940 flushing  nmethod 0x000002adec49b390
Event: 34.488 Thread 0x000002adff77e940 flushing  nmethod 0x000002adec4a4710
Event: 34.488 Thread 0x000002adff77e940 flushing  nmethod 0x000002adec4a6310
Event: 34.488 Thread 0x000002adff77e940 flushing  nmethod 0x000002adec4b2a90
Event: 34.488 Thread 0x000002adff77e940 flushing  nmethod 0x000002adec4b7e10

Events (20 events):
Event: 4.485 Thread 0x000002ade6c070d0 Thread added: 0x000002adc661d540
Event: 4.563 Thread 0x000002ade6c070d0 Thread added: 0x000002adc661e260
Event: 5.206 Thread 0x000002adc661e260 Thread added: 0x000002adc661bb00
Event: 6.227 Thread 0x000002adc661e260 Thread added: 0x000002adc661c190
Event: 11.898 Thread 0x000002adc661e260 Thread added: 0x000002adc661dbd0
Event: 12.343 Thread 0x000002adc661e260 Thread added: 0x000002adc661e8f0
Event: 13.117 Thread 0x000002adc661e260 Thread added: 0x000002adc661c820
Event: 13.149 Thread 0x000002adc661c820 Thread added: 0x000002adc674c7b0
Event: 16.431 Thread 0x000002adc661e260 Thread added: 0x000002adc674e1f0
Event: 19.742 Thread 0x000002adc674e1f0 Thread exited: 0x000002adc674e1f0
Event: 20.713 Thread 0x000002ade6c070d0 Thread added: 0x000002adc67502c0
Event: 20.715 Thread 0x000002ade6c070d0 Thread added: 0x000002adc6752390
Event: 20.715 Thread 0x000002ade6c070d0 Thread added: 0x000002adc674d4d0
Event: 20.715 Thread 0x000002ade6c070d0 Thread added: 0x000002adc6752a20
Event: 20.715 Thread 0x000002ade6c070d0 Thread added: 0x000002adc6751670
Event: 20.860 Thread 0x000002ade6c070d0 Thread added: 0x000002adc67530b0
Event: 21.839 Thread 0x000002ade6c070d0 Thread added: 0x000002adc6751d00
Event: 21.840 Thread 0x000002ade6c070d0 Thread added: 0x000002adc674ce40
Event: 25.552 Thread 0x000002adc674ce40 Thread added: 0x000002adc674fc30
Event: 25.787 Thread 0x000002adc674ce40 Thread added: 0x000002adc674db60


Dynamic libraries:
0x00007ff784bd0000 - 0x00007ff784bde000 	c:\Users\bhask\.vscode\extensions\redhat.java-1.50.0-win32-x64\jre\21.0.9-win32-x86_64\bin\java.exe
0x00007ffa93950000 - 0x00007ffa93b48000 	C:\WINDOWS\SYSTEM32\ntdll.dll
0x00007ffa92720000 - 0x00007ffa927e2000 	C:\WINDOWS\System32\KERNEL32.DLL
0x00007ffa912b0000 - 0x00007ffa915a6000 	C:\WINDOWS\System32\KERNELBASE.dll
0x00007ffa91060000 - 0x00007ffa91160000 	C:\WINDOWS\System32\ucrtbase.dll
0x00007ffa53950000 - 0x00007ffa53968000 	c:\Users\bhask\.vscode\extensions\redhat.java-1.50.0-win32-x64\jre\21.0.9-win32-x86_64\bin\jli.dll
0x00007ffa92e40000 - 0x00007ffa92fe1000 	C:\WINDOWS\System32\USER32.dll
0x00007ffa91280000 - 0x00007ffa912a2000 	C:\WINDOWS\System32\win32u.dll
0x00007ffa92630000 - 0x00007ffa9265b000 	C:\WINDOWS\System32\GDI32.dll
0x00007ffa91160000 - 0x00007ffa91279000 	C:\WINDOWS\System32\gdi32full.dll
0x00007ffa915b0000 - 0x00007ffa9164d000 	C:\WINDOWS\System32\msvcp_win.dll
0x00007ffa53390000 - 0x00007ffa533ae000 	c:\Users\bhask\.vscode\extensions\redhat.java-1.50.0-win32-x64\jre\21.0.9-win32-x86_64\bin\VCRUNTIME140.dll
0x00007ffa778a0000 - 0x00007ffa77b3b000 	C:\WINDOWS\WinSxS\amd64_microsoft.windows.common-controls_6595b64144ccf1df_6.0.19041.6456_none_60b8a6cb71f64256\COMCTL32.dll
0x00007ffa932c0000 - 0x00007ffa9335e000 	C:\WINDOWS\System32\msvcrt.dll
0x00007ffa92c10000 - 0x00007ffa92c3f000 	C:\WINDOWS\System32\IMM32.DLL
0x00007ffa716c0000 - 0x00007ffa716cc000 	c:\Users\bhask\.vscode\extensions\redhat.java-1.50.0-win32-x64\jre\21.0.9-win32-x86_64\bin\vcruntime140_1.dll
0x00007ffa4f0a0000 - 0x00007ffa4f12d000 	c:\Users\bhask\.vscode\extensions\redhat.java-1.50.0-win32-x64\jre\21.0.9-win32-x86_64\bin\msvcp140.dll
0x00007ffa15cf0000 - 0x00007ffa16a90000 	c:\Users\bhask\.vscode\extensions\redhat.java-1.50.0-win32-x64\jre\21.0.9-win32-x86_64\bin\server\jvm.dll
0x00007ffa92660000 - 0x00007ffa92711000 	C:\WINDOWS\System32\ADVAPI32.dll
0x00007ffa91b20000 - 0x00007ffa91bbf000 	C:\WINDOWS\System32\sechost.dll
0x00007ffa93100000 - 0x00007ffa93220000 	C:\WINDOWS\System32\RPCRT4.dll
0x00007ffa91940000 - 0x00007ffa91967000 	C:\WINDOWS\System32\bcrypt.dll
0x00007ffa92dd0000 - 0x00007ffa92e3b000 	C:\WINDOWS\System32\WS2_32.dll
0x00007ffa90e40000 - 0x00007ffa90e8b000 	C:\WINDOWS\SYSTEM32\POWRPROF.dll
0x00007ffa881f0000 - 0x00007ffa88217000 	C:\WINDOWS\SYSTEM32\WINMM.dll
0x00007ffa8a7b0000 - 0x00007ffa8a7ba000 	C:\WINDOWS\SYSTEM32\VERSION.dll
0x00007ffa90e20000 - 0x00007ffa90e32000 	C:\WINDOWS\SYSTEM32\UMPDC.dll
0x00007ffa8ee50000 - 0x00007ffa8ee62000 	C:\WINDOWS\SYSTEM32\kernel.appcore.dll
0x00007ffa773a0000 - 0x00007ffa773aa000 	c:\Users\bhask\.vscode\extensions\redhat.java-1.50.0-win32-x64\jre\21.0.9-win32-x86_64\bin\jimage.dll
0x00007ffa8aeb0000 - 0x00007ffa8b0b1000 	C:\WINDOWS\SYSTEM32\DBGHELP.DLL
0x00007ffa823b0000 - 0x00007ffa823e4000 	C:\WINDOWS\SYSTEM32\dbgcore.DLL
0x00007ffa91800000 - 0x00007ffa91882000 	C:\WINDOWS\System32\bcryptPrimitives.dll
0x00007ffa77390000 - 0x00007ffa7739f000 	c:\Users\bhask\.vscode\extensions\redhat.java-1.50.0-win32-x64\jre\21.0.9-win32-x86_64\bin\instrument.dll
0x00007ffa539b0000 - 0x00007ffa539d0000 	c:\Users\bhask\.vscode\extensions\redhat.java-1.50.0-win32-x64\jre\21.0.9-win32-x86_64\bin\java.dll
0x00007ffa91ec0000 - 0x00007ffa92630000 	C:\WINDOWS\System32\SHELL32.dll
0x00007ffa8f050000 - 0x00007ffa8f7f5000 	C:\WINDOWS\SYSTEM32\windows.storage.dll
0x00007ffa928b0000 - 0x00007ffa92c04000 	C:\WINDOWS\System32\combase.dll
0x00007ffa90930000 - 0x00007ffa9095b000 	C:\WINDOWS\SYSTEM32\Wldp.dll
0x00007ffa91df0000 - 0x00007ffa91ebd000 	C:\WINDOWS\System32\OLEAUT32.dll
0x00007ffa92ff0000 - 0x00007ffa9309d000 	C:\WINDOWS\System32\SHCORE.dll
0x00007ffa92850000 - 0x00007ffa928ab000 	C:\WINDOWS\System32\shlwapi.dll
0x00007ffa90f10000 - 0x00007ffa90f34000 	C:\WINDOWS\SYSTEM32\profapi.dll
0x00007ffa53990000 - 0x00007ffa539a8000 	c:\Users\bhask\.vscode\extensions\redhat.java-1.50.0-win32-x64\jre\21.0.9-win32-x86_64\bin\zip.dll
0x00007ffa70d90000 - 0x00007ffa70da0000 	C:\Users\bhask\.vscode\extensions\redhat.java-1.50.0-win32-x64\jre\21.0.9-win32-x86_64\bin\net.dll
0x00007ffa89810000 - 0x00007ffa8991a000 	C:\WINDOWS\SYSTEM32\WINHTTP.dll
0x00007ffa90690000 - 0x00007ffa906fa000 	C:\WINDOWS\system32\mswsock.dll
0x00007ffa533c0000 - 0x00007ffa533d6000 	C:\Users\bhask\.vscode\extensions\redhat.java-1.50.0-win32-x64\jre\21.0.9-win32-x86_64\bin\nio.dll
0x00007ffa70cd0000 - 0x00007ffa70ce0000 	c:\Users\bhask\.vscode\extensions\redhat.java-1.50.0-win32-x64\jre\21.0.9-win32-x86_64\bin\verify.dll
0x00007ffa77650000 - 0x00007ffa77694000 	C:\Users\bhask\AppData\Roaming\Code\User\globalStorage\redhat.java\1.50.0\config_ss_win\org.eclipse.equinox.launcher\org.eclipse.equinox.launcher.win32.win32.x86_64_1.2.1400.v20250801-0854\eclipse_11916.dll
0x00007ffa91ca0000 - 0x00007ffa91dcb000 	C:\WINDOWS\System32\ole32.dll
0x00007ffa90880000 - 0x00007ffa90898000 	C:\WINDOWS\SYSTEM32\CRYPTSP.dll
0x00007ffa8ffb0000 - 0x00007ffa8ffe8000 	C:\WINDOWS\system32\rsaenh.dll
0x00007ffa90ed0000 - 0x00007ffa90efe000 	C:\WINDOWS\SYSTEM32\USERENV.dll
0x00007ffa908a0000 - 0x00007ffa908ac000 	C:\WINDOWS\SYSTEM32\CRYPTBASE.dll
0x00007ffa90370000 - 0x00007ffa903ab000 	C:\WINDOWS\SYSTEM32\IPHLPAPI.DLL
0x00007ffa91de0000 - 0x00007ffa91de8000 	C:\WINDOWS\System32\NSI.dll
0x00007ffa6c650000 - 0x00007ffa6c699000 	C:\Users\bhask\AppData\Local\Temp\jna-93700211\jna13071011676591319500.dll
0x00007ffa91dd0000 - 0x00007ffa91dd8000 	C:\WINDOWS\System32\PSAPI.DLL
0x00007ffa8a380000 - 0x00007ffa8a397000 	C:\WINDOWS\SYSTEM32\dhcpcsvc6.DLL
0x00007ffa8a4f0000 - 0x00007ffa8a50d000 	C:\WINDOWS\SYSTEM32\dhcpcsvc.DLL

JVMTI agents:
c:\Users\bhask\.vscode\extensions\redhat.java-1.50.0-win32-x64\lombok\lombok-1.18.39-4050.jar path:c:\Users\bhask\.vscode\extensions\redhat.java-1.50.0-win32-x64\jre\21.0.9-win32-x86_64\bin\instrument.dll, loaded, initialized, instrumentlib options:none

dbghelp: loaded successfully - version: 4.0.5 - missing functions: none
symbol engine: initialized successfully - sym options: 0x614 - pdb path: .;c:\Users\bhask\.vscode\extensions\redhat.java-1.50.0-win32-x64\jre\21.0.9-win32-x86_64\bin;C:\WINDOWS\SYSTEM32;C:\WINDOWS\WinSxS\amd64_microsoft.windows.common-controls_6595b64144ccf1df_6.0.19041.6456_none_60b8a6cb71f64256;c:\Users\bhask\.vscode\extensions\redhat.java-1.50.0-win32-x64\jre\21.0.9-win32-x86_64\bin\server;C:\Users\bhask\AppData\Roaming\Code\User\globalStorage\redhat.java\1.50.0\config_ss_win\org.eclipse.equinox.launcher\org.eclipse.equinox.launcher.win32.win32.x86_64_1.2.1400.v20250801-0854;C:\Users\bhask\AppData\Local\Temp\jna-93700211

VM Arguments:
jvm_args: --add-modules=ALL-SYSTEM --add-opens=java.base/java.util=ALL-UNNAMED --add-opens=java.base/java.lang=ALL-UNNAMED --add-opens=java.base/sun.nio.fs=ALL-UNNAMED -Declipse.application=org.eclipse.jdt.ls.core.id1 -Dosgi.bundles.defaultStartLevel=4 -Declipse.product=org.eclipse.jdt.ls.core.product -Djava.import.generatesMetadataFilesAtProjectRoot=false -DDetectVMInstallationsJob.disabled=true -Dfile.encoding=utf8 -XX:+UseParallelGC -XX:GCTimeRatio=4 -XX:AdaptiveSizePolicyWeight=90 -Dsun.zip.disableMemoryMapping=true -Xmx2G -Xms100m -Xlog:disable -javaagent:c:\Users\bhask\.vscode\extensions\redhat.java-1.50.0-win32-x64\lombok\lombok-1.18.39-4050.jar 
java_command: c:\Users\bhask\.vscode\extensions\redhat.java-1.50.0-win32-x64\server\plugins\org.eclipse.equinox.launcher_1.7.100.v20251111-0406.jar -configuration c:\Users\bhask\AppData\Roaming\Code\User\globalStorage\redhat.java\1.50.0\config_ss_win -data c:\Users\bhask\AppData\Roaming\Code\User\workspaceStorage\1c11ea6f38bf8f6ff63283db01e0a255\redhat.java\ss_ws --pipe=\\.\pipe\lsp-9d811e06bb31b8e8c04da204bf62f7f8-sock
java_class_path (initial): c:\Users\bhask\.vscode\extensions\redhat.java-1.50.0-win32-x64\server\plugins\org.eclipse.equinox.launcher_1.7.100.v20251111-0406.jar
Launcher Type: SUN_STANDARD

[Global flags]
    uintx AdaptiveSizePolicyWeight                 = 90                                        {product} {command line}
     intx CICompilerCount                          = 3                                         {product} {ergonomic}
    uintx GCTimeRatio                              = 4                                         {product} {command line}
   size_t InitialHeapSize                          = 104857600                                 {product} {command line}
   size_t MaxHeapSize                              = 2147483648                                {product} {command line}
   size_t MaxNewSize                               = 715653120                                 {product} {ergonomic}
   size_t MinHeapDeltaBytes                        = 524288                                    {product} {ergonomic}
   size_t MinHeapSize                              = 104857600                                 {product} {command line}
   size_t NewSize                                  = 34603008                                  {product} {ergonomic}
    uintx NonNMethodCodeHeapSize                   = 5832780                                {pd product} {ergonomic}
    uintx NonProfiledCodeHeapSize                  = 122912730                              {pd product} {ergonomic}
   size_t OldSize                                  = 70254592                                  {product} {ergonomic}
    uintx ProfiledCodeHeapSize                     = 122912730                              {pd product} {ergonomic}
    uintx ReservedCodeCacheSize                    = 251658240                              {pd product} {ergonomic}
     bool SegmentedCodeCache                       = true                                      {product} {ergonomic}
   size_t SoftMaxHeapSize                          = 2147483648                             {manageable} {ergonomic}
     bool UseCompressedOops                        = true                           {product lp64_product} {ergonomic}
     bool UseLargePagesIndividualAllocation        = false                                  {pd product} {ergonomic}
     bool UseParallelGC                            = true                                      {product} {command line}

Logging:
Log output configuration:
 #0: stdout all=off uptime,level,tags foldmultilines=false
 #1: stderr all=off uptime,level,tags foldmultilines=false

Release file:
JAVA_VERSION="21.0.9" 
MODULES="java.base java.compiler java.datatransfer java.xml java.prefs java.desktop java.instrument java.logging java.management java.security.sasl java.naming java.rmi java.management.rmi java.net.http java.scripting java.security.jgss java.transaction.xa java.sql java.sql.rowset java.xml.crypto java.se java.smartcardio jdk.accessibility jdk.internal.jvmstat jdk.attach jdk.charsets jdk.internal.opt jdk.zipfs jdk.compiler jdk.crypto.ec jdk.crypto.cryptoki jdk.crypto.mscapi jdk.dynalink jdk.internal.ed jdk.editpad jdk.hotspot.agent jdk.httpserver jdk.internal.le jdk.internal.vm.ci jdk.internal.vm.compiler jdk.internal.vm.compiler.management jdk.jartool jdk.javadoc jdk.jcmd jdk.management jdk.management.agent jdk.jconsole jdk.jdeps jdk.jdwp.agent jdk.jdi jdk.jfr jdk.jshell jdk.jsobject jdk.jstatd jdk.localedata jdk.management.jfr jdk.naming.dns jdk.naming.rmi jdk.net jdk.nio.mapmode jdk.random jdk.sctp jdk.security.auth jdk.security.jgss jdk.unsupported jdk.unsupported.desktop jdk.xml.dom" 

Environment Variables:
JAVA_HOME=C:\Program Files\Java\jdk-23.0.2
PATH=C:\Program Files\Python311\Scripts\;C:\Program Files\Python311\;C:\WINDOWS\system32;C:\WINDOWS;C:\WINDOWS\System32\Wbem;C:\WINDOWS\System32\WindowsPowerShell\v1.0\;C:\WINDOWS\System32\OpenSSH\;C:\Program Files\Java\jdk-23.0.2\bin;C:\Program Files\MySQL\MySQL Server 8.0\bin;C:\Users\bhask\Desktop\LibraryManagementSystem\mysql-9.5.0-winx64\bin;C:\Users\bhask\OneDrive\Desktop\LibraryManagementSystem\studentportal;C:\Program Files\dotnet\;C:\Users\bhask\Downloads\jdk-21.0.8_windows-x64_bin.zip\jdk-21.0.8\bin;C:\Users\bhask\OneDrive\Desktop\LibraryManagementSystem\maven\apache-maven-3.9.6\bin;C:\Program Files\Git\cmd;C:\Users\bhask\OneDrive\Desktop\LibraryManagementSystem\apache-maven-3.9.11\bin;C:\ProgramData\Microsoft\Windows\Start Menu\Programs\Python 3.11;C:\Program Files\Python311\Scripts\;C:\Program Files\Python311\;C:\WINDOWS\system32;C:\WINDOWS;C:\WINDOWS\System32\Wbem;C:\WINDOWS\System32\WindowsPowerShell\v1.0\;C:\WINDOWS\System32\OpenSSH\;C:\Program Files\Java\jdk-23.0.2\bin;C:\Program Files\MySQL\MySQL Server 8.0\bin;C:\Users\bhask\Desktop\LibraryManagementSystem\mysql-9.5.0-winx64\bin;C:\Users\bhask\OneDrive\Desktop\LibraryManagementSystem\studentportal;C:\Program Files\dotnet\;C:\Users\bhask\Downloads\jdk-21.0.8_windows-x64_bin.zip\jdk-21.0.8\bin;C:\Users\bhask\OneDrive\Desktop\LibraryManagementSystem\maven\apache-maven-3.9.6\bin;C:\Program Files\Git\cmd;C:\Users\bhask\OneDrive\Desktop\LibraryManagementSystem\apache-maven-3.9.11\bin;C:\ProgramData\Microsoft\Windows\Start Menu\Programs\Python 3.11;;C:\Users\bhask\OneDrive\Desktop\LibraryManagementSystem\apache-maven-3.9.11\bin;C:\Users\bhask\AppData\Local\Programs\Microsoft VS Code\bin;C:\ProgramData\Microsoft\Windows\Start Menu\Programs\Python 3.11;
USERNAME=bhask
OS=Windows_NT
PROCESSOR_IDENTIFIER=AMD64 Family 23 Model 24 Stepping 1, AuthenticAMD
TMP=C:\Users\bhask\AppData\Local\Temp
TEMP=C:\Users\bhask\AppData\Local\Temp




Periodic native trim disabled

---------------  S Y S T E M  ---------------

OS:
 Windows 10 , 64 bit Build 19041 (10.0.19041.5915)
OS uptime: 1 days 9:13 hours

CPU: total 4 (initial active 4) (4 cores per cpu, 2 threads per core) family 23 model 24 stepping 1 microcode 0x0, cx8, cmov, fxsr, ht, mmx, 3dnowpref, sse, sse2, sse3, ssse3, sse4a, sse4.1, sse4.2, popcnt, lzcnt, tsc, tscinvbit, avx, avx2, aes, clmul, bmi1, bmi2, adx, sha, fma, vzeroupper, clflush, clflushopt, rdtscp, f16c
Processor Information for the first 4 processors :
  Max Mhz: 2600, Current Mhz: 2600, Mhz Limit: 2600

Memory: 4k page, system-wide physical 3285M (130M free)
TotalPageFile size 13525M (AvailPageFile size 0M)
current process WorkingSet (physical memory assigned to process): 145M, peak: 168M
current process commit charge ("private bytes"): 289M, peak: 294M

vm_info: OpenJDK 64-Bit Server VM (21.0.9+10-LTS) for windows-amd64 JRE (21.0.9+10-LTS), built on 2025-10-21T00:00:00Z by "admin" with unknown MS VC++:1942

END.
