#
# There is insufficient memory for the Java Runtime Environment to continue.
# Native memory allocation (malloc) failed to allocate 1629072 bytes. Error detail: Chunk::new
# Possible reasons:
#   The system is out of physical RAM or swap space
#   This process is running with CompressedOops enabled, and the Java Heap may be blocking the growth of the native heap
# Possible solutions:
#   Reduce memory load on the system
#   Increase physical memory or swap space
#   Check if swap backing store is full
#   Decrease Java heap size (-Xmx/-Xms)
#   Decrease number of Java threads
#   Decrease Java thread stack sizes (-Xss)
#   Set larger code cache with -XX:ReservedCodeCacheSize=
#   JVM is running with Unscaled Compressed Oops mode in which the Java heap is
#     placed in the first 4GB address space. The Java Heap base address is the
#     maximum limit for the native heap growth. Please use -XX:HeapBaseMinAddress
#     to set the Java Heap base and to place the Java Heap above 4GB virtual address.
# This output file may be truncated or incomplete.
#
#  Out of Memory Error (arena.cpp:168), pid=15336, tid=4220
#
# JRE version: OpenJDK Runtime Environment Temurin-21.0.9+10 (21.0.9+10) (build 21.0.9+10-LTS)
# Java VM: OpenJDK 64-Bit Server VM Temurin-21.0.9+10 (21.0.9+10-LTS, mixed mode, sharing, tiered, compressed oops, compressed class ptrs, parallel gc, windows-amd64)
# No core dump will be written. Minidumps are not enabled by default on client versions of Windows
#

---------------  S U M M A R Y ------------

Command Line: --add-modules=ALL-SYSTEM --add-opens=java.base/java.util=ALL-UNNAMED --add-opens=java.base/java.lang=ALL-UNNAMED --add-opens=java.base/sun.nio.fs=ALL-UNNAMED -Declipse.application=org.eclipse.jdt.ls.core.id1 -Dosgi.bundles.defaultStartLevel=4 -Declipse.product=org.eclipse.jdt.ls.core.product -Djava.import.generatesMetadataFilesAtProjectRoot=false -DDetectVMInstallationsJob.disabled=true -Dfile.encoding=utf8 -XX:+UseParallelGC -XX:GCTimeRatio=4 -XX:AdaptiveSizePolicyWeight=90 -Dsun.zip.disableMemoryMapping=true -Xmx2G -Xms100m -Xlog:disable -javaagent:c:\Users\bhask\.vscode\extensions\redhat.java-1.50.0-win32-x64\lombok\lombok-1.18.39-4050.jar c:\Users\bhask\.vscode\extensions\redhat.java-1.50.0-win32-x64\server\plugins\org.eclipse.equinox.launcher_1.7.100.v20251111-0406.jar -configuration c:\Users\bhask\AppData\Roaming\Code\User\globalStorage\redhat.java\1.50.0\config_ss_win -data c:\Users\bhask\AppData\Roaming\Code\User\workspaceStorage\1c11ea6f38bf8f6ff63283db01e0a255\redhat.java\ss_ws --pipe=\\.\pipe\lsp-bd5b1b90fd36fa71c7e4897ffaa94866-sock

Host: AMD Ryzen 3 3250U with Radeon Graphics         , 4 cores, 3G,  Windows 10 , 64 bit Build 19041 (10.0.19041.5915)
Time: Mon Dec  1 17:59:28 2025 India Standard Time elapsed time: 14.521666 seconds (0d 0h 0m 14s)

---------------  T H R E A D  ---------------

Current thread (0x00000256207a1f60):  JavaThread "C2 CompilerThread0" daemon [_thread_in_native, id=4220, stack(0x000000cda4a00000,0x000000cda4b00000) (1024K)]


Current CompileTask:
C2:14521 2771       4       org.lombokweb.asm.ClassReader::readMethod (1070 bytes)

Stack: [0x000000cda4a00000,0x000000cda4b00000]
Native frames: (J=compiled Java code, j=interpreted, Vv=VM code, C=native code)
V  [jvm.dll+0x6d6e29]
V  [jvm.dll+0x8b4b76]
V  [jvm.dll+0x8b712e]
V  [jvm.dll+0x8b7813]
V  [jvm.dll+0x283d86]
V  [jvm.dll+0xc66ed]
V  [jvm.dll+0xc6c31]
V  [jvm.dll+0x3be53b]
V  [jvm.dll+0x38ab92]
V  [jvm.dll+0x389fda]
V  [jvm.dll+0x24bfa0]
V  [jvm.dll+0x24b580]
V  [jvm.dll+0x1cb13e]
V  [jvm.dll+0x25b29d]
V  [jvm.dll+0x25982a]
V  [jvm.dll+0x3f7ea6]
V  [jvm.dll+0x85e9ad]
V  [jvm.dll+0x6d565d]
C  [ucrtbase.dll+0x21bb2]
C  [KERNEL32.DLL+0x17374]
C  [ntdll.dll+0x4cc91]


---------------  P R O C E S S  ---------------

Threads class SMR info:
_java_thread_list=0x000002566249f6d0, length=19, elements={
0x0000025609db0ed0, 0x0000025620798140, 0x0000025620799680, 0x000002562079d030,
0x000002562079dc80, 0x00000256207a06e0, 0x00000256207a1130, 0x00000256207a1f60,
0x000002562080ce90, 0x0000025662594ee0, 0x00000256625e0c80, 0x00000256675fa020,
0x00000256674b92b0, 0x00000256674bb920, 0x00000256627d0de0, 0x0000025667367740,
0x000002566742b0d0, 0x0000025662733b30, 0x0000025667186fa0
}

Java Threads: ( => current thread )
  0x0000025609db0ed0 JavaThread "main"                              [_thread_blocked, id=9444, stack(0x000000cda4000000,0x000000cda4100000) (1024K)]
  0x0000025620798140 JavaThread "Reference Handler"          daemon [_thread_blocked, id=13308, stack(0x000000cda4400000,0x000000cda4500000) (1024K)]
  0x0000025620799680 JavaThread "Finalizer"                  daemon [_thread_blocked, id=10380, stack(0x000000cda4500000,0x000000cda4600000) (1024K)]
  0x000002562079d030 JavaThread "Signal Dispatcher"          daemon [_thread_blocked, id=4616, stack(0x000000cda4600000,0x000000cda4700000) (1024K)]
  0x000002562079dc80 JavaThread "Attach Listener"            daemon [_thread_blocked, id=10072, stack(0x000000cda4700000,0x000000cda4800000) (1024K)]
  0x00000256207a06e0 JavaThread "Service Thread"             daemon [_thread_blocked, id=11808, stack(0x000000cda4800000,0x000000cda4900000) (1024K)]
  0x00000256207a1130 JavaThread "Monitor Deflation Thread"   daemon [_thread_blocked, id=2856, stack(0x000000cda4900000,0x000000cda4a00000) (1024K)]
=>0x00000256207a1f60 JavaThread "C2 CompilerThread0"         daemon [_thread_in_native, id=4220, stack(0x000000cda4a00000,0x000000cda4b00000) (1024K)]
  0x000002562080ce90 JavaThread "C1 CompilerThread0"         daemon [_thread_blocked, id=11412, stack(0x000000cda4b00000,0x000000cda4c00000) (1024K)]
  0x0000025662594ee0 JavaThread "Common-Cleaner"             daemon [_thread_blocked, id=14996, stack(0x000000cda4c00000,0x000000cda4d00000) (1024K)]
  0x00000256625e0c80 JavaThread "Notification Thread"        daemon [_thread_blocked, id=9612, stack(0x000000cda4d00000,0x000000cda4e00000) (1024K)]
  0x00000256675fa020 JavaThread "Active Thread: Equinox Container: 809377df-08c7-4d0b-9e1a-c7387380a014"        [_thread_blocked, id=16308, stack(0x000000cda5100000,0x000000cda5200000) (1024K)]
  0x00000256674b92b0 JavaThread "Framework Event Dispatcher: Equinox Container: 809377df-08c7-4d0b-9e1a-c7387380a014" daemon [_thread_blocked, id=2108, stack(0x000000cda5200000,0x000000cda5300000) (1024K)]
  0x00000256674bb920 JavaThread "Start Level: Equinox Container: 809377df-08c7-4d0b-9e1a-c7387380a014" daemon [_thread_in_native, id=7072, stack(0x000000cda5300000,0x000000cda5400000) (1024K)]
  0x00000256627d0de0 JavaThread "SCR Component Actor"        daemon [_thread_blocked, id=11984, stack(0x000000cda5400000,0x000000cda5500000) (1024K)]
  0x0000025667367740 JavaThread "Worker-JM"                         [_thread_blocked, id=12824, stack(0x000000cda5500000,0x000000cda5600000) (1024K)]
  0x000002566742b0d0 JavaThread "JNA Cleaner"                daemon [_thread_blocked, id=10540, stack(0x000000cda5600000,0x000000cda5700000) (1024K)]
  0x0000025662733b30 JavaThread "Worker-0"                          [_thread_blocked, id=12672, stack(0x000000cda5700000,0x000000cda5800000) (1024K)]
  0x0000025667186fa0 JavaThread "Worker-1"                          [_thread_blocked, id=10908, stack(0x000000cda5800000,0x000000cda5900000) (1024K)]
Total: 19

Other Threads:
  0x000002562077c6f0 VMThread "VM Thread"                           [id=13264, stack(0x000000cda4300000,0x000000cda4400000) (1024K)]
  0x00000256206f1c40 WatcherThread "VM Periodic Task Thread"        [id=6152, stack(0x000000cda4200000,0x000000cda4300000) (1024K)]
  0x0000025609dc1750 WorkerThread "GC Thread#0"                     [id=12616, stack(0x000000cda4100000,0x000000cda4200000) (1024K)]
  0x0000025662789c00 WorkerThread "GC Thread#1"                     [id=3772, stack(0x000000cda4e00000,0x000000cda4f00000) (1024K)]
  0x0000025667188770 WorkerThread "GC Thread#2"                     [id=6812, stack(0x000000cda4f00000,0x000000cda5000000) (1024K)]
  0x000002566701a750 WorkerThread "GC Thread#3"                     [id=5268, stack(0x000000cda5000000,0x000000cda5100000) (1024K)]
Total: 6

Threads with active compile tasks:
C2 CompilerThread0  14572 2771       4       org.lombokweb.asm.ClassReader::readMethod (1070 bytes)
Total: 1

VM state: not at safepoint (normal execution)

VM Mutex/Monitor currently owned by a thread: None

Heap address: 0x0000000080000000, size: 2048 MB, Compressed Oops mode: 32-bit

CDS archive(s) mapped at: [0x0000025621000000-0x0000025621ba0000-0x0000025621ba0000), size 12189696, SharedBaseAddress: 0x0000025621000000, ArchiveRelocationMode: 1.
Compressed class space mapped at: 0x0000025622000000-0x0000025662000000, reserved size: 1073741824
Narrow klass base: 0x0000025621000000, Narrow klass shift: 0, Narrow klass range: 0x100000000

GC Precious Log:
 CardTable entry size: 512
 CPUs: 4 total, 4 available
 Memory: 3285M
 Large Page Support: Disabled
 NUMA Support: Disabled
 Compressed Oops: Enabled (32-bit)
 Alignments: Space 512K, Generation 512K, Heap 2M
 Heap Min Capacity: 100M
 Heap Initial Capacity: 100M
 Heap Max Capacity: 2G
 Pre-touch: Disabled
 Parallel Workers: 4

Heap:
 PSYoungGen      total 29696K, used 6781K [0x00000000d5580000, 0x00000000d7780000, 0x0000000100000000)
  eden space 25088K, 27% used [0x00000000d5580000,0x00000000d5c1f758,0x00000000d6e00000)
  from space 4608K, 0% used [0x00000000d7300000,0x00000000d7300000,0x00000000d7780000)
  to   space 4608K, 0% used [0x00000000d6e80000,0x00000000d6e80000,0x00000000d7300000)
 ParOldGen       total 68608K, used 8666K [0x0000000080000000, 0x0000000084300000, 0x00000000d5580000)
  object space 68608K, 12% used [0x0000000080000000,0x00000000808768f0,0x0000000084300000)
 Metaspace       used 21642K, committed 22400K, reserved 1114112K
  class space    used 2124K, committed 2432K, reserved 1048576K

Card table byte_map: [0x0000025609790000,0x0000025609ba0000] _byte_map_base: 0x0000025609390000

Marking Bits: (ParMarkBitMap*) 0x00007ffa4e862460
 Begin Bits: [0x000002561c270000, 0x000002561e270000)
 End Bits:   [0x000002561e270000, 0x0000025620270000)

Polling page: 0x0000025609580000

Metaspace:

Usage:
  Non-class:     19.06 MB used.
      Class:      2.08 MB used.
       Both:     21.13 MB used.

Virtual space:
  Non-class space:       64.00 MB reserved,      19.50 MB ( 30%) committed,  1 nodes.
      Class space:        1.00 GB reserved,       2.38 MB ( <1%) committed,  1 nodes.
             Both:        1.06 GB reserved,      21.88 MB (  2%) committed. 

Chunk freelists:
   Non-Class:  12.17 MB
       Class:  13.58 MB
        Both:  25.75 MB

MaxMetaspaceSize: unlimited
CompressedClassSpaceSize: 1.00 GB
Initial GC threshold: 21.00 MB
Current GC threshold: 35.00 MB
CDS: on
 - commit_granule_bytes: 65536.
 - commit_granule_words: 8192.
 - virtual_space_node_default_size: 8388608.
 - enlarge_chunks_in_place: 1.
 - use_allocation_guard: 0.


Internal statistics:

num_allocs_failed_limit: 3.
num_arena_births: 508.
num_arena_deaths: 14.
num_vsnodes_births: 2.
num_vsnodes_deaths: 0.
num_space_committed: 350.
num_space_uncommitted: 0.
num_chunks_returned_to_freelist: 17.
num_chunks_taken_from_freelist: 1325.
num_chunk_merges: 9.
num_chunk_splits: 868.
num_chunks_enlarged: 561.
num_inconsistent_stats: 0.

CodeHeap 'non-profiled nmethods': size=120000Kb used=1193Kb max_used=1193Kb free=118806Kb
 bounds [0x0000025614a90000, 0x0000025614d00000, 0x000002561bfc0000]
CodeHeap 'profiled nmethods': size=120000Kb used=5390Kb max_used=5390Kb free=114610Kb
 bounds [0x000002560cfc0000, 0x000002560d510000, 0x00000256144f0000]
CodeHeap 'non-nmethods': size=5760Kb used=1315Kb max_used=1319Kb free=4444Kb
 bounds [0x00000256144f0000, 0x0000025614760000, 0x0000025614a90000]
CodeCache: size=245760Kb, used=7898Kb, max_used=7902Kb, free=237860Kb
 total_blobs=3373, nmethods=2774, adapters=505, full_count=0
Compilation: enabled, stopped_count=0, restarted_count=0

Compilation events (20 events):
Event: 14.086 Thread 0x000002562080ce90 nmethod 2765 0x000002560d4f7910 code [0x000002560d4f7ac0, 0x000002560d4f7cc8]
Event: 14.086 Thread 0x000002562080ce90 2766       3       org.lombokweb.asm.MethodVisitor::visitMethodInsn (80 bytes)
Event: 14.086 Thread 0x000002562080ce90 nmethod 2766 0x000002560d4f7d90 code [0x000002560d4f7f80, 0x000002560d4f8428]
Event: 14.086 Thread 0x000002562080ce90 2767       1       lombok.patcher.MethodLogistics::getReturnOpcode (5 bytes)
Event: 14.086 Thread 0x000002562080ce90 nmethod 2767 0x0000025614bba290 code [0x0000025614bba420, 0x0000025614bba4e8]
Event: 14.087 Thread 0x000002562080ce90 2768       3       org.lombokweb.asm.MethodWriter::visitLabel (332 bytes)
Event: 14.087 Thread 0x00000256207a1f60 2771       4       org.lombokweb.asm.ClassReader::readMethod (1070 bytes)
Event: 14.087 Thread 0x000002562080ce90 nmethod 2768 0x000002560d4f8590 code [0x000002560d4f87e0, 0x000002560d4f90d8]
Event: 14.087 Thread 0x000002562080ce90 2770       3       org.lombokweb.asm.MethodWriter::visitFrame (811 bytes)
Event: 14.090 Thread 0x000002562080ce90 nmethod 2770 0x000002560d4f9310 code [0x000002560d4f9860, 0x000002560d4fbad0]
Event: 14.090 Thread 0x000002562080ce90 2769       3       java.util.ArrayList$SubList::toArray (79 bytes)
Event: 14.091 Thread 0x000002562080ce90 nmethod 2769 0x000002560d4fca10 code [0x000002560d4fcc20, 0x000002560d4fd2e0]
Event: 14.252 Thread 0x000002562080ce90 2772       3       org.lombokweb.asm.SymbolTable::<init> (554 bytes)
Event: 14.256 Thread 0x000002562080ce90 nmethod 2772 0x000002560d4fd510 code [0x000002560d4fdae0, 0x000002560d500478]
Event: 14.256 Thread 0x000002562080ce90 2773       3       org.lombokweb.asm.SymbolTable::hash (14 bytes)
Event: 14.256 Thread 0x000002562080ce90 nmethod 2773 0x000002560d501690 code [0x000002560d501820, 0x000002560d501928]
Event: 14.262 Thread 0x000002562080ce90 2776       3       org.lombokweb.asm.ClassReader::readStackMapFrame (535 bytes)
Event: 14.264 Thread 0x000002562080ce90 nmethod 2776 0x000002560d501990 code [0x000002560d501c40, 0x000002560d502c10]
Event: 14.270 Thread 0x000002562080ce90 2777       3       org.lombokweb.asm.ByteVector::putByteArray (49 bytes)
Event: 14.271 Thread 0x000002562080ce90 nmethod 2777 0x000002560d503210 code [0x000002560d5033e0, 0x000002560d5036a8]

GC Heap History (14 events):
Event: 3.636 GC heap before
{Heap before GC invocations=1 (full 0):
 PSYoungGen      total 29696K, used 25600K [0x00000000d5580000, 0x00000000d7680000, 0x0000000100000000)
  eden space 25600K, 100% used [0x00000000d5580000,0x00000000d6e80000,0x00000000d6e80000)
  from space 4096K, 0% used [0x00000000d7280000,0x00000000d7280000,0x00000000d7680000)
  to   space 4096K, 0% used [0x00000000d6e80000,0x00000000d6e80000,0x00000000d7280000)
 ParOldGen       total 68608K, used 0K [0x0000000080000000, 0x0000000084300000, 0x00000000d5580000)
  object space 68608K, 0% used [0x0000000080000000,0x0000000080000000,0x0000000084300000)
 Metaspace       used 4370K, committed 4608K, reserved 1114112K
  class space    used 474K, committed 576K, reserved 1048576K
}
Event: 3.667 GC heap after
{Heap after GC invocations=1 (full 0):
 PSYoungGen      total 29696K, used 3312K [0x00000000d5580000, 0x00000000d7680000, 0x0000000100000000)
  eden space 25600K, 0% used [0x00000000d5580000,0x00000000d5580000,0x00000000d6e80000)
  from space 4096K, 80% used [0x00000000d6e80000,0x00000000d71bc148,0x00000000d7280000)
  to   space 4096K, 0% used [0x00000000d7280000,0x00000000d7280000,0x00000000d7680000)
 ParOldGen       total 68608K, used 0K [0x0000000080000000, 0x0000000084300000, 0x00000000d5580000)
  object space 68608K, 0% used [0x0000000080000000,0x0000000080000000,0x0000000084300000)
 Metaspace       used 4370K, committed 4608K, reserved 1114112K
  class space    used 474K, committed 576K, reserved 1048576K
}
Event: 6.436 GC heap before
{Heap before GC invocations=2 (full 0):
 PSYoungGen      total 29696K, used 28912K [0x00000000d5580000, 0x00000000d7680000, 0x0000000100000000)
  eden space 25600K, 100% used [0x00000000d5580000,0x00000000d6e80000,0x00000000d6e80000)
  from space 4096K, 80% used [0x00000000d6e80000,0x00000000d71bc148,0x00000000d7280000)
  to   space 4096K, 0% used [0x00000000d7280000,0x00000000d7280000,0x00000000d7680000)
 ParOldGen       total 68608K, used 0K [0x0000000080000000, 0x0000000084300000, 0x00000000d5580000)
  object space 68608K, 0% used [0x0000000080000000,0x0000000080000000,0x0000000084300000)
 Metaspace       used 8254K, committed 8640K, reserved 1114112K
  class space    used 878K, committed 1024K, reserved 1048576K
}
Event: 6.447 GC heap after
{Heap after GC invocations=2 (full 0):
 PSYoungGen      total 29696K, used 4093K [0x00000000d5580000, 0x00000000d7680000, 0x0000000100000000)
  eden space 25600K, 0% used [0x00000000d5580000,0x00000000d5580000,0x00000000d6e80000)
  from space 4096K, 99% used [0x00000000d7280000,0x00000000d767f680,0x00000000d7680000)
  to   space 4096K, 0% used [0x00000000d6e80000,0x00000000d6e80000,0x00000000d7280000)
 ParOldGen       total 68608K, used 892K [0x0000000080000000, 0x0000000084300000, 0x00000000d5580000)
  object space 68608K, 1% used [0x0000000080000000,0x00000000800df030,0x0000000084300000)
 Metaspace       used 8254K, committed 8640K, reserved 1114112K
  class space    used 878K, committed 1024K, reserved 1048576K
}
Event: 8.604 GC heap before
{Heap before GC invocations=3 (full 0):
 PSYoungGen      total 29696K, used 29693K [0x00000000d5580000, 0x00000000d7680000, 0x0000000100000000)
  eden space 25600K, 100% used [0x00000000d5580000,0x00000000d6e80000,0x00000000d6e80000)
  from space 4096K, 99% used [0x00000000d7280000,0x00000000d767f680,0x00000000d7680000)
  to   space 4096K, 0% used [0x00000000d6e80000,0x00000000d6e80000,0x00000000d7280000)
 ParOldGen       total 68608K, used 892K [0x0000000080000000, 0x0000000084300000, 0x00000000d5580000)
  object space 68608K, 1% used [0x0000000080000000,0x00000000800df030,0x0000000084300000)
 Metaspace       used 13093K, committed 13568K, reserved 1114112K
  class space    used 1385K, committed 1600K, reserved 1048576K
}
Event: 8.617 GC heap after
{Heap after GC invocations=3 (full 0):
 PSYoungGen      total 29696K, used 4070K [0x00000000d5580000, 0x00000000d7680000, 0x0000000100000000)
  eden space 25600K, 0% used [0x00000000d5580000,0x00000000d5580000,0x00000000d6e80000)
  from space 4096K, 99% used [0x00000000d6e80000,0x00000000d7279a90,0x00000000d7280000)
  to   space 4096K, 0% used [0x00000000d7280000,0x00000000d7280000,0x00000000d7680000)
 ParOldGen       total 68608K, used 2763K [0x0000000080000000, 0x0000000084300000, 0x00000000d5580000)
  object space 68608K, 4% used [0x0000000080000000,0x00000000802b2f48,0x0000000084300000)
 Metaspace       used 13093K, committed 13568K, reserved 1114112K
  class space    used 1385K, committed 1600K, reserved 1048576K
}
Event: 13.041 GC heap before
{Heap before GC invocations=4 (full 0):
 PSYoungGen      total 29696K, used 29670K [0x00000000d5580000, 0x00000000d7680000, 0x0000000100000000)
  eden space 25600K, 100% used [0x00000000d5580000,0x00000000d6e80000,0x00000000d6e80000)
  from space 4096K, 99% used [0x00000000d6e80000,0x00000000d7279a90,0x00000000d7280000)
  to   space 4096K, 0% used [0x00000000d7280000,0x00000000d7280000,0x00000000d7680000)
 ParOldGen       total 68608K, used 2763K [0x0000000080000000, 0x0000000084300000, 0x00000000d5580000)
  object space 68608K, 4% used [0x0000000080000000,0x00000000802b2f48,0x0000000084300000)
 Metaspace       used 17254K, committed 17984K, reserved 1114112K
  class space    used 1812K, committed 2112K, reserved 1048576K
}
Event: 13.048 GC heap after
{Heap after GC invocations=4 (full 0):
 PSYoungGen      total 29696K, used 4073K [0x00000000d5580000, 0x00000000d7680000, 0x0000000100000000)
  eden space 25600K, 0% used [0x00000000d5580000,0x00000000d5580000,0x00000000d6e80000)
  from space 4096K, 99% used [0x00000000d7280000,0x00000000d767a548,0x00000000d7680000)
  to   space 4096K, 0% used [0x00000000d6e80000,0x00000000d6e80000,0x00000000d7280000)
 ParOldGen       total 68608K, used 4559K [0x0000000080000000, 0x0000000084300000, 0x00000000d5580000)
  object space 68608K, 6% used [0x0000000080000000,0x0000000080473dd8,0x0000000084300000)
 Metaspace       used 17254K, committed 17984K, reserved 1114112K
  class space    used 1812K, committed 2112K, reserved 1048576K
}
Event: 14.077 GC heap before
{Heap before GC invocations=5 (full 0):
 PSYoungGen      total 29696K, used 29673K [0x00000000d5580000, 0x00000000d7680000, 0x0000000100000000)
  eden space 25600K, 100% used [0x00000000d5580000,0x00000000d6e80000,0x00000000d6e80000)
  from space 4096K, 99% used [0x00000000d7280000,0x00000000d767a548,0x00000000d7680000)
  to   space 4096K, 0% used [0x00000000d6e80000,0x00000000d6e80000,0x00000000d7280000)
 ParOldGen       total 68608K, used 4559K [0x0000000080000000, 0x0000000084300000, 0x00000000d5580000)
  object space 68608K, 6% used [0x0000000080000000,0x0000000080473dd8,0x0000000084300000)
 Metaspace       used 20466K, committed 21248K, reserved 1114112K
  class space    used 2030K, committed 2368K, reserved 1048576K
}
Event: 14.083 GC heap after
{Heap after GC invocations=5 (full 0):
 PSYoungGen      total 29184K, used 4076K [0x00000000d5580000, 0x00000000d7800000, 0x0000000100000000)
  eden space 25088K, 0% used [0x00000000d5580000,0x00000000d5580000,0x00000000d6e00000)
  from space 4096K, 99% used [0x00000000d6e80000,0x00000000d727b190,0x00000000d7280000)
  to   space 5120K, 0% used [0x00000000d7300000,0x00000000d7300000,0x00000000d7800000)
 ParOldGen       total 68608K, used 4974K [0x0000000080000000, 0x0000000084300000, 0x00000000d5580000)
  object space 68608K, 7% used [0x0000000080000000,0x00000000804db968,0x0000000084300000)
 Metaspace       used 20466K, committed 21248K, reserved 1114112K
  class space    used 2030K, committed 2368K, reserved 1048576K
}
Event: 14.178 GC heap before
{Heap before GC invocations=6 (full 0):
 PSYoungGen      total 29184K, used 6495K [0x00000000d5580000, 0x00000000d7800000, 0x0000000100000000)
  eden space 25088K, 9% used [0x00000000d5580000,0x00000000d57dcad0,0x00000000d6e00000)
  from space 4096K, 99% used [0x00000000d6e80000,0x00000000d727b190,0x00000000d7280000)
  to   space 5120K, 0% used [0x00000000d7300000,0x00000000d7300000,0x00000000d7800000)
 ParOldGen       total 68608K, used 4974K [0x0000000080000000, 0x0000000084300000, 0x00000000d5580000)
  object space 68608K, 7% used [0x0000000080000000,0x00000000804db968,0x0000000084300000)
 Metaspace       used 20813K, committed 21504K, reserved 1114112K
  class space    used 2067K, committed 2368K, reserved 1048576K
}
Event: 14.183 GC heap after
{Heap after GC invocations=6 (full 0):
 PSYoungGen      total 29696K, used 4230K [0x00000000d5580000, 0x00000000d7780000, 0x0000000100000000)
  eden space 25088K, 0% used [0x00000000d5580000,0x00000000d5580000,0x00000000d6e00000)
  from space 4608K, 91% used [0x00000000d7300000,0x00000000d7721808,0x00000000d7780000)
  to   space 4608K, 0% used [0x00000000d6e80000,0x00000000d6e80000,0x00000000d7300000)
 ParOldGen       total 68608K, used 4982K [0x0000000080000000, 0x0000000084300000, 0x00000000d5580000)
  object space 68608K, 7% used [0x0000000080000000,0x00000000804dd968,0x0000000084300000)
 Metaspace       used 20813K, committed 21504K, reserved 1114112K
  class space    used 2067K, committed 2368K, reserved 1048576K
}
Event: 14.183 GC heap before
{Heap before GC invocations=7 (full 1):
 PSYoungGen      total 29696K, used 4230K [0x00000000d5580000, 0x00000000d7780000, 0x0000000100000000)
  eden space 25088K, 0% used [0x00000000d5580000,0x00000000d5580000,0x00000000d6e00000)
  from space 4608K, 91% used [0x00000000d7300000,0x00000000d7721808,0x00000000d7780000)
  to   space 4608K, 0% used [0x00000000d6e80000,0x00000000d6e80000,0x00000000d7300000)
 ParOldGen       total 68608K, used 4982K [0x0000000080000000, 0x0000000084300000, 0x00000000d5580000)
  object space 68608K, 7% used [0x0000000080000000,0x00000000804dd968,0x0000000084300000)
 Metaspace       used 20813K, committed 21504K, reserved 1114112K
  class space    used 2067K, committed 2368K, reserved 1048576K
}
Event: 14.234 GC heap after
{Heap after GC invocations=7 (full 1):
 PSYoungGen      total 29696K, used 0K [0x00000000d5580000, 0x00000000d7780000, 0x0000000100000000)
  eden space 25088K, 0% used [0x00000000d5580000,0x00000000d5580000,0x00000000d6e00000)
  from space 4608K, 0% used [0x00000000d7300000,0x00000000d7300000,0x00000000d7780000)
  to   space 4608K, 0% used [0x00000000d6e80000,0x00000000d6e80000,0x00000000d7300000)
 ParOldGen       total 68608K, used 8666K [0x0000000080000000, 0x0000000084300000, 0x00000000d5580000)
  object space 68608K, 12% used [0x0000000080000000,0x00000000808768f0,0x0000000084300000)
 Metaspace       used 20800K, committed 21504K, reserved 1114112K
  class space    used 2064K, committed 2368K, reserved 1048576K
}

Dll operation events (10 events):
Event: 0.027 Loaded shared library c:\Users\bhask\.vscode\extensions\redhat.java-1.50.0-win32-x64\jre\21.0.9-win32-x86_64\bin\java.dll
Event: 0.231 Loaded shared library c:\Users\bhask\.vscode\extensions\redhat.java-1.50.0-win32-x64\jre\21.0.9-win32-x86_64\bin\zip.dll
Event: 0.310 Loaded shared library C:\Users\bhask\.vscode\extensions\redhat.java-1.50.0-win32-x64\jre\21.0.9-win32-x86_64\bin\instrument.dll
Event: 0.319 Loaded shared library C:\Users\bhask\.vscode\extensions\redhat.java-1.50.0-win32-x64\jre\21.0.9-win32-x86_64\bin\net.dll
Event: 0.349 Loaded shared library C:\Users\bhask\.vscode\extensions\redhat.java-1.50.0-win32-x64\jre\21.0.9-win32-x86_64\bin\nio.dll
Event: 0.363 Loaded shared library C:\Users\bhask\.vscode\extensions\redhat.java-1.50.0-win32-x64\jre\21.0.9-win32-x86_64\bin\zip.dll
Event: 0.465 Loaded shared library C:\Users\bhask\.vscode\extensions\redhat.java-1.50.0-win32-x64\jre\21.0.9-win32-x86_64\bin\jimage.dll
Event: 0.774 Loaded shared library c:\Users\bhask\.vscode\extensions\redhat.java-1.50.0-win32-x64\jre\21.0.9-win32-x86_64\bin\verify.dll
Event: 6.164 Loaded shared library C:\Users\bhask\AppData\Roaming\Code\User\globalStorage\redhat.java\1.50.0\config_ss_win\org.eclipse.equinox.launcher\org.eclipse.equinox.launcher.win32.win32.x86_64_1.2.1400.v20250801-0854\eclipse_11916.dll
Event: 11.947 Loaded shared library C:\Users\bhask\AppData\Local\Temp\jna-93700211\jna8545924712938803393.dll

Deoptimization events (20 events):
Event: 12.958 Thread 0x00000256674bb920 Uncommon trap: trap_request=0xffffffde fr.pc=0x0000025614b7c294 relative=0x00000000000003b4
Event: 12.958 Thread 0x00000256674bb920 Uncommon trap: reason=class_check action=maybe_recompile pc=0x0000025614b7c294 method=java.util.regex.Pattern$BmpCharPropertyGreedy.match(Ljava/util/regex/Matcher;ILjava/lang/CharSequence;)Z @ 70 c2
Event: 12.958 Thread 0x00000256674bb920 DEOPT PACKING pc=0x0000025614b7c294 sp=0x000000cda53f31f0
Event: 12.958 Thread 0x00000256674bb920 DEOPT UNPACKING pc=0x0000025614543aa2 sp=0x000000cda53f3198 mode 2
Event: 13.049 Thread 0x0000025620798140 Uncommon trap: trap_request=0xffffff45 fr.pc=0x0000025614ba55e4 relative=0x0000000000000044
Event: 13.049 Thread 0x0000025620798140 Uncommon trap: reason=unstable_if action=reinterpret pc=0x0000025614ba55e4 method=java.util.concurrent.locks.AbstractQueuedSynchronizer.signalNext(Ljava/util/concurrent/locks/AbstractQueuedSynchronizer$Node;)V @ 10 c2
Event: 13.049 Thread 0x0000025620798140 DEOPT PACKING pc=0x0000025614ba55e4 sp=0x000000cda44ff1f0
Event: 13.049 Thread 0x0000025620798140 DEOPT UNPACKING pc=0x0000025614543aa2 sp=0x000000cda44ff170 mode 2
Event: 13.149 Thread 0x00000256674bb920 Uncommon trap: trap_request=0xffffff6e fr.pc=0x0000025614bab518 relative=0x0000000000000b98
Event: 13.149 Thread 0x00000256674bb920 Uncommon trap: reason=loop_limit_check action=maybe_recompile pc=0x0000025614bab518 method=java.util.regex.Pattern$StartS.match(Ljava/util/regex/Matcher;ILjava/lang/CharSequence;)Z @ 34 c2
Event: 13.149 Thread 0x00000256674bb920 DEOPT PACKING pc=0x0000025614bab518 sp=0x000000cda53ef280
Event: 13.149 Thread 0x00000256674bb920 DEOPT UNPACKING pc=0x0000025614543aa2 sp=0x000000cda53ef1f0 mode 2
Event: 14.085 Thread 0x00000256674bb920 Uncommon trap: trap_request=0xffffff45 fr.pc=0x0000025614bb93ec relative=0x000000000000014c
Event: 14.085 Thread 0x00000256674bb920 Uncommon trap: reason=unstable_if action=reinterpret pc=0x0000025614bb93ec method=org.lombokweb.asm.ByteVector.putByteArray([BII)Lorg/lombokweb/asm/ByteVector; @ 20 c2
Event: 14.085 Thread 0x00000256674bb920 DEOPT PACKING pc=0x0000025614bb93ec sp=0x000000cda53f28d0
Event: 14.085 Thread 0x00000256674bb920 DEOPT UNPACKING pc=0x0000025614543aa2 sp=0x000000cda53f28a0 mode 2
Event: 14.086 Thread 0x00000256674bb920 Uncommon trap: trap_request=0xffffff45 fr.pc=0x0000025614bb67a4 relative=0x0000000000000364
Event: 14.086 Thread 0x00000256674bb920 Uncommon trap: reason=unstable_if action=reinterpret pc=0x0000025614bb67a4 method=org.lombokweb.asm.Label.resolve([BLorg/lombokweb/asm/ByteVector;I)Z @ 81 c2
Event: 14.086 Thread 0x00000256674bb920 DEOPT PACKING pc=0x0000025614bb67a4 sp=0x000000cda53f2960
Event: 14.086 Thread 0x00000256674bb920 DEOPT UNPACKING pc=0x0000025614543aa2 sp=0x000000cda53f2868 mode 2

Classes loaded (20 events):
Event: 12.949 Loading class java/io/StringReader
Event: 12.949 Loading class java/io/StringReader done
Event: 12.992 Loading class java/util/zip/GZIPOutputStream
Event: 12.992 Loading class java/util/zip/GZIPOutputStream done
Event: 13.004 Loading class java/net/SocketTimeoutException
Event: 13.004 Loading class java/io/InterruptedIOException
Event: 13.004 Loading class java/io/InterruptedIOException done
Event: 13.004 Loading class java/net/SocketTimeoutException done
Event: 13.006 Loading class java/net/SocketException
Event: 13.007 Loading class java/net/SocketException done
Event: 13.007 Loading class java/net/UnknownHostException
Event: 13.007 Loading class java/net/UnknownHostException done
Event: 13.007 Loading class java/net/ProtocolException
Event: 13.007 Loading class java/net/ProtocolException done
Event: 13.050 Loading class java/lang/ThreadLocal$SuppliedThreadLocal
Event: 13.059 Loading class java/lang/ThreadLocal$SuppliedThreadLocal done
Event: 13.076 Loading class java/lang/NegativeArraySizeException
Event: 13.076 Loading class java/lang/NegativeArraySizeException done
Event: 13.077 Loading class java/io/FileWriter
Event: 13.077 Loading class java/io/FileWriter done

Classes unloaded (7 events):
Event: 14.193 Thread 0x000002562077c6f0 Unloading class 0x000002562218d400 'java/lang/invoke/LambdaForm$MH+0x000002562218d400'
Event: 14.193 Thread 0x000002562077c6f0 Unloading class 0x000002562218d000 'java/lang/invoke/LambdaForm$MH+0x000002562218d000'
Event: 14.193 Thread 0x000002562077c6f0 Unloading class 0x000002562218cc00 'java/lang/invoke/LambdaForm$MH+0x000002562218cc00'
Event: 14.193 Thread 0x000002562077c6f0 Unloading class 0x000002562218c800 'java/lang/invoke/LambdaForm$MH+0x000002562218c800'
Event: 14.193 Thread 0x000002562077c6f0 Unloading class 0x000002562218c400 'java/lang/invoke/LambdaForm$BMH+0x000002562218c400'
Event: 14.193 Thread 0x000002562077c6f0 Unloading class 0x000002562218c000 'java/lang/invoke/LambdaForm$DMH+0x000002562218c000'
Event: 14.193 Thread 0x000002562077c6f0 Unloading class 0x000002562218ac00 'java/lang/invoke/LambdaForm$DMH+0x000002562218ac00'

Classes redefined (0 events):
No events

Internal exceptions (20 events):
Event: 12.019 Thread 0x00000256674bb920 Exception <a 'java/lang/NoSuchMethodError'{0x00000000d638b300}: 'void java.lang.invoke.DelegatingMethodHandle$Holder.reinvoke_L(java.lang.Object, java.lang.Object, int)'> (0x00000000d638b300) 
thrown [s\src\hotspot\share\interpreter\linkResolver.cpp, line 773]
Event: 12.020 Thread 0x00000256674bb920 Exception <a 'java/lang/NoSuchMethodError'{0x00000000d6391fe8}: 'int java.lang.invoke.Invokers$Holder.invokeExact_MT(java.lang.Object, java.lang.Object, java.lang.Object)'> (0x00000000d6391fe8) 
thrown [s\src\hotspot\share\interpreter\linkResolver.cpp, line 773]
Event: 12.080 Thread 0x00000256674bb920 Exception <a 'java/lang/NoSuchMethodError'{0x00000000d64845b0}: 'void java.lang.invoke.Invokers$Holder.invokeExact_MT(java.lang.Object, java.lang.Object, int, java.lang.Object)'> (0x00000000d64845b0) 
thrown [s\src\hotspot\share\interpreter\linkResolver.cpp, line 773]
Event: 12.147 Thread 0x00000256674bb920 Exception <a 'java/lang/NoSuchMethodError'{0x00000000d6599f60}: 'java.lang.Object java.lang.invoke.DirectMethodHandle$Holder.invokeSpecial(java.lang.Object, java.lang.Object, java.lang.Object, long, java.lang.Object)'> (0x00000000d6599f60) 
thrown [s\src\hotspot\share\interpreter\linkResolver.cpp, line 773]
Event: 12.148 Thread 0x00000256674bb920 Exception <a 'java/lang/NoSuchMethodError'{0x00000000d65a17a8}: 'java.lang.Object java.lang.invoke.DirectMethodHandle$Holder.newInvokeSpecial(java.lang.Object, java.lang.Object, java.lang.Object, long)'> (0x00000000d65a17a8) 
thrown [s\src\hotspot\share\interpreter\linkResolver.cpp, line 773]
Event: 12.148 Thread 0x00000256674bb920 Exception <a 'java/lang/NoSuchMethodError'{0x00000000d65a5b58}: 'java.lang.Object java.lang.invoke.DirectMethodHandle$Holder.invokeSpecial(java.lang.Object, java.lang.Object, java.lang.Object, java.lang.Object, long)'> (0x00000000d65a5b58) 
thrown [s\src\hotspot\share\interpreter\linkResolver.cpp, line 773]
Event: 12.149 Thread 0x00000256674bb920 Exception <a 'java/lang/NoSuchMethodError'{0x00000000d65a9778}: 'java.lang.Object java.lang.invoke.Invokers$Holder.linkToTargetMethod(java.lang.Object, java.lang.Object, long, java.lang.Object)'> (0x00000000d65a9778) 
thrown [s\src\hotspot\share\interpreter\linkResolver.cpp, line 773]
Event: 12.181 Thread 0x00000256674bb920 Exception <a 'java/lang/NoSuchMethodError'{0x00000000d6601d78}: 'int java.lang.invoke.DirectMethodHandle$Holder.invokeStaticInit(java.lang.Object, java.lang.Object, java.lang.Object)'> (0x00000000d6601d78) 
thrown [s\src\hotspot\share\interpreter\linkResolver.cpp, line 773]
Event: 12.237 Thread 0x00000256674bb920 Exception <a 'java/lang/IncompatibleClassChangeError'{0x00000000d66a4f80}: Found class java.lang.Object, but interface was expected> (0x00000000d66a4f80) 
thrown [s\src\hotspot\share\interpreter\linkResolver.cpp, line 840]
Event: 12.330 Thread 0x00000256674bb920 Exception <a 'java/lang/NoSuchMethodError'{0x00000000d66b7fe8}: 'java.lang.Object java.lang.invoke.DirectMethodHandle$Holder.invokeSpecial(java.lang.Object, java.lang.Object, java.lang.Object, int, java.lang.Object, java.lang.Object)'> (0x00000000d66b7fe8) 
thrown [s\src\hotspot\share\interpreter\linkResolver.cpp, line 773]
Event: 12.333 Thread 0x00000256674bb920 Exception <a 'java/lang/NoSuchMethodError'{0x00000000d66bfdb8}: 'java.lang.Object java.lang.invoke.DirectMethodHandle$Holder.newInvokeSpecial(java.lang.Object, java.lang.Object, java.lang.Object, int, java.lang.Object)'> (0x00000000d66bfdb8) 
thrown [s\src\hotspot\share\interpreter\linkResolver.cpp, line 773]
Event: 12.334 Thread 0x00000256674bb920 Exception <a 'java/lang/NoSuchMethodError'{0x00000000d66c3d38}: 'java.lang.Object java.lang.invoke.DirectMethodHandle$Holder.invokeSpecial(java.lang.Object, java.lang.Object, java.lang.Object, java.lang.Object, int, java.lang.Object)'> (0x00000000d66c3d38) 
thrown [s\src\hotspot\share\interpreter\linkResolver.cpp, line 773]
Event: 12.335 Thread 0x00000256674bb920 Exception <a 'java/lang/NoSuchMethodError'{0x00000000d66c7878}: 'java.lang.Object java.lang.invoke.Invokers$Holder.linkToTargetMethod(java.lang.Object, java.lang.Object, int, java.lang.Object, java.lang.Object)'> (0x00000000d66c7878) 
thrown [s\src\hotspot\share\interpreter\linkResolver.cpp, line 773]
Event: 12.337 Thread 0x0000025662733b30 Exception <a 'java/lang/NoSuchMethodError'{0x00000000d662eba8}: 'java.lang.Object java.lang.invoke.DirectMethodHandle$Holder.invokeSpecial(java.lang.Object, java.lang.Object, int, java.lang.Object, java.lang.Object)'> (0x00000000d662eba8) 
thrown [s\src\hotspot\share\interpreter\linkResolver.cpp, line 773]
Event: 12.342 Thread 0x0000025662733b30 Exception <a 'java/lang/NoSuchMethodError'{0x00000000d66358e0}: 'java.lang.Object java.lang.invoke.DirectMethodHandle$Holder.newInvokeSpecial(java.lang.Object, java.lang.Object, int, java.lang.Object)'> (0x00000000d66358e0) 
thrown [s\src\hotspot\share\interpreter\linkResolver.cpp, line 773]
Event: 12.343 Thread 0x0000025662733b30 Exception <a 'java/lang/NoSuchMethodError'{0x00000000d66391c0}: 'java.lang.Object java.lang.invoke.DirectMethodHandle$Holder.invokeSpecial(java.lang.Object, java.lang.Object, java.lang.Object, int, java.lang.Object)'> (0x00000000d66391c0) 
thrown [s\src\hotspot\share\interpreter\linkResolver.cpp, line 773]
Event: 12.441 Thread 0x00000256674bb920 Exception <a 'java/lang/NoSuchMethodError'{0x00000000d67e6d38}: 'void java.lang.invoke.DirectMethodHandle$Holder.invokeSpecial(java.lang.Object, java.lang.Object, java.lang.Object, java.lang.Object, java.lang.Object)'> (0x00000000d67e6d38) 
thrown [s\src\hotspot\share\interpreter\linkResolver.cpp, line 773]
Event: 12.861 Thread 0x00000256674bb920 Exception <a 'java/lang/NoSuchMethodError'{0x00000000d6abb808}: 'double java.lang.invoke.DirectMethodHandle$Holder.invokeStatic(java.lang.Object, java.lang.Object)'> (0x00000000d6abb808) 
thrown [s\src\hotspot\share\interpreter\linkResolver.cpp, line 773]
Event: 12.862 Thread 0x00000256674bb920 Exception <a 'java/lang/NoSuchMethodError'{0x00000000d6abeec8}: 'double java.lang.invoke.DirectMethodHandle$Holder.invokeStaticInit(java.lang.Object, java.lang.Object)'> (0x00000000d6abeec8) 
thrown [s\src\hotspot\share\interpreter\linkResolver.cpp, line 773]
Event: 14.085 Thread 0x00000256674bb920 Implicit null exception at 0x0000025614bb92f5 to 0x0000025614bb93d0

ZGC Phase Switch (0 events):
No events

VM Operations (20 events):
Event: 8.826 Executing VM operation: HandshakeAllThreads (Deoptimize)
Event: 8.826 Executing VM operation: HandshakeAllThreads (Deoptimize) done
Event: 8.832 Executing VM operation: HandshakeAllThreads (Deoptimize)
Event: 8.832 Executing VM operation: HandshakeAllThreads (Deoptimize) done
Event: 8.883 Executing VM operation: HandshakeAllThreads (Deoptimize)
Event: 8.883 Executing VM operation: HandshakeAllThreads (Deoptimize) done
Event: 9.893 Executing VM operation: Cleanup
Event: 9.893 Executing VM operation: Cleanup done
Event: 11.975 Executing VM operation: HandshakeAllThreads (Deoptimize)
Event: 11.976 Executing VM operation: HandshakeAllThreads (Deoptimize) done
Event: 12.985 Executing VM operation: Cleanup
Event: 12.985 Executing VM operation: Cleanup done
Event: 13.040 Executing VM operation: ParallelGCFailedAllocation (Allocation Failure)
Event: 13.048 Executing VM operation: ParallelGCFailedAllocation (Allocation Failure) done
Event: 14.049 Executing VM operation: Cleanup
Event: 14.049 Executing VM operation: Cleanup done
Event: 14.077 Executing VM operation: ParallelGCFailedAllocation (Allocation Failure)
Event: 14.084 Executing VM operation: ParallelGCFailedAllocation (Allocation Failure) done
Event: 14.178 Executing VM operation: CollectForMetadataAllocation (Metadata GC Threshold)
Event: 14.234 Executing VM operation: CollectForMetadataAllocation (Metadata GC Threshold) done

Memory protections (0 events):
No events

Nmethod flushes (0 events):
No events

Events (19 events):
Event: 0.069 Thread 0x0000025609db0ed0 Thread added: 0x0000025609db0ed0
Event: 0.109 Thread 0x0000025609db0ed0 Thread added: 0x0000025620798140
Event: 0.109 Thread 0x0000025609db0ed0 Thread added: 0x0000025620799680
Event: 0.110 Thread 0x0000025609db0ed0 Thread added: 0x000002562079d030
Event: 0.110 Thread 0x0000025609db0ed0 Thread added: 0x000002562079dc80
Event: 0.110 Thread 0x0000025609db0ed0 Thread added: 0x00000256207a06e0
Event: 0.110 Thread 0x0000025609db0ed0 Thread added: 0x00000256207a1130
Event: 0.110 Thread 0x0000025609db0ed0 Thread added: 0x00000256207a1f60
Event: 0.114 Thread 0x0000025609db0ed0 Thread added: 0x000002562080ce90
Event: 0.314 Thread 0x0000025609db0ed0 Thread added: 0x0000025662594ee0
Event: 1.462 Thread 0x0000025609db0ed0 Thread added: 0x00000256625e0c80
Event: 5.168 Thread 0x0000025609db0ed0 Thread added: 0x00000256675fa020
Event: 6.112 Thread 0x0000025609db0ed0 Thread added: 0x00000256674b92b0
Event: 6.118 Thread 0x0000025609db0ed0 Thread added: 0x00000256674bb920
Event: 7.010 Thread 0x00000256674bb920 Thread added: 0x00000256627d0de0
Event: 8.057 Thread 0x00000256674bb920 Thread added: 0x0000025667367740
Event: 12.041 Thread 0x00000256674bb920 Thread added: 0x000002566742b0d0
Event: 12.164 Thread 0x00000256674bb920 Thread added: 0x0000025662733b30
Event: 12.343 Thread 0x00000256674bb920 Thread added: 0x0000025667186fa0


Dynamic libraries:
0x00007ff6bd600000 - 0x00007ff6bd60e000 	c:\Users\bhask\.vscode\extensions\redhat.java-1.50.0-win32-x64\jre\21.0.9-win32-x86_64\bin\java.exe
0x00007ffa93950000 - 0x00007ffa93b48000 	C:\WINDOWS\SYSTEM32\ntdll.dll
0x00007ffa92720000 - 0x00007ffa927e2000 	C:\WINDOWS\System32\KERNEL32.DLL
0x00007ffa912b0000 - 0x00007ffa915a6000 	C:\WINDOWS\System32\KERNELBASE.dll
0x00007ffa91060000 - 0x00007ffa91160000 	C:\WINDOWS\System32\ucrtbase.dll
0x00007ffa8e170000 - 0x00007ffa8e188000 	c:\Users\bhask\.vscode\extensions\redhat.java-1.50.0-win32-x64\jre\21.0.9-win32-x86_64\bin\jli.dll
0x00007ffa92e40000 - 0x00007ffa92fe1000 	C:\WINDOWS\System32\USER32.dll
0x00007ffa91280000 - 0x00007ffa912a2000 	C:\WINDOWS\System32\win32u.dll
0x00007ffa92630000 - 0x00007ffa9265b000 	C:\WINDOWS\System32\GDI32.dll
0x00007ffa87bb0000 - 0x00007ffa87bce000 	c:\Users\bhask\.vscode\extensions\redhat.java-1.50.0-win32-x64\jre\21.0.9-win32-x86_64\bin\VCRUNTIME140.dll
0x00007ffa91160000 - 0x00007ffa91279000 	C:\WINDOWS\System32\gdi32full.dll
0x00007ffa915b0000 - 0x00007ffa9164d000 	C:\WINDOWS\System32\msvcp_win.dll
0x00007ffa778a0000 - 0x00007ffa77b3b000 	C:\WINDOWS\WinSxS\amd64_microsoft.windows.common-controls_6595b64144ccf1df_6.0.19041.6456_none_60b8a6cb71f64256\COMCTL32.dll
0x00007ffa932c0000 - 0x00007ffa9335e000 	C:\WINDOWS\System32\msvcrt.dll
0x00007ffa92c10000 - 0x00007ffa92c3f000 	C:\WINDOWS\System32\IMM32.DLL
0x00007ffa8e160000 - 0x00007ffa8e16c000 	c:\Users\bhask\.vscode\extensions\redhat.java-1.50.0-win32-x64\jre\21.0.9-win32-x86_64\bin\vcruntime140_1.dll
0x00007ffa773a0000 - 0x00007ffa7742d000 	c:\Users\bhask\.vscode\extensions\redhat.java-1.50.0-win32-x64\jre\21.0.9-win32-x86_64\bin\msvcp140.dll
0x00007ffa4dba0000 - 0x00007ffa4e940000 	c:\Users\bhask\.vscode\extensions\redhat.java-1.50.0-win32-x64\jre\21.0.9-win32-x86_64\bin\server\jvm.dll
0x00007ffa92660000 - 0x00007ffa92711000 	C:\WINDOWS\System32\ADVAPI32.dll
0x00007ffa91b20000 - 0x00007ffa91bbf000 	C:\WINDOWS\System32\sechost.dll
0x00007ffa93100000 - 0x00007ffa93220000 	C:\WINDOWS\System32\RPCRT4.dll
0x00007ffa91940000 - 0x00007ffa91967000 	C:\WINDOWS\System32\bcrypt.dll
0x00007ffa92dd0000 - 0x00007ffa92e3b000 	C:\WINDOWS\System32\WS2_32.dll
0x00007ffa90e40000 - 0x00007ffa90e8b000 	C:\WINDOWS\SYSTEM32\POWRPROF.dll
0x00007ffa881f0000 - 0x00007ffa88217000 	C:\WINDOWS\SYSTEM32\WINMM.dll
0x00007ffa8a7b0000 - 0x00007ffa8a7ba000 	C:\WINDOWS\SYSTEM32\VERSION.dll
0x00007ffa90e20000 - 0x00007ffa90e32000 	C:\WINDOWS\SYSTEM32\UMPDC.dll
0x00007ffa8ee50000 - 0x00007ffa8ee62000 	C:\WINDOWS\SYSTEM32\kernel.appcore.dll
0x00007ffa87d40000 - 0x00007ffa87d4a000 	c:\Users\bhask\.vscode\extensions\redhat.java-1.50.0-win32-x64\jre\21.0.9-win32-x86_64\bin\jimage.dll
0x00007ffa8aeb0000 - 0x00007ffa8b0b1000 	C:\WINDOWS\SYSTEM32\DBGHELP.DLL
0x00007ffa823b0000 - 0x00007ffa823e4000 	C:\WINDOWS\SYSTEM32\dbgcore.DLL
0x00007ffa91800000 - 0x00007ffa91882000 	C:\WINDOWS\System32\bcryptPrimitives.dll
0x00007ffa87d10000 - 0x00007ffa87d1f000 	c:\Users\bhask\.vscode\extensions\redhat.java-1.50.0-win32-x64\jre\21.0.9-win32-x86_64\bin\instrument.dll
0x00007ffa81910000 - 0x00007ffa81930000 	c:\Users\bhask\.vscode\extensions\redhat.java-1.50.0-win32-x64\jre\21.0.9-win32-x86_64\bin\java.dll
0x00007ffa91ec0000 - 0x00007ffa92630000 	C:\WINDOWS\System32\SHELL32.dll
0x00007ffa8f050000 - 0x00007ffa8f7f5000 	C:\WINDOWS\SYSTEM32\windows.storage.dll
0x00007ffa928b0000 - 0x00007ffa92c04000 	C:\WINDOWS\System32\combase.dll
0x00007ffa90930000 - 0x00007ffa9095b000 	C:\WINDOWS\SYSTEM32\Wldp.dll
0x00007ffa91df0000 - 0x00007ffa91ebd000 	C:\WINDOWS\System32\OLEAUT32.dll
0x00007ffa92ff0000 - 0x00007ffa9309d000 	C:\WINDOWS\System32\SHCORE.dll
0x00007ffa92850000 - 0x00007ffa928ab000 	C:\WINDOWS\System32\shlwapi.dll
0x00007ffa90f10000 - 0x00007ffa90f34000 	C:\WINDOWS\SYSTEM32\profapi.dll
0x00007ffa7d890000 - 0x00007ffa7d8a8000 	c:\Users\bhask\.vscode\extensions\redhat.java-1.50.0-win32-x64\jre\21.0.9-win32-x86_64\bin\zip.dll
0x00007ffa87c50000 - 0x00007ffa87c60000 	C:\Users\bhask\.vscode\extensions\redhat.java-1.50.0-win32-x64\jre\21.0.9-win32-x86_64\bin\net.dll
0x00007ffa89810000 - 0x00007ffa8991a000 	C:\WINDOWS\SYSTEM32\WINHTTP.dll
0x00007ffa90690000 - 0x00007ffa906fa000 	C:\WINDOWS\system32\mswsock.dll
0x00007ffa7d620000 - 0x00007ffa7d636000 	C:\Users\bhask\.vscode\extensions\redhat.java-1.50.0-win32-x64\jre\21.0.9-win32-x86_64\bin\nio.dll
0x00007ffa819e0000 - 0x00007ffa819f0000 	c:\Users\bhask\.vscode\extensions\redhat.java-1.50.0-win32-x64\jre\21.0.9-win32-x86_64\bin\verify.dll
0x00007ffa6d7f0000 - 0x00007ffa6d834000 	C:\Users\bhask\AppData\Roaming\Code\User\globalStorage\redhat.java\1.50.0\config_ss_win\org.eclipse.equinox.launcher\org.eclipse.equinox.launcher.win32.win32.x86_64_1.2.1400.v20250801-0854\eclipse_11916.dll
0x00007ffa91ca0000 - 0x00007ffa91dcb000 	C:\WINDOWS\System32\ole32.dll
0x00007ffa90880000 - 0x00007ffa90898000 	C:\WINDOWS\SYSTEM32\CRYPTSP.dll
0x00007ffa8ffb0000 - 0x00007ffa8ffe8000 	C:\WINDOWS\system32\rsaenh.dll
0x00007ffa90ed0000 - 0x00007ffa90efe000 	C:\WINDOWS\SYSTEM32\USERENV.dll
0x00007ffa908a0000 - 0x00007ffa908ac000 	C:\WINDOWS\SYSTEM32\CRYPTBASE.dll
0x00007ffa90370000 - 0x00007ffa903ab000 	C:\WINDOWS\SYSTEM32\IPHLPAPI.DLL
0x00007ffa91de0000 - 0x00007ffa91de8000 	C:\WINDOWS\System32\NSI.dll
0x00007ffa6c250000 - 0x00007ffa6c299000 	C:\Users\bhask\AppData\Local\Temp\jna-93700211\jna8545924712938803393.dll
0x00007ffa91dd0000 - 0x00007ffa91dd8000 	C:\WINDOWS\System32\PSAPI.DLL

JVMTI agents:
c:\Users\bhask\.vscode\extensions\redhat.java-1.50.0-win32-x64\lombok\lombok-1.18.39-4050.jar path:c:\Users\bhask\.vscode\extensions\redhat.java-1.50.0-win32-x64\jre\21.0.9-win32-x86_64\bin\instrument.dll, loaded, initialized, instrumentlib options:none

dbghelp: loaded successfully - version: 4.0.5 - missing functions: none
symbol engine: initialized successfully - sym options: 0x614 - pdb path: .;c:\Users\bhask\.vscode\extensions\redhat.java-1.50.0-win32-x64\jre\21.0.9-win32-x86_64\bin;C:\WINDOWS\SYSTEM32;C:\WINDOWS\WinSxS\amd64_microsoft.windows.common-controls_6595b64144ccf1df_6.0.19041.6456_none_60b8a6cb71f64256;c:\Users\bhask\.vscode\extensions\redhat.java-1.50.0-win32-x64\jre\21.0.9-win32-x86_64\bin\server;C:\Users\bhask\AppData\Roaming\Code\User\globalStorage\redhat.java\1.50.0\config_ss_win\org.eclipse.equinox.launcher\org.eclipse.equinox.launcher.win32.win32.x86_64_1.2.1400.v20250801-0854;C:\Users\bhask\AppData\Local\Temp\jna-93700211

VM Arguments:
jvm_args: --add-modules=ALL-SYSTEM --add-opens=java.base/java.util=ALL-UNNAMED --add-opens=java.base/java.lang=ALL-UNNAMED --add-opens=java.base/sun.nio.fs=ALL-UNNAMED -Declipse.application=org.eclipse.jdt.ls.core.id1 -Dosgi.bundles.defaultStartLevel=4 -Declipse.product=org.eclipse.jdt.ls.core.product -Djava.import.generatesMetadataFilesAtProjectRoot=false -DDetectVMInstallationsJob.disabled=true -Dfile.encoding=utf8 -XX:+UseParallelGC -XX:GCTimeRatio=4 -XX:AdaptiveSizePolicyWeight=90 -Dsun.zip.disableMemoryMapping=true -Xmx2G -Xms100m -Xlog:disable -javaagent:c:\Users\bhask\.vscode\extensions\redhat.java-1.50.0-win32-x64\lombok\lombok-1.18.39-4050.jar 
java_command: c:\Users\bhask\.vscode\extensions\redhat.java-1.50.0-win32-x64\server\plugins\org.eclipse.equinox.launcher_1.7.100.v20251111-0406.jar -configuration c:\Users\bhask\AppData\Roaming\Code\User\globalStorage\redhat.java\1.50.0\config_ss_win -data c:\Users\bhask\AppData\Roaming\Code\User\workspaceStorage\1c11ea6f38bf8f6ff63283db01e0a255\redhat.java\ss_ws --pipe=\\.\pipe\lsp-bd5b1b90fd36fa71c7e4897ffaa94866-sock
java_class_path (initial): c:\Users\bhask\.vscode\extensions\redhat.java-1.50.0-win32-x64\server\plugins\org.eclipse.equinox.launcher_1.7.100.v20251111-0406.jar
Launcher Type: SUN_STANDARD

[Global flags]
    uintx AdaptiveSizePolicyWeight                 = 90                                        {product} {command line}
     intx CICompilerCount                          = 3                                         {product} {ergonomic}
    uintx GCTimeRatio                              = 4                                         {product} {command line}
   size_t InitialHeapSize                          = 104857600                                 {product} {command line}
   size_t MaxHeapSize                              = 2147483648                                {product} {command line}
   size_t MaxNewSize                               = 715653120                                 {product} {ergonomic}
   size_t MinHeapDeltaBytes                        = 524288                                    {product} {ergonomic}
   size_t MinHeapSize                              = 104857600                                 {product} {command line}
   size_t NewSize                                  = 34603008                                  {product} {ergonomic}
    uintx NonNMethodCodeHeapSize                   = 5832780                                {pd product} {ergonomic}
    uintx NonProfiledCodeHeapSize                  = 122912730                              {pd product} {ergonomic}
   size_t OldSize                                  = 70254592                                  {product} {ergonomic}
    uintx ProfiledCodeHeapSize                     = 122912730                              {pd product} {ergonomic}
    uintx ReservedCodeCacheSize                    = 251658240                              {pd product} {ergonomic}
     bool SegmentedCodeCache                       = true                                      {product} {ergonomic}
   size_t SoftMaxHeapSize                          = 2147483648                             {manageable} {ergonomic}
     bool UseCompressedOops                        = true                           {product lp64_product} {ergonomic}
     bool UseLargePagesIndividualAllocation        = false                                  {pd product} {ergonomic}
     bool UseParallelGC                            = true                                      {product} {command line}

Logging:
Log output configuration:
 #0: stdout all=off uptime,level,tags foldmultilines=false
 #1: stderr all=off uptime,level,tags foldmultilines=false

Release file:
JAVA_VERSION="21.0.9" 
MODULES="java.base java.compiler java.datatransfer java.xml java.prefs java.desktop java.instrument java.logging java.management java.security.sasl java.naming java.rmi java.management.rmi java.net.http java.scripting java.security.jgss java.transaction.xa java.sql java.sql.rowset java.xml.crypto java.se java.smartcardio jdk.accessibility jdk.internal.jvmstat jdk.attach jdk.charsets jdk.internal.opt jdk.zipfs jdk.compiler jdk.crypto.ec jdk.crypto.cryptoki jdk.crypto.mscapi jdk.dynalink jdk.internal.ed jdk.editpad jdk.hotspot.agent jdk.httpserver jdk.internal.le jdk.internal.vm.ci jdk.internal.vm.compiler jdk.internal.vm.compiler.management jdk.jartool jdk.javadoc jdk.jcmd jdk.management jdk.management.agent jdk.jconsole jdk.jdeps jdk.jdwp.agent jdk.jdi jdk.jfr jdk.jshell jdk.jsobject jdk.jstatd jdk.localedata jdk.management.jfr jdk.naming.dns jdk.naming.rmi jdk.net jdk.nio.mapmode jdk.random jdk.sctp jdk.security.auth jdk.security.jgss jdk.unsupported jdk.unsupported.desktop jdk.xml.dom" 

Environment Variables:
JAVA_HOME=C:\Program Files\Java\jdk-23.0.2
PATH=C:\WINDOWS\system32;C:\WINDOWS;C:\WINDOWS\System32\Wbem;C:\WINDOWS\System32\WindowsPowerShell\v1.0\;C:\WINDOWS\System32\OpenSSH\;C:\Program Files\Java\jdk-23.0.2\bin;C:\Program Files\MySQL\MySQL Server 8.0\bin;C:\Users\bhask\Desktop\LibraryManagementSystem\mysql-9.5.0-winx64\bin;C:\Users\bhask\OneDrive\Desktop\LibraryManagementSystem\studentportal;C:\Program Files\dotnet\;C:\Users\bhask\Downloads\jdk-21.0.8_windows-x64_bin.zip\jdk-21.0.8\bin;C:\Users\bhask\OneDrive\Desktop\LibraryManagementSystem\maven\apache-maven-3.9.6\bin;C:\Program Files\Git\cmd;C:\Users\bhask\OneDrive\Desktop\LibraryManagementSystem\apache-maven-3.9.11\bin;C:\WINDOWS\system32;C:\WINDOWS;C:\WINDOWS\System32\Wbem;C:\WINDOWS\System32\WindowsPowerShell\v1.0\;C:\WINDOWS\System32\OpenSSH\;C:\Program Files\Java\jdk-23.0.2\bin;C:\Program Files\MySQL\MySQL Server 8.0\bin;C:\Users\bhask\Desktop\LibraryManagementSystem\mysql-9.5.0-winx64\bin;C:\Users\bhask\OneDrive\Desktop\LibraryManagementSystem\studentportal;C:\Program Files\dotnet\;C:\Users\bhask\Downloads\jdk-21.0.8_windows-x64_bin.zip\jdk-21.0.8\bin;C:\Users\bhask\OneDrive\Desktop\LibraryManagementSystem\maven\apache-maven-3.9.6\bin;C:\Program Files\Git\cmd;C:\Users\bhask\OneDrive\Desktop\LibraryManagementSystem\apache-maven-3.9.11\bin;;C:\Users\bhask\OneDrive\Desktop\LibraryManagementSystem\apache-maven-3.9.11\bin;C:\Users\bhask\AppData\Local\Programs\Microsoft VS Code\bin
USERNAME=bhask
OS=Windows_NT
PROCESSOR_IDENTIFIER=AMD64 Family 23 Model 24 Stepping 1, AuthenticAMD
TMP=C:\Users\bhask\AppData\Local\Temp
TEMP=C:\Users\bhask\AppData\Local\Temp




Periodic native trim disabled

---------------  S Y S T E M  ---------------

OS:
 Windows 10 , 64 bit Build 19041 (10.0.19041.5915)
OS uptime: 0 days 4:31 hours

CPU: total 4 (initial active 4) (4 cores per cpu, 2 threads per core) family 23 model 24 stepping 1 microcode 0x0, cx8, cmov, fxsr, ht, mmx, 3dnowpref, sse, sse2, sse3, ssse3, sse4a, sse4.1, sse4.2, popcnt, lzcnt, tsc, tscinvbit, avx, avx2, aes, clmul, bmi1, bmi2, adx, sha, fma, vzeroupper, clflush, clflushopt, rdtscp, f16c
Processor Information for the first 4 processors :
  Max Mhz: 2600, Current Mhz: 2600, Mhz Limit: 2600

Memory: 4k page, system-wide physical 3285M (117M free)
TotalPageFile size 13525M (AvailPageFile size 1M)
current process WorkingSet (physical memory assigned to process): 139M, peak: 139M
current process commit charge ("private bytes"): 266M, peak: 267M

vm_info: OpenJDK 64-Bit Server VM (21.0.9+10-LTS) for windows-amd64 JRE (21.0.9+10-LTS), built on 2025-10-21T00:00:00Z by "admin" with unknown MS VC++:1942

END.
