#
# There is insufficient memory for the Java Runtime Environment to continue.
# Native memory allocation (malloc) failed to allocate 1048576 bytes. Error detail: AllocateHeap
# Possible reasons:
#   The system is out of physical RAM or swap space
#   This process is running with CompressedOops enabled, and the Java Heap may be blocking the growth of the native heap
# Possible solutions:
#   Reduce memory load on the system
#   Increase physical memory or swap space
#   Check if swap backing store is full
#   Decrease Java heap size (-Xmx/-Xms)
#   Decrease number of Java threads
#   Decrease Java thread stack sizes (-Xss)
#   Set larger code cache with -XX:ReservedCodeCacheSize=
#   JVM is running with Unscaled Compressed Oops mode in which the Java heap is
#     placed in the first 4GB address space. The Java Heap base address is the
#     maximum limit for the native heap growth. Please use -XX:HeapBaseMinAddress
#     to set the Java Heap base and to place the Java Heap above 4GB virtual address.
# This output file may be truncated or incomplete.
#
#  Out of Memory Error (allocation.cpp:44), pid=16568, tid=16376
#
# JRE version: OpenJDK Runtime Environment Temurin-21.0.9+10 (21.0.9+10) (build 21.0.9+10-LTS)
# Java VM: OpenJDK 64-Bit Server VM Temurin-21.0.9+10 (21.0.9+10-LTS, mixed mode, sharing, tiered, compressed oops, compressed class ptrs, parallel gc, windows-amd64)
# No core dump will be written. Minidumps are not enabled by default on client versions of Windows
#

---------------  S U M M A R Y ------------

Command Line: --add-modules=ALL-SYSTEM --add-opens=java.base/java.util=ALL-UNNAMED --add-opens=java.base/java.lang=ALL-UNNAMED --add-opens=java.base/sun.nio.fs=ALL-UNNAMED -Declipse.application=org.eclipse.jdt.ls.core.id1 -Dosgi.bundles.defaultStartLevel=4 -Declipse.product=org.eclipse.jdt.ls.core.product -Djava.import.generatesMetadataFilesAtProjectRoot=false -DDetectVMInstallationsJob.disabled=true -Dfile.encoding=utf8 -XX:+UseParallelGC -XX:GCTimeRatio=4 -XX:AdaptiveSizePolicyWeight=90 -Dsun.zip.disableMemoryMapping=true -Xmx2G -Xms100m -Xlog:disable -javaagent:c:\Users\bhask\.vscode\extensions\redhat.java-1.50.0-win32-x64\lombok\lombok-1.18.39-4050.jar -XX:+HeapDumpOnOutOfMemoryError -XX:HeapDumpPath=c:\Users\bhask\AppData\Roaming\Code\User\workspaceStorage\644635ba96a47f288f27d437283b0775\redhat.java -Daether.dependencyCollector.impl=bf c:\Users\bhask\.vscode\extensions\redhat.java-1.50.0-win32-x64\server\plugins\org.eclipse.equinox.launcher_1.7.100.v20251111-0406.jar -configuration c:\Users\bhask\AppData\Roaming\Code\User\globalStorage\redhat.java\1.50.0\config_win -data c:\Users\bhask\AppData\Roaming\Code\User\workspaceStorage\644635ba96a47f288f27d437283b0775\redhat.java\jdt_ws --pipe=\\.\pipe\lsp-d3ac9c51d62805ba7001fc6878934ce5-sock

Host: AMD Ryzen 3 3250U with Radeon Graphics         , 4 cores, 3G,  Windows 10 , 64 bit Build 19041 (10.0.19041.5915)
Time: Thu Dec  4 19:53:17 2025 India Standard Time elapsed time: 4265.372401 seconds (0d 1h 11m 5s)

---------------  T H R E A D  ---------------

Current thread (0x00000164f21de9a0):  JavaThread "Attach Listener" daemon [_thread_in_vm, id=16376, stack(0x0000006396b00000,0x0000006396c00000) (1024K)]

Stack: [0x0000006396b00000,0x0000006396c00000]
Native frames: (J=compiled Java code, j=interpreted, Vv=VM code, C=native code)
V  [jvm.dll+0x6d6e29]
V  [jvm.dll+0x8b4b76]
V  [jvm.dll+0x8b712e]
V  [jvm.dll+0x8b7813]
V  [jvm.dll+0x283d86]
V  [jvm.dll+0xc1277]
V  [jvm.dll+0x6d76d9]
V  [jvm.dll+0x133466]
V  [jvm.dll+0x3f7ea6]
V  [jvm.dll+0x85e9ad]
V  [jvm.dll+0x6d565d]
C  [ucrtbase.dll+0x21bb2]
C  [KERNEL32.DLL+0x17374]
C  [ntdll.dll+0x4cc91]


---------------  P R O C E S S  ---------------

Threads class SMR info:
_java_thread_list=0x00000164f8574520, length=40, elements={
0x00000164db7f1de0, 0x00000164f21db280, 0x00000164f21dcb80, 0x00000164f21dda90,
0x00000164f21de9a0, 0x00000164f21df8b0, 0x00000164f21e3320, 0x00000164f21e4150,
0x00000164f225bda0, 0x00000164f71146c0, 0x00000164f72f0f90, 0x00000164f7628760,
0x00000164f71f5d70, 0x00000164f790cb40, 0x00000164f7046050, 0x00000164f75decd0,
0x00000164f749d910, 0x00000164f768ce50, 0x00000164f768a060, 0x00000164f768c7c0,
0x00000164f90188f0, 0x00000164f901c400, 0x00000164f901e4d0, 0x00000164f901eb60,
0x00000164f901b6e0, 0x00000164f901a330, 0x00000164f901b050, 0x00000164f901ca90,
0x00000164f768ad80, 0x00000164f87342e0, 0x00000164f9b955a0, 0x00000164f9b95c30,
0x00000164f9b927b0, 0x00000164f9b97d00, 0x00000164f9b91a90, 0x00000164f9b93b60,
0x00000164f9b94f10, 0x00000164f9b91400, 0x00000164f9b941f0, 0x00000164f9b962c0
}

Java Threads: ( => current thread )
  0x00000164db7f1de0 JavaThread "main"                              [_thread_blocked, id=15640, stack(0x0000006396400000,0x0000006396500000) (1024K)]
  0x00000164f21db280 JavaThread "Reference Handler"          daemon [_thread_blocked, id=14628, stack(0x0000006396800000,0x0000006396900000) (1024K)]
  0x00000164f21dcb80 JavaThread "Finalizer"                  daemon [_thread_blocked, id=11844, stack(0x0000006396900000,0x0000006396a00000) (1024K)]
  0x00000164f21dda90 JavaThread "Signal Dispatcher"          daemon [_thread_blocked, id=14988, stack(0x0000006396a00000,0x0000006396b00000) (1024K)]
=>0x00000164f21de9a0 JavaThread "Attach Listener"            daemon [_thread_in_vm, id=16376, stack(0x0000006396b00000,0x0000006396c00000) (1024K)]
  0x00000164f21df8b0 JavaThread "Service Thread"             daemon [_thread_blocked, id=16088, stack(0x0000006396c00000,0x0000006396d00000) (1024K)]
  0x00000164f21e3320 JavaThread "Monitor Deflation Thread"   daemon [_thread_blocked, id=17852, stack(0x0000006396d00000,0x0000006396e00000) (1024K)]
  0x00000164f21e4150 JavaThread "C2 CompilerThread0"         daemon [_thread_blocked, id=17056, stack(0x0000006396e00000,0x0000006396f00000) (1024K)]
  0x00000164f225bda0 JavaThread "C1 CompilerThread0"         daemon [_thread_blocked, id=16604, stack(0x0000006396f00000,0x0000006397000000) (1024K)]
  0x00000164f71146c0 JavaThread "Common-Cleaner"             daemon [_thread_blocked, id=15964, stack(0x0000006397000000,0x0000006397100000) (1024K)]
  0x00000164f72f0f90 JavaThread "Notification Thread"        daemon [_thread_blocked, id=8660, stack(0x0000006397100000,0x0000006397200000) (1024K)]
  0x00000164f7628760 JavaThread "Active Thread: Equinox Container: d0fa761a-dfdb-401e-80ff-1f63a82b40ec"        [_thread_blocked, id=14496, stack(0x0000006397500000,0x0000006397600000) (1024K)]
  0x00000164f71f5d70 JavaThread "Refresh Thread: Equinox Container: d0fa761a-dfdb-401e-80ff-1f63a82b40ec" daemon [_thread_blocked, id=6396, stack(0x0000006397600000,0x0000006397700000) (1024K)]
  0x00000164f790cb40 JavaThread "Framework Event Dispatcher: Equinox Container: d0fa761a-dfdb-401e-80ff-1f63a82b40ec" daemon [_thread_blocked, id=16756, stack(0x0000006397700000,0x0000006397800000) (1024K)]
  0x00000164f7046050 JavaThread "Start Level: Equinox Container: d0fa761a-dfdb-401e-80ff-1f63a82b40ec" daemon [_thread_blocked, id=16672, stack(0x0000006397800000,0x0000006397900000) (1024K)]
  0x00000164f75decd0 JavaThread "Bundle File Closer"         daemon [_thread_blocked, id=11020, stack(0x0000006397900000,0x0000006397a00000) (1024K)]
  0x00000164f749d910 JavaThread "SCR Component Actor"        daemon [_thread_blocked, id=7428, stack(0x0000006396100000,0x0000006396200000) (1024K)]
  0x00000164f768ce50 JavaThread "Worker-JM"                         [_thread_blocked, id=15852, stack(0x0000006396200000,0x0000006396300000) (1024K)]
  0x00000164f768a060 JavaThread "JNA Cleaner"                daemon [_thread_blocked, id=2588, stack(0x0000006397b00000,0x0000006397c00000) (1024K)]
  0x00000164f768c7c0 JavaThread "Java indexing"              daemon [_thread_in_native, id=15616, stack(0x0000006397e00000,0x0000006397f00000) (1024K)]
  0x00000164f90188f0 JavaThread "Thread-1"                   daemon [_thread_in_native, id=2972, stack(0x0000006398400000,0x0000006398500000) (1024K)]
  0x00000164f901c400 JavaThread "Thread-2"                   daemon [_thread_in_native, id=3020, stack(0x0000006398500000,0x0000006398600000) (1024K)]
  0x00000164f901e4d0 JavaThread "Thread-3"                   daemon [_thread_in_native, id=4232, stack(0x0000006398600000,0x0000006398700000) (1024K)]
  0x00000164f901eb60 JavaThread "Thread-4"                   daemon [_thread_in_native, id=3480, stack(0x0000006398700000,0x0000006398800000) (1024K)]
  0x00000164f901b6e0 JavaThread "Thread-5"                   daemon [_thread_in_native, id=8500, stack(0x0000006398800000,0x0000006398900000) (1024K)]
  0x00000164f901a330 JavaThread "pool-2-thread-1"                   [_thread_blocked, id=15564, stack(0x0000006398900000,0x0000006398a00000) (1024K)]
  0x00000164f901b050 JavaThread "WorkspaceEventsHandler"            [_thread_blocked, id=15504, stack(0x0000006398a00000,0x0000006398b00000) (1024K)]
  0x00000164f901ca90 JavaThread "pool-1-thread-1"                   [_thread_blocked, id=2040, stack(0x0000006398b00000,0x0000006398c00000) (1024K)]
  0x00000164f768ad80 JavaThread "Cleaner-0"                  daemon [_thread_blocked, id=6020, stack(0x0000006398c00000,0x0000006398d00000) (1024K)]
  0x00000164f87342e0 JavaThread "Worker-11: Validate documents"        [_thread_blocked, id=19372, stack(0x0000006397f00000,0x0000006398000000) (1024K)]
  0x00000164f9b955a0 JavaThread "Worker-12"                         [_thread_blocked, id=964, stack(0x0000006396300000,0x0000006396400000) (1024K)]
  0x00000164f9b95c30 JavaThread "ForkJoinPool.commonPool-worker-12" daemon [_thread_blocked, id=7832, stack(0x0000006397a00000,0x0000006397b00000) (1024K)]
  0x00000164f9b927b0 JavaThread "ForkJoinPool.commonPool-worker-13" daemon [_thread_blocked, id=5460, stack(0x0000006397c00000,0x0000006397d00000) (1024K)]
  0x00000164f9b97d00 JavaThread "ForkJoinPool.commonPool-worker-14" daemon [_thread_blocked, id=9892, stack(0x0000006397d00000,0x0000006397e00000) (1024K)]
  0x00000164f9b91a90 JavaThread "Worker-13: Building"               [_thread_blocked, id=16736, stack(0x0000006398000000,0x0000006398100000) (1024K)]
  0x00000164f9b93b60 JavaThread "Worker-14: Java indexing... "        [_thread_blocked, id=9284, stack(0x0000006398100000,0x0000006398200000) (1024K)]
  0x00000164f9b94f10 JavaThread "Worker-15"                         [_thread_blocked, id=4944, stack(0x0000006398200000,0x0000006398300000) (1024K)]
  0x00000164f9b91400 JavaThread "Compiler Source File Reader" daemon [_thread_blocked, id=11964, stack(0x0000006398300000,0x0000006398400000) (1024K)]
  0x00000164f9b941f0 JavaThread "Compiler Processing Task"   daemon [_thread_blocked, id=3864, stack(0x0000006398d00000,0x0000006398e00000) (1024K)]
  0x00000164f9b962c0 JavaThread "Compiler Source File Reader" daemon [_thread_blocked, id=14736, stack(0x0000006398e00000,0x0000006398f00000) (1024K)]
Total: 40

Other Threads:
  0x00000164db8af480 VMThread "VM Thread"                           [id=11784, stack(0x0000006396700000,0x0000006396800000) (1024K)]
  0x00000164db85b930 WatcherThread "VM Periodic Task Thread"        [id=5196, stack(0x0000006396600000,0x0000006396700000) (1024K)]
  0x00000164db80ef70 WorkerThread "GC Thread#0"                     [id=5624, stack(0x0000006396500000,0x0000006396600000) (1024K)]
  0x00000164f72bdf00 WorkerThread "GC Thread#1"                     [id=18776, stack(0x0000006397200000,0x0000006397300000) (1024K)]
  0x00000164f72be450 WorkerThread "GC Thread#2"                     [id=380, stack(0x0000006397300000,0x0000006397400000) (1024K)]
  0x00000164f7329f60 WorkerThread "GC Thread#3"                     [id=18688, stack(0x0000006397400000,0x0000006397500000) (1024K)]
Total: 6

Threads with active compile tasks:
C2 CompilerThread0  4265725 17859       4       org.eclipse.jdt.internal.compiler.SourceElementParser::constructTypeReference (765 bytes)
C1 CompilerThread0  4265725 17858       3       org.eclipse.jdt.internal.core.search.indexing.SourceIndexerRequestor::acceptConstructorReference (102 bytes)
Total: 2

VM state: not at safepoint (normal execution)

VM Mutex/Monitor currently owned by a thread: None

Heap address: 0x0000000080000000, size: 2048 MB, Compressed Oops mode: 32-bit

CDS archive(s) mapped at: [0x0000016480000000-0x0000016480ba0000-0x0000016480ba0000), size 12189696, SharedBaseAddress: 0x0000016480000000, ArchiveRelocationMode: 1.
Compressed class space mapped at: 0x0000016481000000-0x00000164c1000000, reserved size: 1073741824
Narrow klass base: 0x0000016480000000, Narrow klass shift: 0, Narrow klass range: 0x100000000

GC Precious Log:
 CardTable entry size: 512
 CPUs: 4 total, 4 available
 Memory: 3285M
 Large Page Support: Disabled
 NUMA Support: Disabled
 Compressed Oops: Enabled (32-bit)
 Alignments: Space 512K, Generation 512K, Heap 2M
 Heap Min Capacity: 100M
 Heap Initial Capacity: 100M
 Heap Max Capacity: 2G
 Pre-touch: Disabled
 Parallel Workers: 4

Heap:
 PSYoungGen      total 6656K, used 655K [0x00000000d5580000, 0x00000000d5e00000, 0x0000000100000000)
  eden space 5120K, 5% used [0x00000000d5580000,0x00000000d55c1668,0x00000000d5a80000)
  from space 1536K, 25% used [0x00000000d5b00000,0x00000000d5b62680,0x00000000d5c80000)
  to   space 512K, 0% used [0x00000000d5d80000,0x00000000d5d80000,0x00000000d5e00000)
 ParOldGen       total 120320K, used 104624K [0x0000000080000000, 0x0000000087580000, 0x00000000d5580000)
  object space 120320K, 86% used [0x0000000080000000,0x000000008662c120,0x0000000087580000)
 Metaspace       used 74963K, committed 76480K, reserved 1179648K
  class space    used 7498K, committed 8192K, reserved 1048576K

Card table byte_map: [0x00000164db1a0000,0x00000164db5b0000] _byte_map_base: 0x00000164dada0000

Marking Bits: (ParMarkBitMap*) 0x00007ffa91952460
 Begin Bits: [0x00000164edcb0000, 0x00000164efcb0000)
 End Bits:   [0x00000164efcb0000, 0x00000164f1cb0000)

Polling page: 0x00000164d95c0000

Metaspace:

Usage:
  Non-class:     65.88 MB used.
      Class:      7.32 MB used.
       Both:     73.21 MB used.

Virtual space:
  Non-class space:      128.00 MB reserved,      66.69 MB ( 52%) committed,  2 nodes.
      Class space:        1.00 GB reserved,       8.00 MB ( <1%) committed,  1 nodes.
             Both:        1.12 GB reserved,      74.69 MB (  6%) committed. 

Chunk freelists:
   Non-Class:  13.00 MB
       Class:  8.09 MB
        Both:  21.10 MB

MaxMetaspaceSize: unlimited
CompressedClassSpaceSize: 1.00 GB
Initial GC threshold: 21.00 MB
Current GC threshold: 123.12 MB
CDS: on
 - commit_granule_bytes: 65536.
 - commit_granule_words: 8192.
 - virtual_space_node_default_size: 8388608.
 - enlarge_chunks_in_place: 1.
 - use_allocation_guard: 0.


Internal statistics:

num_allocs_failed_limit: 9.
num_arena_births: 1468.
num_arena_deaths: 270.
num_vsnodes_births: 3.
num_vsnodes_deaths: 0.
num_space_committed: 1195.
num_space_uncommitted: 0.
num_chunks_returned_to_freelist: 349.
num_chunks_taken_from_freelist: 5320.
num_chunk_merges: 93.
num_chunk_splits: 3089.
num_chunks_enlarged: 1687.
num_inconsistent_stats: 0.

CodeHeap 'non-profiled nmethods': size=120000Kb used=15041Kb max_used=15041Kb free=104958Kb
 bounds [0x00000164e64d0000, 0x00000164e7390000, 0x00000164eda00000]
CodeHeap 'profiled nmethods': size=120000Kb used=40790Kb max_used=40790Kb free=79209Kb
 bounds [0x00000164dea00000, 0x00000164e11e0000, 0x00000164e5f30000]
CodeHeap 'non-nmethods': size=5760Kb used=1457Kb max_used=1534Kb free=4302Kb
 bounds [0x00000164e5f30000, 0x00000164e61a0000, 0x00000164e64d0000]
CodeCache: size=245760Kb, used=57288Kb, max_used=57365Kb, free=188469Kb
 total_blobs=16921, nmethods=16146, adapters=678, full_count=0
Compilation: enabled, stopped_count=0, restarted_count=0

Compilation events (20 events):
Event: 4264.655 Thread 0x00000164f21e4150 17841       4       org.eclipse.jdt.internal.compiler.parser.diagnose.LexStream::start (9 bytes)
Event: 4264.660 Thread 0x00000164f21e4150 nmethod 17841 0x00000164e737dc90 code [0x00000164e737de40, 0x00000164e737e090]
Event: 4264.660 Thread 0x00000164f21e4150 17835       4       org.eclipse.jdt.internal.compiler.parser.diagnose.LexStream::getToken (14 bytes)
Event: 4264.661 Thread 0x00000164f21e4150 nmethod 17835 0x00000164e737e290 code [0x00000164e737e420, 0x00000164e737e4c0]
Event: 4264.661 Thread 0x00000164f21e4150 17838       4       org.eclipse.core.internal.registry.RegistryObjectManager::basicGetObject (52 bytes)
Event: 4264.668 Thread 0x00000164f21e4150 nmethod 17838 0x00000164e737e590 code [0x00000164e737e760, 0x00000164e737ea20]
Event: 4264.668 Thread 0x00000164f21e4150 17850       4       lombok.eclipse.EclipseNode::getAst (5 bytes)
Event: 4264.668 Thread 0x00000164f21e4150 nmethod 17850 0x00000164e737ed10 code [0x00000164e737eea0, 0x00000164e737ef30]
Event: 4264.734 Thread 0x00000164f225bda0 17851       3       java.util.Formatter$FormatSpecifier::leadingSign (80 bytes)
Event: 4264.734 Thread 0x00000164f225bda0 nmethod 17851 0x00000164e11d1910 code [0x00000164e11d1b40, 0x00000164e11d2210]
Event: 4264.735 Thread 0x00000164f225bda0 17852       3       java.util.Formatter$FormatSpecifier::trailingSign (26 bytes)
Event: 4264.735 Thread 0x00000164f225bda0 nmethod 17852 0x00000164e11d2490 code [0x00000164e11d2660, 0x00000164e11d2938]
Event: 4264.815 Thread 0x00000164f225bda0 17853       3       org.eclipse.core.internal.preferences.EclipsePreferences::makeRelative (32 bytes)
Event: 4264.816 Thread 0x00000164f225bda0 nmethod 17853 0x00000164e11d2a90 code [0x00000164e11d2ce0, 0x00000164e11d35a0]
Event: 4264.816 Thread 0x00000164f225bda0 17854       3       org.eclipse.core.internal.preferences.PreferencesService::getNodes (128 bytes)
Event: 4264.818 Thread 0x00000164f21e4150 17855       4       org.eclipse.core.internal.resources.Resource::checkExists (38 bytes)
Event: 4264.831 Thread 0x00000164f225bda0 nmethod 17854 0x00000164e11d3910 code [0x00000164e11d3ce0, 0x00000164e11d5728]
Event: 4264.833 Thread 0x00000164f21e4150 nmethod 17855 0x00000164e737f010 code [0x00000164e737f240, 0x00000164e737f710]
Event: 4264.851 Thread 0x00000164f225bda0 17856       3       org.eclipse.jdt.internal.core.ClasspathEntry::resolvedDotDot (76 bytes)
Event: 4265.336 Thread 0x00000164f225bda0 nmethod 17856 0x00000164e11d6190 code [0x00000164e11d6380, 0x00000164e11d6828]

GC Heap History (20 events):
Event: 4259.637 GC heap before
{Heap before GC invocations=140 (full 4):
 PSYoungGen      total 6656K, used 6176K [0x00000000d5580000, 0x00000000d5d80000, 0x0000000100000000)
  eden space 5120K, 100% used [0x00000000d5580000,0x00000000d5a80000,0x00000000d5a80000)
  from space 1536K, 68% used [0x00000000d5b80000,0x00000000d5c88000,0x00000000d5d00000)
  to   space 512K, 0% used [0x00000000d5d00000,0x00000000d5d00000,0x00000000d5d80000)
 ParOldGen       total 120320K, used 94033K [0x0000000080000000, 0x0000000087580000, 0x00000000d5580000)
  object space 120320K, 78% used [0x0000000080000000,0x0000000085bd44f8,0x0000000087580000)
 Metaspace       used 74709K, committed 76224K, reserved 1179648K
  class space    used 7494K, committed 8192K, reserved 1048576K
}
Event: 4259.655 GC heap after
{Heap after GC invocations=140 (full 4):
 PSYoungGen      total 5632K, used 512K [0x00000000d5580000, 0x00000000d5e80000, 0x0000000100000000)
  eden space 5120K, 0% used [0x00000000d5580000,0x00000000d5580000,0x00000000d5a80000)
  from space 512K, 100% used [0x00000000d5d00000,0x00000000d5d80000,0x00000000d5d80000)
  to   space 2048K, 0% used [0x00000000d5a80000,0x00000000d5a80000,0x00000000d5c80000)
 ParOldGen       total 120320K, used 95373K [0x0000000080000000, 0x0000000087580000, 0x00000000d5580000)
  object space 120320K, 79% used [0x0000000080000000,0x0000000085d23528,0x0000000087580000)
 Metaspace       used 74709K, committed 76224K, reserved 1179648K
  class space    used 7494K, committed 8192K, reserved 1048576K
}
Event: 4260.166 GC heap before
{Heap before GC invocations=141 (full 4):
 PSYoungGen      total 5632K, used 5631K [0x00000000d5580000, 0x00000000d5e80000, 0x0000000100000000)
  eden space 5120K, 99% used [0x00000000d5580000,0x00000000d5a7ffe8,0x00000000d5a80000)
  from space 512K, 100% used [0x00000000d5d00000,0x00000000d5d80000,0x00000000d5d80000)
  to   space 2048K, 0% used [0x00000000d5a80000,0x00000000d5a80000,0x00000000d5c80000)
 ParOldGen       total 120320K, used 95373K [0x0000000080000000, 0x0000000087580000, 0x00000000d5580000)
  object space 120320K, 79% used [0x0000000080000000,0x0000000085d23528,0x0000000087580000)
 Metaspace       used 74768K, committed 76288K, reserved 1179648K
  class space    used 7494K, committed 8192K, reserved 1048576K
}
Event: 4260.177 GC heap after
{Heap after GC invocations=141 (full 4):
 PSYoungGen      total 7168K, used 1369K [0x00000000d5580000, 0x00000000d5e80000, 0x0000000100000000)
  eden space 5120K, 0% used [0x00000000d5580000,0x00000000d5580000,0x00000000d5a80000)
  from space 2048K, 66% used [0x00000000d5a80000,0x00000000d5bd64a8,0x00000000d5c80000)
  to   space 2048K, 0% used [0x00000000d5c80000,0x00000000d5c80000,0x00000000d5e80000)
 ParOldGen       total 120320K, used 95877K [0x0000000080000000, 0x0000000087580000, 0x00000000d5580000)
  object space 120320K, 79% used [0x0000000080000000,0x0000000085da1528,0x0000000087580000)
 Metaspace       used 74768K, committed 76288K, reserved 1179648K
  class space    used 7494K, committed 8192K, reserved 1048576K
}
Event: 4260.305 GC heap before
{Heap before GC invocations=142 (full 4):
 PSYoungGen      total 7168K, used 6489K [0x00000000d5580000, 0x00000000d5e80000, 0x0000000100000000)
  eden space 5120K, 100% used [0x00000000d5580000,0x00000000d5a80000,0x00000000d5a80000)
  from space 2048K, 66% used [0x00000000d5a80000,0x00000000d5bd64a8,0x00000000d5c80000)
  to   space 2048K, 0% used [0x00000000d5c80000,0x00000000d5c80000,0x00000000d5e80000)
 ParOldGen       total 120320K, used 95877K [0x0000000080000000, 0x0000000087580000, 0x00000000d5580000)
  object space 120320K, 79% used [0x0000000080000000,0x0000000085da1528,0x0000000087580000)
 Metaspace       used 74774K, committed 76288K, reserved 1179648K
  class space    used 7494K, committed 8192K, reserved 1048576K
}
Event: 4260.321 GC heap after
{Heap after GC invocations=142 (full 4):
 PSYoungGen      total 6144K, used 777K [0x00000000d5580000, 0x00000000d5d80000, 0x0000000100000000)
  eden space 5120K, 0% used [0x00000000d5580000,0x00000000d5580000,0x00000000d5a80000)
  from space 1024K, 75% used [0x00000000d5c80000,0x00000000d5d424b8,0x00000000d5d80000)
  to   space 1536K, 0% used [0x00000000d5a80000,0x00000000d5a80000,0x00000000d5c00000)
 ParOldGen       total 120320K, used 96985K [0x0000000080000000, 0x0000000087580000, 0x00000000d5580000)
  object space 120320K, 80% used [0x0000000080000000,0x0000000085eb67e8,0x0000000087580000)
 Metaspace       used 74774K, committed 76288K, reserved 1179648K
  class space    used 7494K, committed 8192K, reserved 1048576K
}
Event: 4260.484 GC heap before
{Heap before GC invocations=143 (full 4):
 PSYoungGen      total 6144K, used 5897K [0x00000000d5580000, 0x00000000d5d80000, 0x0000000100000000)
  eden space 5120K, 100% used [0x00000000d5580000,0x00000000d5a80000,0x00000000d5a80000)
  from space 1024K, 75% used [0x00000000d5c80000,0x00000000d5d424b8,0x00000000d5d80000)
  to   space 1536K, 0% used [0x00000000d5a80000,0x00000000d5a80000,0x00000000d5c00000)
 ParOldGen       total 120320K, used 96985K [0x0000000080000000, 0x0000000087580000, 0x00000000d5580000)
  object space 120320K, 80% used [0x0000000080000000,0x0000000085eb67e8,0x0000000087580000)
 Metaspace       used 74795K, committed 76352K, reserved 1179648K
  class space    used 7497K, committed 8192K, reserved 1048576K
}
Event: 4260.494 GC heap after
{Heap after GC invocations=143 (full 4):
 PSYoungGen      total 6656K, used 1264K [0x00000000d5580000, 0x00000000d5d80000, 0x0000000100000000)
  eden space 5120K, 0% used [0x00000000d5580000,0x00000000d5580000,0x00000000d5a80000)
  from space 1536K, 82% used [0x00000000d5a80000,0x00000000d5bbc010,0x00000000d5c00000)
  to   space 1536K, 0% used [0x00000000d5c00000,0x00000000d5c00000,0x00000000d5d80000)
 ParOldGen       total 120320K, used 97702K [0x0000000080000000, 0x0000000087580000, 0x00000000d5580000)
  object space 120320K, 81% used [0x0000000080000000,0x0000000085f69a48,0x0000000087580000)
 Metaspace       used 74795K, committed 76352K, reserved 1179648K
  class space    used 7497K, committed 8192K, reserved 1048576K
}
Event: 4260.944 GC heap before
{Heap before GC invocations=144 (full 4):
 PSYoungGen      total 6656K, used 6048K [0x00000000d5580000, 0x00000000d5d80000, 0x0000000100000000)
  eden space 5120K, 93% used [0x00000000d5580000,0x00000000d5a2c128,0x00000000d5a80000)
  from space 1536K, 82% used [0x00000000d5a80000,0x00000000d5bbc010,0x00000000d5c00000)
  to   space 1536K, 0% used [0x00000000d5c00000,0x00000000d5c00000,0x00000000d5d80000)
 ParOldGen       total 120320K, used 97702K [0x0000000080000000, 0x0000000087580000, 0x00000000d5580000)
  object space 120320K, 81% used [0x0000000080000000,0x0000000085f69a48,0x0000000087580000)
 Metaspace       used 74811K, committed 76352K, reserved 1179648K
  class space    used 7497K, committed 8192K, reserved 1048576K
}
Event: 4260.958 GC heap after
{Heap after GC invocations=144 (full 4):
 PSYoungGen      total 6656K, used 1156K [0x00000000d5580000, 0x00000000d5d80000, 0x0000000100000000)
  eden space 5120K, 0% used [0x00000000d5580000,0x00000000d5580000,0x00000000d5a80000)
  from space 1536K, 75% used [0x00000000d5c00000,0x00000000d5d21118,0x00000000d5d80000)
  to   space 1536K, 0% used [0x00000000d5a80000,0x00000000d5a80000,0x00000000d5c00000)
 ParOldGen       total 120320K, used 98870K [0x0000000080000000, 0x0000000087580000, 0x00000000d5580000)
  object space 120320K, 82% used [0x0000000080000000,0x000000008608da78,0x0000000087580000)
 Metaspace       used 74811K, committed 76352K, reserved 1179648K
  class space    used 7497K, committed 8192K, reserved 1048576K
}
Event: 4261.180 GC heap before
{Heap before GC invocations=145 (full 4):
 PSYoungGen      total 6656K, used 6128K [0x00000000d5580000, 0x00000000d5d80000, 0x0000000100000000)
  eden space 5120K, 97% used [0x00000000d5580000,0x00000000d5a5af68,0x00000000d5a80000)
  from space 1536K, 75% used [0x00000000d5c00000,0x00000000d5d21118,0x00000000d5d80000)
  to   space 1536K, 0% used [0x00000000d5a80000,0x00000000d5a80000,0x00000000d5c00000)
 ParOldGen       total 120320K, used 98870K [0x0000000080000000, 0x0000000087580000, 0x00000000d5580000)
  object space 120320K, 82% used [0x0000000080000000,0x000000008608da78,0x0000000087580000)
 Metaspace       used 74814K, committed 76352K, reserved 1179648K
  class space    used 7497K, committed 8192K, reserved 1048576K
}
Event: 4261.200 GC heap after
{Heap after GC invocations=145 (full 4):
 PSYoungGen      total 6144K, used 563K [0x00000000d5580000, 0x00000000d5c80000, 0x0000000100000000)
  eden space 5120K, 0% used [0x00000000d5580000,0x00000000d5580000,0x00000000d5a80000)
  from space 1024K, 55% used [0x00000000d5a80000,0x00000000d5b0cdf8,0x00000000d5b80000)
  to   space 1024K, 0% used [0x00000000d5b80000,0x00000000d5b80000,0x00000000d5c80000)
 ParOldGen       total 120320K, used 101507K [0x0000000080000000, 0x0000000087580000, 0x00000000d5580000)
  object space 120320K, 84% used [0x0000000080000000,0x0000000086320fe8,0x0000000087580000)
 Metaspace       used 74814K, committed 76352K, reserved 1179648K
  class space    used 7497K, committed 8192K, reserved 1048576K
}
Event: 4262.192 GC heap before
{Heap before GC invocations=146 (full 4):
 PSYoungGen      total 6144K, used 5683K [0x00000000d5580000, 0x00000000d5c80000, 0x0000000100000000)
  eden space 5120K, 100% used [0x00000000d5580000,0x00000000d5a80000,0x00000000d5a80000)
  from space 1024K, 55% used [0x00000000d5a80000,0x00000000d5b0cdf8,0x00000000d5b80000)
  to   space 1024K, 0% used [0x00000000d5b80000,0x00000000d5b80000,0x00000000d5c80000)
 ParOldGen       total 120320K, used 101507K [0x0000000080000000, 0x0000000087580000, 0x00000000d5580000)
  object space 120320K, 84% used [0x0000000080000000,0x0000000086320fe8,0x0000000087580000)
 Metaspace       used 74830K, committed 76352K, reserved 1179648K
  class space    used 7497K, committed 8192K, reserved 1048576K
}
Event: 4262.195 GC heap after
{Heap after GC invocations=146 (full 4):
 PSYoungGen      total 6144K, used 809K [0x00000000d5580000, 0x00000000d5c80000, 0x0000000100000000)
  eden space 5120K, 0% used [0x00000000d5580000,0x00000000d5580000,0x00000000d5a80000)
  from space 1024K, 79% used [0x00000000d5b80000,0x00000000d5c4a7c8,0x00000000d5c80000)
  to   space 1024K, 0% used [0x00000000d5a80000,0x00000000d5a80000,0x00000000d5b80000)
 ParOldGen       total 120320K, used 101581K [0x0000000080000000, 0x0000000087580000, 0x00000000d5580000)
  object space 120320K, 84% used [0x0000000080000000,0x0000000086333600,0x0000000087580000)
 Metaspace       used 74830K, committed 76352K, reserved 1179648K
  class space    used 7497K, committed 8192K, reserved 1048576K
}
Event: 4262.400 GC heap before
{Heap before GC invocations=147 (full 4):
 PSYoungGen      total 6144K, used 5929K [0x00000000d5580000, 0x00000000d5c80000, 0x0000000100000000)
  eden space 5120K, 99% used [0x00000000d5580000,0x00000000d5a7ffa0,0x00000000d5a80000)
  from space 1024K, 79% used [0x00000000d5b80000,0x00000000d5c4a7c8,0x00000000d5c80000)
  to   space 1024K, 0% used [0x00000000d5a80000,0x00000000d5a80000,0x00000000d5b80000)
 ParOldGen       total 120320K, used 101581K [0x0000000080000000, 0x0000000087580000, 0x00000000d5580000)
  object space 120320K, 84% used [0x0000000080000000,0x0000000086333600,0x0000000087580000)
 Metaspace       used 74851K, committed 76352K, reserved 1179648K
  class space    used 7497K, committed 8192K, reserved 1048576K
}
Event: 4262.417 GC heap after
{Heap after GC invocations=147 (full 4):
 PSYoungGen      total 6144K, used 1018K [0x00000000d5580000, 0x00000000d6080000, 0x0000000100000000)
  eden space 5120K, 0% used [0x00000000d5580000,0x00000000d5580000,0x00000000d5a80000)
  from space 1024K, 99% used [0x00000000d5a80000,0x00000000d5b7e8b8,0x00000000d5b80000)
  to   space 3072K, 0% used [0x00000000d5d80000,0x00000000d5d80000,0x00000000d6080000)
 ParOldGen       total 120320K, used 103165K [0x0000000080000000, 0x0000000087580000, 0x00000000d5580000)
  object space 120320K, 85% used [0x0000000080000000,0x00000000864bf440,0x0000000087580000)
 Metaspace       used 74851K, committed 76352K, reserved 1179648K
  class space    used 7497K, committed 8192K, reserved 1048576K
}
Event: 4263.945 GC heap before
{Heap before GC invocations=148 (full 4):
 PSYoungGen      total 6144K, used 6138K [0x00000000d5580000, 0x00000000d6080000, 0x0000000100000000)
  eden space 5120K, 99% used [0x00000000d5580000,0x00000000d5a7ffa0,0x00000000d5a80000)
  from space 1024K, 99% used [0x00000000d5a80000,0x00000000d5b7e8b8,0x00000000d5b80000)
  to   space 3072K, 0% used [0x00000000d5d80000,0x00000000d5d80000,0x00000000d6080000)
 ParOldGen       total 120320K, used 103165K [0x0000000080000000, 0x0000000087580000, 0x00000000d5580000)
  object space 120320K, 85% used [0x0000000080000000,0x00000000864bf440,0x0000000087580000)
 Metaspace       used 74919K, committed 76480K, reserved 1179648K
  class space    used 7497K, committed 8192K, reserved 1048576K
}
Event: 4263.959 GC heap after
{Heap after GC invocations=148 (full 4):
 PSYoungGen      total 5632K, used 308K [0x00000000d5580000, 0x00000000d5e00000, 0x0000000100000000)
  eden space 5120K, 0% used [0x00000000d5580000,0x00000000d5580000,0x00000000d5a80000)
  from space 512K, 60% used [0x00000000d5d80000,0x00000000d5dcd2d0,0x00000000d5e00000)
  to   space 1536K, 0% used [0x00000000d5b00000,0x00000000d5b00000,0x00000000d5c80000)
 ParOldGen       total 120320K, used 104471K [0x0000000080000000, 0x0000000087580000, 0x00000000d5580000)
  object space 120320K, 86% used [0x0000000080000000,0x0000000086605c10,0x0000000087580000)
 Metaspace       used 74919K, committed 76480K, reserved 1179648K
  class space    used 7497K, committed 8192K, reserved 1048576K
}
Event: 4265.296 GC heap before
{Heap before GC invocations=149 (full 4):
 PSYoungGen      total 5632K, used 5428K [0x00000000d5580000, 0x00000000d5e00000, 0x0000000100000000)
  eden space 5120K, 99% used [0x00000000d5580000,0x00000000d5a7ff78,0x00000000d5a80000)
  from space 512K, 60% used [0x00000000d5d80000,0x00000000d5dcd2d0,0x00000000d5e00000)
  to   space 1536K, 0% used [0x00000000d5b00000,0x00000000d5b00000,0x00000000d5c80000)
 ParOldGen       total 120320K, used 104471K [0x0000000080000000, 0x0000000087580000, 0x00000000d5580000)
  object space 120320K, 86% used [0x0000000080000000,0x0000000086605c10,0x0000000087580000)
 Metaspace       used 74962K, committed 76480K, reserved 1179648K
  class space    used 7498K, committed 8192K, reserved 1048576K
}
Event: 4265.335 GC heap after
{Heap after GC invocations=149 (full 4):
 PSYoungGen      total 6656K, used 393K [0x00000000d5580000, 0x00000000d5e00000, 0x0000000100000000)
  eden space 5120K, 0% used [0x00000000d5580000,0x00000000d5580000,0x00000000d5a80000)
  from space 1536K, 25% used [0x00000000d5b00000,0x00000000d5b62680,0x00000000d5c80000)
  to   space 512K, 0% used [0x00000000d5d80000,0x00000000d5d80000,0x00000000d5e00000)
 ParOldGen       total 120320K, used 104624K [0x0000000080000000, 0x0000000087580000, 0x00000000d5580000)
  object space 120320K, 86% used [0x0000000080000000,0x000000008662c120,0x0000000087580000)
 Metaspace       used 74962K, committed 76480K, reserved 1179648K
  class space    used 7498K, committed 8192K, reserved 1048576K
}

Dll operation events (10 events):
Event: 0.025 Loaded shared library c:\Users\bhask\.vscode\extensions\redhat.java-1.50.0-win32-x64\jre\21.0.9-win32-x86_64\bin\java.dll
Event: 0.299 Loaded shared library c:\Users\bhask\.vscode\extensions\redhat.java-1.50.0-win32-x64\jre\21.0.9-win32-x86_64\bin\zip.dll
Event: 0.488 Loaded shared library C:\Users\bhask\.vscode\extensions\redhat.java-1.50.0-win32-x64\jre\21.0.9-win32-x86_64\bin\instrument.dll
Event: 0.630 Loaded shared library C:\Users\bhask\.vscode\extensions\redhat.java-1.50.0-win32-x64\jre\21.0.9-win32-x86_64\bin\net.dll
Event: 0.644 Loaded shared library C:\Users\bhask\.vscode\extensions\redhat.java-1.50.0-win32-x64\jre\21.0.9-win32-x86_64\bin\nio.dll
Event: 0.837 Loaded shared library C:\Users\bhask\.vscode\extensions\redhat.java-1.50.0-win32-x64\jre\21.0.9-win32-x86_64\bin\zip.dll
Event: 1.016 Loaded shared library C:\Users\bhask\.vscode\extensions\redhat.java-1.50.0-win32-x64\jre\21.0.9-win32-x86_64\bin\jimage.dll
Event: 1.213 Loaded shared library c:\Users\bhask\.vscode\extensions\redhat.java-1.50.0-win32-x64\jre\21.0.9-win32-x86_64\bin\verify.dll
Event: 23.922 Loaded shared library C:\Users\bhask\AppData\Roaming\Code\User\globalStorage\redhat.java\1.50.0\config_win\org.eclipse.equinox.launcher\org.eclipse.equinox.launcher.win32.win32.x86_64_1.2.1400.v20250801-0854\eclipse_11916.dll
Event: 76.175 Loaded shared library C:\Users\bhask\AppData\Local\Temp\jna-93700211\jna6221012563776613507.dll

Deoptimization events (20 events):
Event: 4262.366 Thread 0x00000164f9b927b0 DEOPT PACKING pc=0x00000164e113ca8c sp=0x0000006397cfdae0
Event: 4262.366 Thread 0x00000164f9b927b0 DEOPT UNPACKING pc=0x00000164e5f84242 sp=0x0000006397cfd000 mode 0
Event: 4262.380 Thread 0x00000164f9b927b0 DEOPT PACKING pc=0x00000164e113ca8c sp=0x0000006397cfdae0
Event: 4262.381 Thread 0x00000164f9b927b0 DEOPT UNPACKING pc=0x00000164e5f84242 sp=0x0000006397cfd000 mode 0
Event: 4262.984 Thread 0x00000164f901ca90 DEOPT PACKING pc=0x00000164e113c6cd sp=0x0000006398bfddc0
Event: 4262.984 Thread 0x00000164f901ca90 DEOPT UNPACKING pc=0x00000164e5f84242 sp=0x0000006398bfd2d0 mode 0
Event: 4262.985 Thread 0x00000164f901ca90 DEOPT PACKING pc=0x00000164e113c14a sp=0x0000006398bfddc0
Event: 4262.985 Thread 0x00000164f901ca90 DEOPT UNPACKING pc=0x00000164e5f84242 sp=0x0000006398bfd2d8 mode 0
Event: 4263.009 Thread 0x00000164f901ca90 DEOPT PACKING pc=0x00000164e0ffdee0 sp=0x0000006398bfd640
Event: 4263.009 Thread 0x00000164f901ca90 DEOPT UNPACKING pc=0x00000164e5f84242 sp=0x0000006398bfcaf0 mode 0
Event: 4263.009 Thread 0x00000164f901ca90 DEOPT PACKING pc=0x00000164e0ffe22e sp=0x0000006398bfd670
Event: 4263.009 Thread 0x00000164f901ca90 DEOPT UNPACKING pc=0x00000164e5f84242 sp=0x0000006398bfcb28 mode 0
Event: 4263.013 Thread 0x00000164f901ca90 Uncommon trap: trap_request=0xffffff45 fr.pc=0x00000164e72d4640 relative=0x00000000000002a0
Event: 4263.013 Thread 0x00000164f901ca90 Uncommon trap: reason=unstable_if action=reinterpret pc=0x00000164e72d4640 method=org.eclipse.jdt.internal.compiler.parser.Parser.recoveryExitFromVariable()V @ 14 c2
Event: 4263.015 Thread 0x00000164f901ca90 DEOPT PACKING pc=0x00000164e72d4640 sp=0x0000006398bfdd10
Event: 4263.015 Thread 0x00000164f901ca90 DEOPT UNPACKING pc=0x00000164e5f83aa2 sp=0x0000006398bfdc18 mode 2
Event: 4263.104 Thread 0x00000164f901ca90 DEOPT PACKING pc=0x00000164e113c14a sp=0x0000006398bfdf90
Event: 4263.104 Thread 0x00000164f901ca90 DEOPT UNPACKING pc=0x00000164e5f84242 sp=0x0000006398bfd4a8 mode 0
Event: 4263.113 Thread 0x00000164f901ca90 DEOPT PACKING pc=0x00000164e0ffe22e sp=0x0000006398bfd920
Event: 4263.113 Thread 0x00000164f901ca90 DEOPT UNPACKING pc=0x00000164e5f84242 sp=0x0000006398bfcdd8 mode 0

Classes loaded (20 events):
Event: 2916.956 Loading class com/sun/org/apache/xerces/internal/xni/parser/XMLParseException
Event: 2916.970 Loading class com/sun/org/apache/xerces/internal/xni/parser/XMLParseException done
Event: 2918.816 Loading class java/util/ArrayDeque$DeqSpliterator
Event: 2919.115 Loading class java/util/ArrayDeque$DeqSpliterator done
Event: 2933.908 Loading class java/lang/Throwable$WrappedPrintWriter
Event: 2933.910 Loading class java/lang/Throwable$PrintStreamOrWriter
Event: 2933.910 Loading class java/lang/Throwable$PrintStreamOrWriter done
Event: 2933.910 Loading class java/lang/Throwable$WrappedPrintWriter done
Event: 2933.989 Loading class java/util/TreeMap$AscendingSubMap
Event: 2933.992 Loading class java/util/TreeMap$NavigableSubMap
Event: 2933.996 Loading class java/util/TreeMap$NavigableSubMap done
Event: 2933.997 Loading class java/util/TreeMap$AscendingSubMap done
Event: 2933.998 Loading class java/util/TreeMap$NavigableSubMap$SubMapKeyIterator
Event: 2934.000 Loading class java/util/TreeMap$NavigableSubMap$SubMapIterator
Event: 2934.001 Loading class java/util/TreeMap$NavigableSubMap$SubMapIterator done
Event: 2934.001 Loading class java/util/TreeMap$NavigableSubMap$SubMapKeyIterator done
Event: 2945.869 Loading class java/util/concurrent/ConcurrentHashMap$KeySpliterator
Event: 2945.884 Loading class java/util/concurrent/ConcurrentHashMap$KeySpliterator done
Event: 4241.545 Loading class javax/xml/transform/TransformerConfigurationException
Event: 4241.554 Loading class javax/xml/transform/TransformerConfigurationException done

Classes unloaded (20 events):
Event: 2947.447 Thread 0x00000164db8af480 Unloading class 0x000001648108ac00 'java/lang/invoke/LambdaForm$MH+0x000001648108ac00'
Event: 2947.447 Thread 0x00000164db8af480 Unloading class 0x000001648101ec00 'java/lang/invoke/LambdaForm$MH+0x000001648101ec00'
Event: 2947.450 Thread 0x00000164db8af480 Unloading class 0x000001648100d800 'java/lang/invoke/LambdaForm$MH+0x000001648100d800'
Event: 2947.451 Thread 0x00000164db8af480 Unloading class 0x000001648100d400 'java/lang/invoke/LambdaForm$MH+0x000001648100d400'
Event: 2947.451 Thread 0x00000164db8af480 Unloading class 0x000001648100d000 'java/lang/invoke/LambdaForm$MH+0x000001648100d000'
Event: 2947.451 Thread 0x00000164db8af480 Unloading class 0x000001648100cc00 'java/lang/invoke/LambdaForm$MH+0x000001648100cc00'
Event: 2947.451 Thread 0x00000164db8af480 Unloading class 0x000001648100c800 'java/lang/invoke/LambdaForm$BMH+0x000001648100c800'
Event: 2947.451 Thread 0x00000164db8af480 Unloading class 0x000001648100c000 'java/lang/invoke/LambdaForm$DMH+0x000001648100c000'
Event: 2947.451 Thread 0x00000164db8af480 Unloading class 0x0000016481008c00 'java/lang/invoke/LambdaForm$MH+0x0000016481008c00'
Event: 2947.451 Thread 0x00000164db8af480 Unloading class 0x0000016481008800 'java/lang/invoke/LambdaForm$MH+0x0000016481008800'
Event: 2947.452 Thread 0x00000164db8af480 Unloading class 0x0000016481008400 'java/lang/invoke/LambdaForm$MH+0x0000016481008400'
Event: 2947.452 Thread 0x00000164db8af480 Unloading class 0x0000016481007000 'java/lang/invoke/LambdaForm$MH+0x0000016481007000'
Event: 2947.452 Thread 0x00000164db8af480 Unloading class 0x0000016481006800 'java/lang/invoke/LambdaForm$MH+0x0000016481006800'
Event: 2947.452 Thread 0x00000164db8af480 Unloading class 0x0000016481006400 'java/lang/invoke/LambdaForm$MH+0x0000016481006400'
Event: 2947.452 Thread 0x00000164db8af480 Unloading class 0x0000016481006000 'java/lang/invoke/LambdaForm$MH+0x0000016481006000'
Event: 2947.452 Thread 0x00000164db8af480 Unloading class 0x0000016481005c00 'java/lang/invoke/LambdaForm$BMH+0x0000016481005c00'
Event: 2947.452 Thread 0x00000164db8af480 Unloading class 0x0000016481004800 'java/lang/invoke/LambdaForm$DMH+0x0000016481004800'
Event: 2947.452 Thread 0x00000164db8af480 Unloading class 0x0000016481002400 'java/lang/invoke/LambdaForm$MH+0x0000016481002400'
Event: 2947.452 Thread 0x00000164db8af480 Unloading class 0x0000016481002000 'java/lang/invoke/LambdaForm$MH+0x0000016481002000'
Event: 2947.452 Thread 0x00000164db8af480 Unloading class 0x0000016481001800 'java/lang/invoke/LambdaForm$MH+0x0000016481001800'

Classes redefined (0 events):
No events

Internal exceptions (20 events):
Event: 2956.375 Thread 0x00000164f901bd70 Exception <a 'sun/nio/fs/WindowsException'{0x00000000d5581a48}> (0x00000000d5581a48) 
thrown [s\src\hotspot\share\prims\jni.cpp, line 520]
Event: 3219.074 Thread 0x00000164f9017bd0 Exception <a 'sun/nio/fs/WindowsException'{0x00000000d5bcb3a8}> (0x00000000d5bcb3a8) 
thrown [s\src\hotspot\share\prims\jni.cpp, line 520]
Event: 3219.079 Thread 0x00000164f9017bd0 Exception <a 'sun/nio/fs/WindowsException'{0x00000000d5bcbd68}> (0x00000000d5bcbd68) 
thrown [s\src\hotspot\share\prims\jni.cpp, line 520]
Event: 4242.709 Thread 0x00000164f9b95c30 Implicit null exception at 0x00000164e6c39698 to 0x00000164e6c3aacc
Event: 4252.665 Thread 0x00000164f87342e0 Exception <a 'java/lang/NoSuchMethodError'{0x00000000d584ccd8}: 'void java.lang.invoke.DirectMethodHandle$Holder.invokeVirtual(java.lang.Object, java.lang.Object, java.lang.Object, java.lang.Object, java.lang.Object)'> (0x00000000d584ccd8) 
thrown [s\src\hotspot\share\interpreter\linkResolver.cpp, line 773]
Event: 4252.831 Thread 0x00000164f9b95c30 Implicit null exception at 0x00000164e6f9c2c8 to 0x00000164e6fa0814
Event: 4255.726 Thread 0x00000164f9b91a90 Exception <a 'sun/nio/fs/WindowsException'{0x00000000d5c8c2e8}> (0x00000000d5c8c2e8) 
thrown [s\src\hotspot\share\prims\jni.cpp, line 520]
Event: 4255.732 Thread 0x00000164f9b91a90 Exception <a 'sun/nio/fs/WindowsException'{0x00000000d5c8ca18}> (0x00000000d5c8ca18) 
thrown [s\src\hotspot\share\prims\jni.cpp, line 520]
Event: 4255.955 Thread 0x00000164f9b91a90 Exception <a 'sun/nio/fs/WindowsException'{0x00000000d57fcc78}> (0x00000000d57fcc78) 
thrown [s\src\hotspot\share\prims\jni.cpp, line 520]
Event: 4255.955 Thread 0x00000164f9b91a90 Exception <a 'sun/nio/fs/WindowsException'{0x00000000d5801b38}> (0x00000000d5801b38) 
thrown [s\src\hotspot\share\prims\jni.cpp, line 520]
Event: 4256.166 Thread 0x00000164f768c7c0 Exception <a 'sun/nio/fs/WindowsException'{0x00000000d57f1210}> (0x00000000d57f1210) 
thrown [s\src\hotspot\share\prims\jni.cpp, line 520]
Event: 4256.564 Thread 0x00000164f768c7c0 Exception <a 'sun/nio/fs/WindowsException'{0x00000000d59e6c38}> (0x00000000d59e6c38) 
thrown [s\src\hotspot\share\prims\jni.cpp, line 520]
Event: 4257.128 Thread 0x00000164f9b93b60 Exception <a 'java/lang/ArrayIndexOutOfBoundsException'{0x00000000d5c0aac0}: Index 20470 out of bounds for length 20470> (0x00000000d5c0aac0) 
thrown [s\src\hotspot\share\interpreter\interpreterRuntime.cpp, line 439]
Event: 4260.851 Thread 0x00000164f9b927b0 Implicit null exception at 0x00000164e73053e1 to 0x00000164e730545d
Event: 4262.985 Thread 0x00000164f901ca90 Exception <a 'java/lang/ArrayIndexOutOfBoundsException'{0x00000000d57ba5f8}: Index 21119 out of bounds for length 21119> (0x00000000d57ba5f8) 
thrown [s\src\hotspot\share\interpreter\interpreterRuntime.cpp, line 439]
Event: 4263.106 Thread 0x00000164f901ca90 Exception <a 'java/lang/ArrayIndexOutOfBoundsException'{0x00000000d591e7f0}> (0x00000000d591e7f0) 
thrown [s\src\hotspot\share\runtime\sharedRuntime.cpp, line 625]
Event: 4264.839 Thread 0x00000164f9b91a90 Exception <a 'sun/nio/fs/WindowsException'{0x00000000d5a57120}> (0x00000000d5a57120) 
thrown [s\src\hotspot\share\prims\jni.cpp, line 520]
Event: 4264.839 Thread 0x00000164f9b91a90 Exception <a 'sun/nio/fs/WindowsException'{0x00000000d5a584e8}> (0x00000000d5a584e8) 
thrown [s\src\hotspot\share\prims\jni.cpp, line 520]
Event: 4264.850 Thread 0x00000164f9b91a90 Exception <a 'sun/nio/fs/WindowsException'{0x00000000d5a70bb8}> (0x00000000d5a70bb8) 
thrown [s\src\hotspot\share\prims\jni.cpp, line 520]
Event: 4264.850 Thread 0x00000164f9b91a90 Exception <a 'sun/nio/fs/WindowsException'{0x00000000d5a717b8}> (0x00000000d5a717b8) 
thrown [s\src\hotspot\share\prims\jni.cpp, line 520]

ZGC Phase Switch (0 events):
No events

VM Operations (20 events):
Event: 4259.637 Executing VM operation: ParallelGCFailedAllocation (Allocation Failure)
Event: 4259.655 Executing VM operation: ParallelGCFailedAllocation (Allocation Failure) done
Event: 4260.144 Executing VM operation: ParallelGCFailedAllocation (Allocation Failure)
Event: 4260.177 Executing VM operation: ParallelGCFailedAllocation (Allocation Failure) done
Event: 4260.298 Executing VM operation: ParallelGCFailedAllocation (Allocation Failure)
Event: 4260.321 Executing VM operation: ParallelGCFailedAllocation (Allocation Failure) done
Event: 4260.484 Executing VM operation: ParallelGCFailedAllocation (Allocation Failure)
Event: 4260.494 Executing VM operation: ParallelGCFailedAllocation (Allocation Failure) done
Event: 4260.937 Executing VM operation: ParallelGCFailedAllocation (Allocation Failure)
Event: 4260.958 Executing VM operation: ParallelGCFailedAllocation (Allocation Failure) done
Event: 4261.179 Executing VM operation: ParallelGCFailedAllocation (Allocation Failure)
Event: 4261.200 Executing VM operation: ParallelGCFailedAllocation (Allocation Failure) done
Event: 4262.183 Executing VM operation: ParallelGCFailedAllocation (Allocation Failure)
Event: 4262.195 Executing VM operation: ParallelGCFailedAllocation (Allocation Failure) done
Event: 4262.399 Executing VM operation: ParallelGCFailedAllocation (Allocation Failure)
Event: 4262.417 Executing VM operation: ParallelGCFailedAllocation (Allocation Failure) done
Event: 4263.550 Executing VM operation: ParallelGCFailedAllocation (Allocation Failure)
Event: 4263.959 Executing VM operation: ParallelGCFailedAllocation (Allocation Failure) done
Event: 4264.851 Executing VM operation: ParallelGCFailedAllocation (Allocation Failure)
Event: 4265.335 Executing VM operation: ParallelGCFailedAllocation (Allocation Failure) done

Memory protections (0 events):
No events

Nmethod flushes (20 events):
Event: 2948.445 Thread 0x00000164db8af480 flushing  nmethod 0x00000164dfa9d990
Event: 2948.445 Thread 0x00000164db8af480 flushing  nmethod 0x00000164dfa9dd10
Event: 2948.445 Thread 0x00000164db8af480 flushing  nmethod 0x00000164dfa9e890
Event: 2948.445 Thread 0x00000164db8af480 flushing  nmethod 0x00000164dfaa0110
Event: 2948.445 Thread 0x00000164db8af480 flushing  nmethod 0x00000164dfaa1090
Event: 2948.445 Thread 0x00000164db8af480 flushing  nmethod 0x00000164dfaa1690
Event: 2948.445 Thread 0x00000164db8af480 flushing  nmethod 0x00000164dfaa5610
Event: 2948.445 Thread 0x00000164db8af480 flushing  nmethod 0x00000164dfaa6190
Event: 2948.445 Thread 0x00000164db8af480 flushing  nmethod 0x00000164dfaa6f90
Event: 2948.445 Thread 0x00000164db8af480 flushing  nmethod 0x00000164dfaa7410
Event: 2948.445 Thread 0x00000164db8af480 flushing  nmethod 0x00000164dfaa8890
Event: 2948.445 Thread 0x00000164db8af480 flushing  nmethod 0x00000164dfaa9290
Event: 2948.445 Thread 0x00000164db8af480 flushing  nmethod 0x00000164dfaaa090
Event: 2948.445 Thread 0x00000164db8af480 flushing  nmethod 0x00000164dfaaae90
Event: 2948.445 Thread 0x00000164db8af480 flushing  nmethod 0x00000164dfaab590
Event: 2948.445 Thread 0x00000164db8af480 flushing  nmethod 0x00000164dfaac990
Event: 2948.445 Thread 0x00000164db8af480 flushing  nmethod 0x00000164dfabcd10
Event: 2948.445 Thread 0x00000164db8af480 flushing  nmethod 0x00000164dfac0610
Event: 2948.446 Thread 0x00000164db8af480 flushing  nmethod 0x00000164dfac1310
Event: 2948.446 Thread 0x00000164db8af480 flushing osr nmethod 0x00000164dfb0d410

Events (20 events):
Event: 3219.002 Thread 0x00000164f9b96950 Thread exited: 0x00000164f9b96950
Event: 3219.095 Thread 0x00000164f9017bd0 Thread added: 0x00000164f9b92e40
Event: 3219.099 Thread 0x00000164f9b92e40 Thread added: 0x00000164f9b941f0
Event: 3219.100 Thread 0x00000164f9b92e40 Thread exited: 0x00000164f9b92e40
Event: 3219.100 Thread 0x00000164f9b941f0 Thread exited: 0x00000164f9b941f0
Event: 3245.429 Thread 0x00000164f901a9c0 Thread exited: 0x00000164f901a9c0
Event: 3245.429 Thread 0x00000164f768b410 Thread exited: 0x00000164f768b410
Event: 3252.423 Thread 0x00000164f9b934d0 Thread exited: 0x00000164f9b934d0
Event: 3254.420 Thread 0x00000164f9b927b0 Thread exited: 0x00000164f9b927b0
Event: 3692.873 Thread 0x00000164f9017bd0 Thread added: 0x00000164f9b955a0
Event: 3752.939 Thread 0x00000164f9017bd0 Thread exited: 0x00000164f9017bd0
Event: 4238.864 Thread 0x00000164f901ca90 Thread added: 0x00000164f9b95c30
Event: 4238.902 Thread 0x00000164f901ca90 Thread added: 0x00000164f9b927b0
Event: 4238.905 Thread 0x00000164f901ca90 Thread added: 0x00000164f9b97d00
Event: 4239.061 Thread 0x00000164f9b955a0 Thread added: 0x00000164f9b91a90
Event: 4256.181 Thread 0x00000164f87342e0 Thread added: 0x00000164f9b93b60
Event: 4256.570 Thread 0x00000164f87342e0 Thread added: 0x00000164f9b94f10
Event: 4256.907 Thread 0x00000164f9b91a90 Thread added: 0x00000164f9b91400
Event: 4257.349 Thread 0x00000164f9b91a90 Thread added: 0x00000164f9b941f0
Event: 4258.600 Thread 0x00000164f9b94f10 Thread added: 0x00000164f9b962c0


Dynamic libraries:
0x00007ff7553e0000 - 0x00007ff7553ee000 	c:\Users\bhask\.vscode\extensions\redhat.java-1.50.0-win32-x64\jre\21.0.9-win32-x86_64\bin\java.exe
0x00007ffafb770000 - 0x00007ffafb968000 	C:\WINDOWS\SYSTEM32\ntdll.dll
0x00007ffafaf20000 - 0x00007ffafafe2000 	C:\WINDOWS\System32\KERNEL32.DLL
0x00007ffaf9340000 - 0x00007ffaf9636000 	C:\WINDOWS\System32\KERNELBASE.dll
0x00007ffaf8fe0000 - 0x00007ffaf90e0000 	C:\WINDOWS\System32\ucrtbase.dll
0x00007ffae8fb0000 - 0x00007ffae8fc8000 	c:\Users\bhask\.vscode\extensions\redhat.java-1.50.0-win32-x64\jre\21.0.9-win32-x86_64\bin\jli.dll
0x00007ffafb1c0000 - 0x00007ffafb361000 	C:\WINDOWS\System32\USER32.dll
0x00007ffae6b00000 - 0x00007ffae6b1e000 	c:\Users\bhask\.vscode\extensions\redhat.java-1.50.0-win32-x64\jre\21.0.9-win32-x86_64\bin\VCRUNTIME140.dll
0x00007ffaf8e00000 - 0x00007ffaf8e22000 	C:\WINDOWS\System32\win32u.dll
0x00007ffae4d00000 - 0x00007ffae4f9b000 	C:\WINDOWS\WinSxS\amd64_microsoft.windows.common-controls_6595b64144ccf1df_6.0.19041.6456_none_60b8a6cb71f64256\COMCTL32.dll
0x00007ffafa820000 - 0x00007ffafa84b000 	C:\WINDOWS\System32\GDI32.dll
0x00007ffafa860000 - 0x00007ffafa8fe000 	C:\WINDOWS\System32\msvcrt.dll
0x00007ffaf9220000 - 0x00007ffaf9339000 	C:\WINDOWS\System32\gdi32full.dll
0x00007ffaf9640000 - 0x00007ffaf96dd000 	C:\WINDOWS\System32\msvcp_win.dll
0x00007ffaf9930000 - 0x00007ffaf995f000 	C:\WINDOWS\System32\IMM32.DLL
0x00007ffaf52b0000 - 0x00007ffaf52bc000 	c:\Users\bhask\.vscode\extensions\redhat.java-1.50.0-win32-x64\jre\21.0.9-win32-x86_64\bin\vcruntime140_1.dll
0x00007ffae17d0000 - 0x00007ffae185d000 	c:\Users\bhask\.vscode\extensions\redhat.java-1.50.0-win32-x64\jre\21.0.9-win32-x86_64\bin\msvcp140.dll
0x00007ffa90c90000 - 0x00007ffa91a30000 	c:\Users\bhask\.vscode\extensions\redhat.java-1.50.0-win32-x64\jre\21.0.9-win32-x86_64\bin\server\jvm.dll
0x00007ffaf9790000 - 0x00007ffaf9841000 	C:\WINDOWS\System32\ADVAPI32.dll
0x00007ffafabe0000 - 0x00007ffafac7f000 	C:\WINDOWS\System32\sechost.dll
0x00007ffafac80000 - 0x00007ffafada0000 	C:\WINDOWS\System32\RPCRT4.dll
0x00007ffaf9160000 - 0x00007ffaf9187000 	C:\WINDOWS\System32\bcrypt.dll
0x00007ffafa7a0000 - 0x00007ffafa80b000 	C:\WINDOWS\System32\WS2_32.dll
0x00007ffaf8c60000 - 0x00007ffaf8cab000 	C:\WINDOWS\SYSTEM32\POWRPROF.dll
0x00007ffaf2a00000 - 0x00007ffaf2a0a000 	C:\WINDOWS\SYSTEM32\VERSION.dll
0x00007ffaf01a0000 - 0x00007ffaf01c7000 	C:\WINDOWS\SYSTEM32\WINMM.dll
0x00007ffaf8c40000 - 0x00007ffaf8c52000 	C:\WINDOWS\SYSTEM32\UMPDC.dll
0x00007ffaf6b60000 - 0x00007ffaf6b72000 	C:\WINDOWS\SYSTEM32\kernel.appcore.dll
0x00007ffaef380000 - 0x00007ffaef38a000 	c:\Users\bhask\.vscode\extensions\redhat.java-1.50.0-win32-x64\jre\21.0.9-win32-x86_64\bin\jimage.dll
0x00007ffaf3150000 - 0x00007ffaf3351000 	C:\WINDOWS\SYSTEM32\DBGHELP.DLL
0x00007ffae8700000 - 0x00007ffae8734000 	C:\WINDOWS\SYSTEM32\dbgcore.DLL
0x00007ffaf9190000 - 0x00007ffaf9212000 	C:\WINDOWS\System32\bcryptPrimitives.dll
0x00007ffaebc70000 - 0x00007ffaebc7f000 	c:\Users\bhask\.vscode\extensions\redhat.java-1.50.0-win32-x64\jre\21.0.9-win32-x86_64\bin\instrument.dll
0x00007ffae5ad0000 - 0x00007ffae5af0000 	c:\Users\bhask\.vscode\extensions\redhat.java-1.50.0-win32-x64\jre\21.0.9-win32-x86_64\bin\java.dll
0x00007ffafa000000 - 0x00007ffafa770000 	C:\WINDOWS\System32\SHELL32.dll
0x00007ffaf6e70000 - 0x00007ffaf7615000 	C:\WINDOWS\SYSTEM32\windows.storage.dll
0x00007ffafb3d0000 - 0x00007ffafb724000 	C:\WINDOWS\System32\combase.dll
0x00007ffaf8750000 - 0x00007ffaf877b000 	C:\WINDOWS\SYSTEM32\Wldp.dll
0x00007ffafada0000 - 0x00007ffafae6d000 	C:\WINDOWS\System32\OLEAUT32.dll
0x00007ffafae70000 - 0x00007ffafaf1d000 	C:\WINDOWS\System32\SHCORE.dll
0x00007ffafb370000 - 0x00007ffafb3cb000 	C:\WINDOWS\System32\shlwapi.dll
0x00007ffaf8d30000 - 0x00007ffaf8d54000 	C:\WINDOWS\SYSTEM32\profapi.dll
0x00007ffae5a90000 - 0x00007ffae5aa8000 	c:\Users\bhask\.vscode\extensions\redhat.java-1.50.0-win32-x64\jre\21.0.9-win32-x86_64\bin\zip.dll
0x00007ffaea630000 - 0x00007ffaea640000 	C:\Users\bhask\.vscode\extensions\redhat.java-1.50.0-win32-x64\jre\21.0.9-win32-x86_64\bin\net.dll
0x00007ffaf1470000 - 0x00007ffaf157a000 	C:\WINDOWS\SYSTEM32\WINHTTP.dll
0x00007ffaf84b0000 - 0x00007ffaf851a000 	C:\WINDOWS\system32\mswsock.dll
0x00007ffae2a50000 - 0x00007ffae2a66000 	C:\Users\bhask\.vscode\extensions\redhat.java-1.50.0-win32-x64\jre\21.0.9-win32-x86_64\bin\nio.dll
0x00007ffaea410000 - 0x00007ffaea420000 	c:\Users\bhask\.vscode\extensions\redhat.java-1.50.0-win32-x64\jre\21.0.9-win32-x86_64\bin\verify.dll
0x00007ffae0df0000 - 0x00007ffae0e34000 	C:\Users\bhask\AppData\Roaming\Code\User\globalStorage\redhat.java\1.50.0\config_win\org.eclipse.equinox.launcher\org.eclipse.equinox.launcher.win32.win32.x86_64_1.2.1400.v20250801-0854\eclipse_11916.dll
0x00007ffafa900000 - 0x00007ffafaa2b000 	C:\WINDOWS\System32\ole32.dll
0x00007ffaf86a0000 - 0x00007ffaf86b8000 	C:\WINDOWS\SYSTEM32\CRYPTSP.dll
0x00007ffaf7dd0000 - 0x00007ffaf7e08000 	C:\WINDOWS\system32\rsaenh.dll
0x00007ffaf8cb0000 - 0x00007ffaf8cde000 	C:\WINDOWS\SYSTEM32\USERENV.dll
0x00007ffaf86c0000 - 0x00007ffaf86cc000 	C:\WINDOWS\SYSTEM32\CRYPTBASE.dll
0x00007ffaf8190000 - 0x00007ffaf81cb000 	C:\WINDOWS\SYSTEM32\IPHLPAPI.DLL
0x00007ffafa850000 - 0x00007ffafa858000 	C:\WINDOWS\System32\NSI.dll
0x00007ffae5360000 - 0x00007ffae53a9000 	C:\Users\bhask\AppData\Local\Temp\jna-93700211\jna6221012563776613507.dll
0x00007ffafa790000 - 0x00007ffafa798000 	C:\WINDOWS\System32\PSAPI.DLL
0x00007ffaf2440000 - 0x00007ffaf2457000 	C:\WINDOWS\SYSTEM32\dhcpcsvc6.DLL
0x00007ffaf2aa0000 - 0x00007ffaf2abd000 	C:\WINDOWS\SYSTEM32\dhcpcsvc.DLL
0x00007ffaf8020000 - 0x00007ffaf8053000 	C:\WINDOWS\SYSTEM32\ntmarta.dll

JVMTI agents:
c:\Users\bhask\.vscode\extensions\redhat.java-1.50.0-win32-x64\lombok\lombok-1.18.39-4050.jar path:c:\Users\bhask\.vscode\extensions\redhat.java-1.50.0-win32-x64\jre\21.0.9-win32-x86_64\bin\instrument.dll, loaded, initialized, instrumentlib options:none

dbghelp: loaded successfully - version: 4.0.5 - missing functions: none
symbol engine: initialized successfully - sym options: 0x614 - pdb path: .;c:\Users\bhask\.vscode\extensions\redhat.java-1.50.0-win32-x64\jre\21.0.9-win32-x86_64\bin;C:\WINDOWS\SYSTEM32;C:\WINDOWS\WinSxS\amd64_microsoft.windows.common-controls_6595b64144ccf1df_6.0.19041.6456_none_60b8a6cb71f64256;c:\Users\bhask\.vscode\extensions\redhat.java-1.50.0-win32-x64\jre\21.0.9-win32-x86_64\bin\server;C:\Users\bhask\AppData\Roaming\Code\User\globalStorage\redhat.java\1.50.0\config_win\org.eclipse.equinox.launcher\org.eclipse.equinox.launcher.win32.win32.x86_64_1.2.1400.v20250801-0854;C:\Users\bhask\AppData\Local\Temp\jna-93700211

VM Arguments:
jvm_args: --add-modules=ALL-SYSTEM --add-opens=java.base/java.util=ALL-UNNAMED --add-opens=java.base/java.lang=ALL-UNNAMED --add-opens=java.base/sun.nio.fs=ALL-UNNAMED -Declipse.application=org.eclipse.jdt.ls.core.id1 -Dosgi.bundles.defaultStartLevel=4 -Declipse.product=org.eclipse.jdt.ls.core.product -Djava.import.generatesMetadataFilesAtProjectRoot=false -DDetectVMInstallationsJob.disabled=true -Dfile.encoding=utf8 -XX:+UseParallelGC -XX:GCTimeRatio=4 -XX:AdaptiveSizePolicyWeight=90 -Dsun.zip.disableMemoryMapping=true -Xmx2G -Xms100m -Xlog:disable -javaagent:c:\Users\bhask\.vscode\extensions\redhat.java-1.50.0-win32-x64\lombok\lombok-1.18.39-4050.jar -XX:+HeapDumpOnOutOfMemoryError -XX:HeapDumpPath=c:\Users\bhask\AppData\Roaming\Code\User\workspaceStorage\644635ba96a47f288f27d437283b0775\redhat.java -Daether.dependencyCollector.impl=bf 
java_command: c:\Users\bhask\.vscode\extensions\redhat.java-1.50.0-win32-x64\server\plugins\org.eclipse.equinox.launcher_1.7.100.v20251111-0406.jar -configuration c:\Users\bhask\AppData\Roaming\Code\User\globalStorage\redhat.java\1.50.0\config_win -data c:\Users\bhask\AppData\Roaming\Code\User\workspaceStorage\644635ba96a47f288f27d437283b0775\redhat.java\jdt_ws --pipe=\\.\pipe\lsp-d3ac9c51d62805ba7001fc6878934ce5-sock
java_class_path (initial): c:\Users\bhask\.vscode\extensions\redhat.java-1.50.0-win32-x64\server\plugins\org.eclipse.equinox.launcher_1.7.100.v20251111-0406.jar
Launcher Type: SUN_STANDARD

[Global flags]
    uintx AdaptiveSizePolicyWeight                 = 90                                        {product} {command line}
     intx CICompilerCount                          = 3                                         {product} {ergonomic}
    uintx GCTimeRatio                              = 4                                         {product} {command line}
     bool HeapDumpOnOutOfMemoryError               = true                                   {manageable} {command line}
    ccstr HeapDumpPath                             = c:\Users\bhask\AppData\Roaming\Code\User\workspaceStorage\644635ba96a47f288f27d437283b0775\redhat.java         {manageable} {command line}
   size_t InitialHeapSize                          = 104857600                                 {product} {command line}
   size_t MaxHeapSize                              = 2147483648                                {product} {command line}
   size_t MaxNewSize                               = 715653120                                 {product} {ergonomic}
   size_t MinHeapDeltaBytes                        = 524288                                    {product} {ergonomic}
   size_t MinHeapSize                              = 104857600                                 {product} {command line}
   size_t NewSize                                  = 34603008                                  {product} {ergonomic}
    uintx NonNMethodCodeHeapSize                   = 5832780                                {pd product} {ergonomic}
    uintx NonProfiledCodeHeapSize                  = 122912730                              {pd product} {ergonomic}
   size_t OldSize                                  = 70254592                                  {product} {ergonomic}
    uintx ProfiledCodeHeapSize                     = 122912730                              {pd product} {ergonomic}
    uintx ReservedCodeCacheSize                    = 251658240                              {pd product} {ergonomic}
     bool SegmentedCodeCache                       = true                                      {product} {ergonomic}
   size_t SoftMaxHeapSize                          = 2147483648                             {manageable} {ergonomic}
     bool UseCompressedOops                        = true                           {product lp64_product} {ergonomic}
     bool UseLargePagesIndividualAllocation        = false                                  {pd product} {ergonomic}
     bool UseParallelGC                            = true                                      {product} {command line}

Logging:
Log output configuration:
 #0: stdout all=off uptime,level,tags foldmultilines=false
 #1: stderr all=off uptime,level,tags foldmultilines=false

Release file:
JAVA_VERSION="21.0.9" 
MODULES="java.base java.compiler java.datatransfer java.xml java.prefs java.desktop java.instrument java.logging java.management java.security.sasl java.naming java.rmi java.management.rmi java.net.http java.scripting java.security.jgss java.transaction.xa java.sql java.sql.rowset java.xml.crypto java.se java.smartcardio jdk.accessibility jdk.internal.jvmstat jdk.attach jdk.charsets jdk.internal.opt jdk.zipfs jdk.compiler jdk.crypto.ec jdk.crypto.cryptoki jdk.crypto.mscapi jdk.dynalink jdk.internal.ed jdk.editpad jdk.hotspot.agent jdk.httpserver jdk.internal.le jdk.internal.vm.ci jdk.internal.vm.compiler jdk.internal.vm.compiler.management jdk.jartool jdk.javadoc jdk.jcmd jdk.management jdk.management.agent jdk.jconsole jdk.jdeps jdk.jdwp.agent jdk.jdi jdk.jfr jdk.jshell jdk.jsobject jdk.jstatd jdk.localedata jdk.management.jfr jdk.naming.dns jdk.naming.rmi jdk.net jdk.nio.mapmode jdk.random jdk.sctp jdk.security.auth jdk.security.jgss jdk.unsupported jdk.unsupported.desktop jdk.xml.dom" 

Environment Variables:
JAVA_HOME=C:\Program Files\Java\jdk-23.0.2
PATH=C:\Program Files\Python311\Scripts\;C:\Program Files\Python311\;C:\WINDOWS\system32;C:\WINDOWS;C:\WINDOWS\System32\Wbem;C:\WINDOWS\System32\WindowsPowerShell\v1.0\;C:\WINDOWS\System32\OpenSSH\;C:\Program Files\Java\jdk-23.0.2\bin;C:\Program Files\MySQL\MySQL Server 8.0\bin;C:\Users\bhask\Desktop\LibraryManagementSystem\mysql-9.5.0-winx64\bin;C:\Users\bhask\OneDrive\Desktop\LibraryManagementSystem\studentportal;C:\Program Files\dotnet\;C:\Users\bhask\Downloads\jdk-21.0.8_windows-x64_bin.zip\jdk-21.0.8\bin;C:\Users\bhask\OneDrive\Desktop\LibraryManagementSystem\maven\apache-maven-3.9.6\bin;C:\Program Files\Git\cmd;C:\Users\bhask\OneDrive\Desktop\LibraryManagementSystem\apache-maven-3.9.11\bin;C:\ProgramData\Microsoft\Windows\Start Menu\Programs\Python 3.11;C:\Program Files\Python311\Scripts\;C:\Program Files\Python311\;C:\WINDOWS\system32;C:\WINDOWS;C:\WINDOWS\System32\Wbem;C:\WINDOWS\System32\WindowsPowerShell\v1.0\;C:\WINDOWS\System32\OpenSSH\;C:\Program Files\Java\jdk-23.0.2\bin;C:\Program Files\MySQL\MySQL Server 8.0\bin;C:\Users\bhask\Desktop\LibraryManagementSystem\mysql-9.5.0-winx64\bin;C:\Users\bhask\OneDrive\Desktop\LibraryManagementSystem\studentportal;C:\Program Files\dotnet\;C:\Users\bhask\Downloads\jdk-21.0.8_windows-x64_bin.zip\jdk-21.0.8\bin;C:\Users\bhask\OneDrive\Desktop\LibraryManagementSystem\maven\apache-maven-3.9.6\bin;C:\Program Files\Git\cmd;C:\Users\bhask\OneDrive\Desktop\LibraryManagementSystem\apache-maven-3.9.11\bin;C:\ProgramData\Microsoft\Windows\Start Menu\Programs\Python 3.11;;C:\Users\bhask\OneDrive\Desktop\LibraryManagementSystem\apache-maven-3.9.11\bin;C:\Users\bhask\AppData\Local\Programs\Microsoft VS Code\bin;C:\ProgramData\Microsoft\Windows\Start Menu\Programs\Python 3.11;
USERNAME=bhask
OS=Windows_NT
PROCESSOR_IDENTIFIER=AMD64 Family 23 Model 24 Stepping 1, AuthenticAMD
TMP=C:\Users\bhask\AppData\Local\Temp
TEMP=C:\Users\bhask\AppData\Local\Temp




Periodic native trim disabled

---------------  S Y S T E M  ---------------

OS:
 Windows 10 , 64 bit Build 19041 (10.0.19041.5915)
OS uptime: 1 days 21:08 hours

CPU: total 4 (initial active 4) (4 cores per cpu, 2 threads per core) family 23 model 24 stepping 1 microcode 0x0, cx8, cmov, fxsr, ht, mmx, 3dnowpref, sse, sse2, sse3, ssse3, sse4a, sse4.1, sse4.2, popcnt, lzcnt, tsc, tscinvbit, avx, avx2, aes, clmul, bmi1, bmi2, adx, sha, fma, vzeroupper, clflush, clflushopt, rdtscp, f16c
Processor Information for the first 4 processors :
  Max Mhz: 2600, Current Mhz: 2600, Mhz Limit: 2600

Memory: 4k page, system-wide physical 3285M (115M free)
TotalPageFile size 13525M (AvailPageFile size 1M)
current process WorkingSet (physical memory assigned to process): 163M, peak: 308M
current process commit charge ("private bytes"): 441M, peak: 450M

vm_info: OpenJDK 64-Bit Server VM (21.0.9+10-LTS) for windows-amd64 JRE (21.0.9+10-LTS), built on 2025-10-21T00:00:00Z by "admin" with unknown MS VC++:1942

END.
