#
# There is insufficient memory for the Java Runtime Environment to continue.
# Native memory allocation (malloc) failed to allocate 269296 bytes. Error detail: Chunk::new
# Possible reasons:
#   The system is out of physical RAM or swap space
#   This process is running with CompressedOops enabled, and the Java Heap may be blocking the growth of the native heap
# Possible solutions:
#   Reduce memory load on the system
#   Increase physical memory or swap space
#   Check if swap backing store is full
#   Decrease Java heap size (-Xmx/-Xms)
#   Decrease number of Java threads
#   Decrease Java thread stack sizes (-Xss)
#   Set larger code cache with -XX:ReservedCodeCacheSize=
#   JVM is running with Unscaled Compressed Oops mode in which the Java heap is
#     placed in the first 4GB address space. The Java Heap base address is the
#     maximum limit for the native heap growth. Please use -XX:HeapBaseMinAddress
#     to set the Java Heap base and to place the Java Heap above 4GB virtual address.
# This output file may be truncated or incomplete.
#
#  Out of Memory Error (arena.cpp:168), pid=11256, tid=4772
#
# JRE version: OpenJDK Runtime Environment Temurin-21.0.9+10 (21.0.9+10) (build 21.0.9+10-LTS)
# Java VM: OpenJDK 64-Bit Server VM Temurin-21.0.9+10 (21.0.9+10-LTS, mixed mode, sharing, tiered, compressed oops, compressed class ptrs, parallel gc, windows-amd64)
# No core dump will be written. Minidumps are not enabled by default on client versions of Windows
#

---------------  S U M M A R Y ------------

Command Line: --add-modules=ALL-SYSTEM --add-opens=java.base/java.util=ALL-UNNAMED --add-opens=java.base/java.lang=ALL-UNNAMED --add-opens=java.base/sun.nio.fs=ALL-UNNAMED -Declipse.application=org.eclipse.jdt.ls.core.id1 -Dosgi.bundles.defaultStartLevel=4 -Declipse.product=org.eclipse.jdt.ls.core.product -Djava.import.generatesMetadataFilesAtProjectRoot=false -DDetectVMInstallationsJob.disabled=true -Dfile.encoding=utf8 -XX:+UseParallelGC -XX:GCTimeRatio=4 -XX:AdaptiveSizePolicyWeight=90 -Dsun.zip.disableMemoryMapping=true -Xmx2G -Xms100m -Xlog:disable -javaagent:c:\Users\bhask\.vscode\extensions\redhat.java-1.50.0-win32-x64\lombok\lombok-1.18.39-4050.jar -XX:+HeapDumpOnOutOfMemoryError -XX:HeapDumpPath=c:\Users\bhask\AppData\Roaming\Code\User\workspaceStorage\0b96bf8c41005c8d64f7a06e3db6a5f4\redhat.java -Daether.dependencyCollector.impl=bf c:\Users\bhask\.vscode\extensions\redhat.java-1.50.0-win32-x64\server\plugins\org.eclipse.equinox.launcher_1.7.100.v20251111-0406.jar -configuration c:\Users\bhask\AppData\Roaming\Code\User\globalStorage\redhat.java\1.50.0\config_win -data c:\Users\bhask\AppData\Roaming\Code\User\workspaceStorage\0b96bf8c41005c8d64f7a06e3db6a5f4\redhat.java\jdt_ws --pipe=\\.\pipe\lsp-acc63d16a7a2673db491f60b31169712-sock

Host: AMD Ryzen 3 3250U with Radeon Graphics         , 4 cores, 3G,  Windows 10 , 64 bit Build 19041 (10.0.19041.5915)
Time: Sun Nov 30 23:48:58 2025 India Standard Time elapsed time: 11.761315 seconds (0d 0h 0m 11s)

---------------  T H R E A D  ---------------

Current thread (0x000001ffb7d1d0a0):  JavaThread "C2 CompilerThread0" daemon [_thread_in_native, id=4772, stack(0x00000088bb500000,0x00000088bb600000) (1024K)]


Current CompileTask:
C2:11761 2511       4       java.io.DataInputStream::readUTF (501 bytes)

Stack: [0x00000088bb500000,0x00000088bb600000]
Native frames: (J=compiled Java code, j=interpreted, Vv=VM code, C=native code)
V  [jvm.dll+0x6d6e29]
V  [jvm.dll+0x8b4b76]
V  [jvm.dll+0x8b712e]
V  [jvm.dll+0x8b7813]
V  [jvm.dll+0x283d86]
V  [jvm.dll+0xc66ed]
V  [jvm.dll+0xc6c31]
V  [jvm.dll+0x3be53b]
V  [jvm.dll+0x38ab92]
V  [jvm.dll+0x389fda]
V  [jvm.dll+0x24bfa0]
V  [jvm.dll+0x24b580]
V  [jvm.dll+0x1cb13e]
V  [jvm.dll+0x25b29d]
V  [jvm.dll+0x25982a]
V  [jvm.dll+0x3f7ea6]
V  [jvm.dll+0x85e9ad]
V  [jvm.dll+0x6d565d]
C  [ucrtbase.dll+0x21bb2]
C  [KERNEL32.DLL+0x17374]
C  [ntdll.dll+0x4cc91]


---------------  P R O C E S S  ---------------

Threads class SMR info:
_java_thread_list=0x000001fffe7995d0, length=17, elements={
0x000001ffa1320610, 0x000001ffb7d08ea0, 0x000001ffb7d0a4e0, 0x000001ffb7d0ddb0,
0x000001ffb7d0ea00, 0x000001ffb7d10040, 0x000001ffb7d172f0, 0x000001ffb7d1d0a0,
0x000001ffb7d41bf0, 0x000001fff9a99550, 0x000001fff9c13990, 0x000001ffb7ddd630,
0x000001fff9d8afb0, 0x000001fff9cae470, 0x000001fff9caead0, 0x000001fffe704eb0,
0x000001fffe9b3c50
}

Java Threads: ( => current thread )
  0x000001ffa1320610 JavaThread "main"                              [_thread_blocked, id=4860, stack(0x00000088bab00000,0x00000088bac00000) (1024K)]
  0x000001ffb7d08ea0 JavaThread "Reference Handler"          daemon [_thread_blocked, id=8744, stack(0x00000088baf00000,0x00000088bb000000) (1024K)]
  0x000001ffb7d0a4e0 JavaThread "Finalizer"                  daemon [_thread_blocked, id=17644, stack(0x00000088bb000000,0x00000088bb100000) (1024K)]
  0x000001ffb7d0ddb0 JavaThread "Signal Dispatcher"          daemon [_thread_blocked, id=2896, stack(0x00000088bb100000,0x00000088bb200000) (1024K)]
  0x000001ffb7d0ea00 JavaThread "Attach Listener"            daemon [_thread_blocked, id=10580, stack(0x00000088bb200000,0x00000088bb300000) (1024K)]
  0x000001ffb7d10040 JavaThread "Service Thread"             daemon [_thread_blocked, id=14556, stack(0x00000088bb300000,0x00000088bb400000) (1024K)]
  0x000001ffb7d172f0 JavaThread "Monitor Deflation Thread"   daemon [_thread_blocked, id=7940, stack(0x00000088bb400000,0x00000088bb500000) (1024K)]
=>0x000001ffb7d1d0a0 JavaThread "C2 CompilerThread0"         daemon [_thread_in_native, id=4772, stack(0x00000088bb500000,0x00000088bb600000) (1024K)]
  0x000001ffb7d41bf0 JavaThread "C1 CompilerThread0"         daemon [_thread_blocked, id=16792, stack(0x00000088bb600000,0x00000088bb700000) (1024K)]
  0x000001fff9a99550 JavaThread "Common-Cleaner"             daemon [_thread_blocked, id=16836, stack(0x00000088bb700000,0x00000088bb800000) (1024K)]
  0x000001fff9c13990 JavaThread "Notification Thread"        daemon [_thread_blocked, id=7104, stack(0x00000088bb800000,0x00000088bb900000) (1024K)]
  0x000001ffb7ddd630 JavaThread "Active Thread: Equinox Container: e93e9c4b-bc3a-4c8b-b42e-bec5c805c333"        [_thread_blocked, id=6064, stack(0x00000088bbc00000,0x00000088bbd00000) (1024K)]
  0x000001fff9d8afb0 JavaThread "Refresh Thread: Equinox Container: e93e9c4b-bc3a-4c8b-b42e-bec5c805c333" daemon [_thread_blocked, id=4836, stack(0x00000088bbd00000,0x00000088bbe00000) (1024K)]
  0x000001fff9cae470 JavaThread "Framework Event Dispatcher: Equinox Container: e93e9c4b-bc3a-4c8b-b42e-bec5c805c333" daemon [_thread_blocked, id=9720, stack(0x00000088bbe00000,0x00000088bbf00000) (1024K)]
  0x000001fff9caead0 JavaThread "Start Level: Equinox Container: e93e9c4b-bc3a-4c8b-b42e-bec5c805c333" daemon [_thread_in_Java, id=11724, stack(0x00000088bbf00000,0x00000088bc000000) (1024K)]
  0x000001fffe704eb0 JavaThread "Bundle File Closer"         daemon [_thread_blocked, id=12012, stack(0x00000088bc000000,0x00000088bc100000) (1024K)]
  0x000001fffe9b3c50 JavaThread "SCR Component Actor"        daemon [_thread_blocked, id=13256, stack(0x00000088bc100000,0x00000088bc200000) (1024K)]
Total: 17

Other Threads:
  0x000001ffa13ddf50 VMThread "VM Thread"                           [id=3148, stack(0x00000088bae00000,0x00000088baf00000) (1024K)]
  0x000001ffa138a3d0 WatcherThread "VM Periodic Task Thread"        [id=9852, stack(0x00000088bad00000,0x00000088bae00000) (1024K)]
  0x000001ffa133efe0 WorkerThread "GC Thread#0"                     [id=14672, stack(0x00000088bac00000,0x00000088bad00000) (1024K)]
  0x000001fff9c889c0 WorkerThread "GC Thread#1"                     [id=9316, stack(0x00000088bb900000,0x00000088bba00000) (1024K)]
  0x000001fffe52e850 WorkerThread "GC Thread#2"                     [id=6532, stack(0x00000088bba00000,0x00000088bbb00000) (1024K)]
  0x000001fffe52ebf0 WorkerThread "GC Thread#3"                     [id=5560, stack(0x00000088bbb00000,0x00000088bbc00000) (1024K)]
Total: 6

Threads with active compile tasks:
C2 CompilerThread0  11787 2511       4       java.io.DataInputStream::readUTF (501 bytes)
Total: 1

VM state: not at safepoint (normal execution)

VM Mutex/Monitor currently owned by a thread: None

Heap address: 0x0000000080000000, size: 2048 MB, Compressed Oops mode: 32-bit

CDS archive(s) mapped at: [0x000001ffb8000000-0x000001ffb8ba0000-0x000001ffb8ba0000), size 12189696, SharedBaseAddress: 0x000001ffb8000000, ArchiveRelocationMode: 1.
Compressed class space mapped at: 0x000001ffb9000000-0x000001fff9000000, reserved size: 1073741824
Narrow klass base: 0x000001ffb8000000, Narrow klass shift: 0, Narrow klass range: 0x100000000

GC Precious Log:
 CardTable entry size: 512
 CPUs: 4 total, 4 available
 Memory: 3285M
 Large Page Support: Disabled
 NUMA Support: Disabled
 Compressed Oops: Enabled (32-bit)
 Alignments: Space 512K, Generation 512K, Heap 2M
 Heap Min Capacity: 100M
 Heap Initial Capacity: 100M
 Heap Max Capacity: 2G
 Pre-touch: Disabled
 Parallel Workers: 4

Heap:
 PSYoungGen      total 29696K, used 6671K [0x00000000d5580000, 0x00000000d7680000, 0x0000000100000000)
  eden space 25600K, 10% used [0x00000000d5580000,0x00000000d580a0f8,0x00000000d6e80000)
  from space 4096K, 99% used [0x00000000d7280000,0x00000000d7679b58,0x00000000d7680000)
  to   space 4096K, 0% used [0x00000000d6e80000,0x00000000d6e80000,0x00000000d7280000)
 ParOldGen       total 68608K, used 6313K [0x0000000080000000, 0x0000000084300000, 0x00000000d5580000)
  object space 68608K, 9% used [0x0000000080000000,0x000000008062a6a0,0x0000000084300000)
 Metaspace       used 12519K, committed 12992K, reserved 1114112K
  class space    used 1345K, committed 1536K, reserved 1048576K

Card table byte_map: [0x000001ffa0cd0000,0x000001ffa10e0000] _byte_map_base: 0x000001ffa08d0000

Marking Bits: (ParMarkBitMap*) 0x00007ffee4942460
 Begin Bits: [0x000001ffb37e0000, 0x000001ffb57e0000)
 End Bits:   [0x000001ffb57e0000, 0x000001ffb77e0000)

Polling page: 0x000001ff9f210000

Metaspace:

Usage:
  Non-class:     10.91 MB used.
      Class:      1.31 MB used.
       Both:     12.23 MB used.

Virtual space:
  Non-class space:       64.00 MB reserved,      11.19 MB ( 17%) committed,  1 nodes.
      Class space:        1.00 GB reserved,       1.50 MB ( <1%) committed,  1 nodes.
             Both:        1.06 GB reserved,      12.69 MB (  1%) committed. 

Chunk freelists:
   Non-Class:  4.87 MB
       Class:  14.53 MB
        Both:  19.40 MB

MaxMetaspaceSize: unlimited
CompressedClassSpaceSize: 1.00 GB
Initial GC threshold: 21.00 MB
Current GC threshold: 21.00 MB
CDS: on
 - commit_granule_bytes: 65536.
 - commit_granule_words: 8192.
 - virtual_space_node_default_size: 8388608.
 - enlarge_chunks_in_place: 1.
 - use_allocation_guard: 0.


Internal statistics:

num_allocs_failed_limit: 0.
num_arena_births: 306.
num_arena_deaths: 0.
num_vsnodes_births: 2.
num_vsnodes_deaths: 0.
num_space_committed: 203.
num_space_uncommitted: 0.
num_chunks_returned_to_freelist: 0.
num_chunks_taken_from_freelist: 678.
num_chunk_merges: 0.
num_chunk_splits: 432.
num_chunks_enlarged: 298.
num_inconsistent_stats: 0.

CodeHeap 'non-profiled nmethods': size=120000Kb used=1146Kb max_used=1146Kb free=118853Kb
 bounds [0x000001ffac000000, 0x000001ffac270000, 0x000001ffb3530000]
CodeHeap 'profiled nmethods': size=120000Kb used=4901Kb max_used=4901Kb free=115098Kb
 bounds [0x000001ffa4530000, 0x000001ffa4a00000, 0x000001ffaba60000]
CodeHeap 'non-nmethods': size=5760Kb used=1240Kb max_used=1254Kb free=4519Kb
 bounds [0x000001ffaba60000, 0x000001ffabcd0000, 0x000001ffac000000]
CodeCache: size=245760Kb, used=7287Kb, max_used=7301Kb, free=238470Kb
 total_blobs=3031, nmethods=2523, adapters=414, full_count=0
Compilation: enabled, stopped_count=0, restarted_count=0

Compilation events (20 events):
Event: 11.739 Thread 0x000001ffb7d41bf0 2515       3       jdk.internal.org.objectweb.asm.AnnotationWriter::visitEnd (44 bytes)
Event: 11.740 Thread 0x000001ffb7d41bf0 nmethod 2515 0x000001ffa49f5210 code [0x000001ffa49f53c0, 0x000001ffa49f5560]
Event: 11.740 Thread 0x000001ffb7d41bf0 2516       1       java.lang.Class::getClassData (5 bytes)
Event: 11.740 Thread 0x000001ffb7d41bf0 nmethod 2516 0x000001ffac11df10 code [0x000001ffac11e0a0, 0x000001ffac11e168]
Event: 11.742 Thread 0x000001ffb7d41bf0 2519       1       org.eclipse.osgi.internal.serviceregistry.ServiceReferenceImpl::getRegistration (5 bytes)
Event: 11.742 Thread 0x000001ffb7d41bf0 nmethod 2519 0x000001ffac11e810 code [0x000001ffac11e9a0, 0x000001ffac11ea68]
Event: 11.745 Thread 0x000001ffb7d41bf0 2520       3       java.lang.Integer::compare (20 bytes)
Event: 11.745 Thread 0x000001ffb7d41bf0 nmethod 2520 0x000001ffa49f5690 code [0x000001ffa49f5840, 0x000001ffa49f5a10]
Event: 11.748 Thread 0x000001ffb7d41bf0 2521       3       java.lang.invoke.MethodHandle::asTypeUncached (54 bytes)
Event: 11.749 Thread 0x000001ffb7d41bf0 nmethod 2521 0x000001ffa49f5a90 code [0x000001ffa49f5d60, 0x000001ffa49f6858]
Event: 11.749 Thread 0x000001ffb7d41bf0 2523       3       java.lang.invoke.MethodHandleImpl::countNonNull (42 bytes)
Event: 11.749 Thread 0x000001ffb7d41bf0 nmethod 2523 0x000001ffa49f6d10 code [0x000001ffa49f6ec0, 0x000001ffa49f70f8]
Event: 11.749 Thread 0x000001ffb7d41bf0 2522       3       java.lang.invoke.MethodType::isConvertibleTo (164 bytes)
Event: 11.750 Thread 0x000001ffb7d41bf0 nmethod 2522 0x000001ffa49f7210 code [0x000001ffa49f7460, 0x000001ffa49f7d38]
Event: 11.756 Thread 0x000001ffb7d41bf0 2524       3       java.util.Collections$SingletonSet::iterator (8 bytes)
Event: 11.757 Thread 0x000001ffb7d41bf0 nmethod 2524 0x000001ffa49f8010 code [0x000001ffa49f81c0, 0x000001ffa49f8460]
Event: 11.757 Thread 0x000001ffb7d41bf0 2526       3       java.lang.invoke.LambdaForm$Name::internArguments (62 bytes)
Event: 11.758 Thread 0x000001ffb7d41bf0 nmethod 2526 0x000001ffa49f8590 code [0x000001ffa49f8780, 0x000001ffa49f8de8]
Event: 11.758 Thread 0x000001ffb7d41bf0 2527       3       java.lang.ref.SoftReference::<init> (13 bytes)
Event: 11.758 Thread 0x000001ffb7d41bf0 nmethod 2527 0x000001ffa49f8f90 code [0x000001ffa49f9140, 0x000001ffa49f93e0]

GC Heap History (8 events):
Event: 4.293 GC heap before
{Heap before GC invocations=1 (full 0):
 PSYoungGen      total 29696K, used 25600K [0x00000000d5580000, 0x00000000d7680000, 0x0000000100000000)
  eden space 25600K, 100% used [0x00000000d5580000,0x00000000d6e80000,0x00000000d6e80000)
  from space 4096K, 0% used [0x00000000d7280000,0x00000000d7280000,0x00000000d7680000)
  to   space 4096K, 0% used [0x00000000d6e80000,0x00000000d6e80000,0x00000000d7280000)
 ParOldGen       total 68608K, used 0K [0x0000000080000000, 0x0000000084300000, 0x00000000d5580000)
  object space 68608K, 0% used [0x0000000080000000,0x0000000080000000,0x0000000084300000)
 Metaspace       used 4379K, committed 4608K, reserved 1114112K
  class space    used 474K, committed 576K, reserved 1048576K
}
Event: 4.305 GC heap after
{Heap after GC invocations=1 (full 0):
 PSYoungGen      total 29696K, used 3296K [0x00000000d5580000, 0x00000000d7680000, 0x0000000100000000)
  eden space 25600K, 0% used [0x00000000d5580000,0x00000000d5580000,0x00000000d6e80000)
  from space 4096K, 80% used [0x00000000d6e80000,0x00000000d71b8158,0x00000000d7280000)
  to   space 4096K, 0% used [0x00000000d7280000,0x00000000d7280000,0x00000000d7680000)
 ParOldGen       total 68608K, used 16K [0x0000000080000000, 0x0000000084300000, 0x00000000d5580000)
  object space 68608K, 0% used [0x0000000080000000,0x0000000080004000,0x0000000084300000)
 Metaspace       used 4379K, committed 4608K, reserved 1114112K
  class space    used 474K, committed 576K, reserved 1048576K
}
Event: 8.135 GC heap before
{Heap before GC invocations=2 (full 0):
 PSYoungGen      total 29696K, used 28878K [0x00000000d5580000, 0x00000000d7680000, 0x0000000100000000)
  eden space 25600K, 99% used [0x00000000d5580000,0x00000000d6e7b780,0x00000000d6e80000)
  from space 4096K, 80% used [0x00000000d6e80000,0x00000000d71b8158,0x00000000d7280000)
  to   space 4096K, 0% used [0x00000000d7280000,0x00000000d7280000,0x00000000d7680000)
 ParOldGen       total 68608K, used 16K [0x0000000080000000, 0x0000000084300000, 0x00000000d5580000)
  object space 68608K, 0% used [0x0000000080000000,0x0000000080004000,0x0000000084300000)
 Metaspace       used 8012K, committed 8320K, reserved 1114112K
  class space    used 840K, committed 960K, reserved 1048576K
}
Event: 8.142 GC heap after
{Heap after GC invocations=2 (full 0):
 PSYoungGen      total 29696K, used 4084K [0x00000000d5580000, 0x00000000d7680000, 0x0000000100000000)
  eden space 25600K, 0% used [0x00000000d5580000,0x00000000d5580000,0x00000000d6e80000)
  from space 4096K, 99% used [0x00000000d7280000,0x00000000d767d1d8,0x00000000d7680000)
  to   space 4096K, 0% used [0x00000000d6e80000,0x00000000d6e80000,0x00000000d7280000)
 ParOldGen       total 68608K, used 1738K [0x0000000080000000, 0x0000000084300000, 0x00000000d5580000)
  object space 68608K, 2% used [0x0000000080000000,0x00000000801b2be0,0x0000000084300000)
 Metaspace       used 8012K, committed 8320K, reserved 1114112K
  class space    used 840K, committed 960K, reserved 1048576K
}
Event: 9.400 GC heap before
{Heap before GC invocations=3 (full 0):
 PSYoungGen      total 29696K, used 29666K [0x00000000d5580000, 0x00000000d7680000, 0x0000000100000000)
  eden space 25600K, 99% used [0x00000000d5580000,0x00000000d6e7b6c8,0x00000000d6e80000)
  from space 4096K, 99% used [0x00000000d7280000,0x00000000d767d1d8,0x00000000d7680000)
  to   space 4096K, 0% used [0x00000000d6e80000,0x00000000d6e80000,0x00000000d7280000)
 ParOldGen       total 68608K, used 1738K [0x0000000080000000, 0x0000000084300000, 0x00000000d5580000)
  object space 68608K, 2% used [0x0000000080000000,0x00000000801b2be0,0x0000000084300000)
 Metaspace       used 9449K, committed 9792K, reserved 1114112K
  class space    used 1007K, committed 1152K, reserved 1048576K
}
Event: 9.415 GC heap after
{Heap after GC invocations=3 (full 0):
 PSYoungGen      total 29696K, used 4091K [0x00000000d5580000, 0x00000000d7680000, 0x0000000100000000)
  eden space 25600K, 0% used [0x00000000d5580000,0x00000000d5580000,0x00000000d6e80000)
  from space 4096K, 99% used [0x00000000d6e80000,0x00000000d727eff8,0x00000000d7280000)
  to   space 4096K, 0% used [0x00000000d7280000,0x00000000d7280000,0x00000000d7680000)
 ParOldGen       total 68608K, used 5100K [0x0000000080000000, 0x0000000084300000, 0x00000000d5580000)
  object space 68608K, 7% used [0x0000000080000000,0x00000000804fb280,0x0000000084300000)
 Metaspace       used 9449K, committed 9792K, reserved 1114112K
  class space    used 1007K, committed 1152K, reserved 1048576K
}
Event: 11.625 GC heap before
{Heap before GC invocations=4 (full 0):
 PSYoungGen      total 29696K, used 29691K [0x00000000d5580000, 0x00000000d7680000, 0x0000000100000000)
  eden space 25600K, 100% used [0x00000000d5580000,0x00000000d6e80000,0x00000000d6e80000)
  from space 4096K, 99% used [0x00000000d6e80000,0x00000000d727eff8,0x00000000d7280000)
  to   space 4096K, 0% used [0x00000000d7280000,0x00000000d7280000,0x00000000d7680000)
 ParOldGen       total 68608K, used 5100K [0x0000000080000000, 0x0000000084300000, 0x00000000d5580000)
  object space 68608K, 7% used [0x0000000080000000,0x00000000804fb280,0x0000000084300000)
 Metaspace       used 12196K, committed 12672K, reserved 1114112K
  class space    used 1297K, committed 1472K, reserved 1048576K
}
Event: 11.635 GC heap after
{Heap after GC invocations=4 (full 0):
 PSYoungGen      total 29696K, used 4070K [0x00000000d5580000, 0x00000000d7680000, 0x0000000100000000)
  eden space 25600K, 0% used [0x00000000d5580000,0x00000000d5580000,0x00000000d6e80000)
  from space 4096K, 99% used [0x00000000d7280000,0x00000000d7679b58,0x00000000d7680000)
  to   space 4096K, 0% used [0x00000000d6e80000,0x00000000d6e80000,0x00000000d7280000)
 ParOldGen       total 68608K, used 6313K [0x0000000080000000, 0x0000000084300000, 0x00000000d5580000)
  object space 68608K, 9% used [0x0000000080000000,0x000000008062a6a0,0x0000000084300000)
 Metaspace       used 12196K, committed 12672K, reserved 1114112K
  class space    used 1297K, committed 1472K, reserved 1048576K
}

Dll operation events (9 events):
Event: 0.037 Loaded shared library c:\Users\bhask\.vscode\extensions\redhat.java-1.50.0-win32-x64\jre\21.0.9-win32-x86_64\bin\java.dll
Event: 0.598 Loaded shared library c:\Users\bhask\.vscode\extensions\redhat.java-1.50.0-win32-x64\jre\21.0.9-win32-x86_64\bin\zip.dll
Event: 0.687 Loaded shared library C:\Users\bhask\.vscode\extensions\redhat.java-1.50.0-win32-x64\jre\21.0.9-win32-x86_64\bin\instrument.dll
Event: 0.816 Loaded shared library C:\Users\bhask\.vscode\extensions\redhat.java-1.50.0-win32-x64\jre\21.0.9-win32-x86_64\bin\net.dll
Event: 0.823 Loaded shared library C:\Users\bhask\.vscode\extensions\redhat.java-1.50.0-win32-x64\jre\21.0.9-win32-x86_64\bin\nio.dll
Event: 0.834 Loaded shared library C:\Users\bhask\.vscode\extensions\redhat.java-1.50.0-win32-x64\jre\21.0.9-win32-x86_64\bin\zip.dll
Event: 0.964 Loaded shared library C:\Users\bhask\.vscode\extensions\redhat.java-1.50.0-win32-x64\jre\21.0.9-win32-x86_64\bin\jimage.dll
Event: 1.420 Loaded shared library c:\Users\bhask\.vscode\extensions\redhat.java-1.50.0-win32-x64\jre\21.0.9-win32-x86_64\bin\verify.dll
Event: 8.155 Loaded shared library C:\Users\bhask\AppData\Roaming\Code\User\globalStorage\redhat.java\1.50.0\config_win\org.eclipse.equinox.launcher\org.eclipse.equinox.launcher.win32.win32.x86_64_1.2.1400.v20250801-0854\eclipse_11916.dll

Deoptimization events (20 events):
Event: 11.484 Thread 0x000001fff9caead0 Uncommon trap: trap_request=0xffffff45 fr.pc=0x000001ffac0bee28 relative=0x00000000000012e8
Event: 11.484 Thread 0x000001fff9caead0 Uncommon trap: reason=unstable_if action=reinterpret pc=0x000001ffac0bee28 method=java.io.WinNTFileSystem.normalize(Ljava/lang/String;II)Ljava/lang/String; @ 100 c2
Event: 11.484 Thread 0x000001fff9caead0 DEOPT PACKING pc=0x000001ffac0bee28 sp=0x00000088bbff9300
Event: 11.484 Thread 0x000001fff9caead0 DEOPT UNPACKING pc=0x000001ffabab3aa2 sp=0x00000088bbff92e8 mode 2
Event: 11.730 Thread 0x000001fff9caead0 Uncommon trap: trap_request=0xffffffc6 fr.pc=0x000001ffac117824 relative=0x00000000000004c4
Event: 11.730 Thread 0x000001fff9caead0 Uncommon trap: reason=bimorphic_or_optimized_type_check action=maybe_recompile pc=0x000001ffac117824 method=java.io.DataInputStream.readFully([BII)V @ 30 c2
Event: 11.730 Thread 0x000001fff9caead0 DEOPT PACKING pc=0x000001ffac117824 sp=0x00000088bbffb8f0
Event: 11.730 Thread 0x000001fff9caead0 DEOPT UNPACKING pc=0x000001ffabab3aa2 sp=0x00000088bbffb8a8 mode 2
Event: 11.730 Thread 0x000001fff9caead0 Uncommon trap: trap_request=0xffffffc6 fr.pc=0x000001ffac117824 relative=0x00000000000004c4
Event: 11.730 Thread 0x000001fff9caead0 Uncommon trap: reason=bimorphic_or_optimized_type_check action=maybe_recompile pc=0x000001ffac117824 method=java.io.DataInputStream.readFully([BII)V @ 30 c2
Event: 11.730 Thread 0x000001fff9caead0 DEOPT PACKING pc=0x000001ffac117824 sp=0x00000088bbffb8e0
Event: 11.730 Thread 0x000001fff9caead0 DEOPT UNPACKING pc=0x000001ffabab3aa2 sp=0x00000088bbffb898 mode 2
Event: 11.730 Thread 0x000001fff9caead0 Uncommon trap: trap_request=0xffffffc6 fr.pc=0x000001ffac117824 relative=0x00000000000004c4
Event: 11.730 Thread 0x000001fff9caead0 Uncommon trap: reason=bimorphic_or_optimized_type_check action=maybe_recompile pc=0x000001ffac117824 method=java.io.DataInputStream.readFully([BII)V @ 30 c2
Event: 11.730 Thread 0x000001fff9caead0 DEOPT PACKING pc=0x000001ffac117824 sp=0x00000088bbffb8e0
Event: 11.730 Thread 0x000001fff9caead0 DEOPT UNPACKING pc=0x000001ffabab3aa2 sp=0x00000088bbffb898 mode 2
Event: 11.730 Thread 0x000001fff9caead0 Uncommon trap: trap_request=0xffffffc6 fr.pc=0x000001ffac117824 relative=0x00000000000004c4
Event: 11.730 Thread 0x000001fff9caead0 Uncommon trap: reason=bimorphic_or_optimized_type_check action=maybe_recompile pc=0x000001ffac117824 method=java.io.DataInputStream.readFully([BII)V @ 30 c2
Event: 11.730 Thread 0x000001fff9caead0 DEOPT PACKING pc=0x000001ffac117824 sp=0x00000088bbffb8e0
Event: 11.730 Thread 0x000001fff9caead0 DEOPT UNPACKING pc=0x000001ffabab3aa2 sp=0x00000088bbffb898 mode 2

Classes loaded (20 events):
Event: 11.562 Loading class java/util/stream/LongPipeline
Event: 11.562 Loading class java/util/stream/LongStream
Event: 11.562 Loading class java/util/stream/LongStream done
Event: 11.563 Loading class java/util/stream/LongPipeline done
Event: 11.563 Loading class java/util/stream/LongPipeline$StatelessOp done
Event: 11.563 Loading class java/util/stream/ReferencePipeline$5 done
Event: 11.563 Loading class java/util/function/LongBinaryOperator
Event: 11.563 Loading class java/util/function/LongBinaryOperator done
Event: 11.564 Loading class java/util/stream/ReduceOps$10
Event: 11.564 Loading class java/util/stream/ReduceOps$10 done
Event: 11.564 Loading class java/util/stream/ReduceOps$8ReducingSink
Event: 11.564 Loading class java/util/stream/Sink$OfLong
Event: 11.564 Loading class java/util/stream/Sink$OfLong done
Event: 11.564 Loading class java/util/stream/ReduceOps$8ReducingSink done
Event: 11.564 Loading class java/util/stream/ReferencePipeline$5$1
Event: 11.564 Loading class java/util/stream/ReferencePipeline$5$1 done
Event: 11.642 Loading class java/nio/file/NoSuchFileException
Event: 11.643 Loading class java/nio/file/FileSystemException
Event: 11.643 Loading class java/nio/file/FileSystemException done
Event: 11.643 Loading class java/nio/file/NoSuchFileException done

Classes unloaded (0 events):
No events

Classes redefined (0 events):
No events

Internal exceptions (20 events):
Event: 4.583 Thread 0x000001ffa1320610 Implicit null exception at 0x000001ffac060abc to 0x000001ffac060d48
Event: 6.412 Thread 0x000001ffa1320610 Exception <a 'java/lang/NoSuchMethodError'{0x00000000d599aea0}: 'void java.lang.invoke.DirectMethodHandle$Holder.invokeSpecial(java.lang.Object, java.lang.Object, java.lang.Object)'> (0x00000000d599aea0) 
thrown [s\src\hotspot\share\interpreter\linkResolver.cpp, line 773]
Event: 7.223 Thread 0x000001ffa1320610 Exception <a 'java/lang/NoSuchMethodError'{0x00000000d6389b48}: 'int java.lang.invoke.DirectMethodHandle$Holder.invokeVirtual(java.lang.Object, java.lang.Object)'> (0x00000000d6389b48) 
thrown [s\src\hotspot\share\interpreter\linkResolver.cpp, line 773]
Event: 7.341 Thread 0x000001ffa1320610 Exception <a 'java/lang/NoSuchMethodError'{0x00000000d64fdfd0}: 'int java.lang.invoke.DirectMethodHandle$Holder.invokeStaticInit(java.lang.Object, java.lang.Object, java.lang.Object, java.lang.Object)'> (0x00000000d64fdfd0) 
thrown [s\src\hotspot\share\interpreter\linkResolver.cpp, line 773]
Event: 7.345 Thread 0x000001ffa1320610 Exception <a 'java/lang/IncompatibleClassChangeError'{0x00000000d65063d8}: Found class java.lang.Object, but interface was expected> (0x00000000d65063d8) 
thrown [s\src\hotspot\share\interpreter\linkResolver.cpp, line 840]
Event: 7.346 Thread 0x000001ffa1320610 Exception <a 'java/lang/NoSuchMethodError'{0x00000000d650c988}: 'void java.lang.invoke.DirectMethodHandle$Holder.invokeStaticInit(java.lang.Object, java.lang.Object)'> (0x00000000d650c988) 
thrown [s\src\hotspot\share\interpreter\linkResolver.cpp, line 773]
Event: 7.348 Thread 0x000001ffa1320610 Exception <a 'java/lang/NoSuchMethodError'{0x00000000d6515d60}: 'int java.lang.invoke.DirectMethodHandle$Holder.invokeStaticInit(java.lang.Object, java.lang.Object)'> (0x00000000d6515d60) 
thrown [s\src\hotspot\share\interpreter\linkResolver.cpp, line 773]
Event: 7.514 Thread 0x000001ffa1320610 Exception <a 'java/lang/NoSuchMethodError'{0x00000000d675b960}: 'java.lang.Object java.lang.invoke.DirectMethodHandle$Holder.newInvokeSpecial(java.lang.Object, int, java.lang.Object)'> (0x00000000d675b960) 
thrown [s\src\hotspot\share\interpreter\linkResolver.cpp, line 773]
Event: 7.671 Thread 0x000001ffa1320610 Exception <a 'java/lang/ClassNotFoundException'{0x00000000d69722a8}: sun/net/www/protocol/plurl/Handler> (0x00000000d69722a8) 
thrown [s\src\hotspot\share\classfile\systemDictionary.cpp, line 312]
Event: 7.671 Thread 0x000001ffa1320610 Exception <a 'java/lang/ClassNotFoundException'{0x00000000d6973128}: sun/net/www/protocol/plurl/Handler> (0x00000000d6973128) 
thrown [s\src\hotspot\share\classfile\systemDictionary.cpp, line 312]
Event: 8.132 Thread 0x000001ffa1320610 Exception <a 'java/lang/UnsatisfiedLinkError'{0x00000000d6dc2858}: 'void org.eclipse.equinox.launcher.JNIBridge._update_splash()'> (0x00000000d6dc2858) 
thrown [s\src\hotspot\share\prims\nativeLookup.cpp, line 415]
Event: 8.212 Thread 0x000001fff9d8afb0 Exception <a 'java/lang/NoSuchMethodError'{0x00000000d5826fa8}: 'void java.lang.invoke.DirectMethodHandle$Holder.invokeInterface(java.lang.Object, java.lang.Object, java.lang.Object)'> (0x00000000d5826fa8) 
thrown [s\src\hotspot\share\interpreter\linkResolver.cpp, line 773]
Event: 8.346 Thread 0x000001fff9caead0 Exception <a 'java/lang/NoSuchMethodError'{0x00000000d5bf7b70}: 'java.lang.Object java.lang.invoke.DirectMethodHandle$Holder.newInvokeSpecial(java.lang.Object, java.lang.Object, int, java.lang.Object)'> (0x00000000d5bf7b70) 
thrown [s\src\hotspot\share\interpreter\linkResolver.cpp, line 773]
Event: 8.348 Thread 0x000001fff9caead0 Exception <a 'java/lang/NoSuchMethodError'{0x00000000d5bfb9a0}: 'java.lang.Object java.lang.invoke.DirectMethodHandle$Holder.invokeSpecial(java.lang.Object, java.lang.Object, java.lang.Object, int, java.lang.Object)'> (0x00000000d5bfb9a0) 
thrown [s\src\hotspot\share\interpreter\linkResolver.cpp, line 773]
Event: 8.374 Thread 0x000001fff9caead0 Exception <a 'java/lang/NoClassDefFoundError'{0x00000000d5ca26d0}: jakarta/servlet/ServletContainerInitializer> (0x00000000d5ca26d0) 
thrown [s\src\hotspot\share\classfile\systemDictionary.cpp, line 301]
Event: 8.481 Thread 0x000001fff9caead0 Exception <a 'java/lang/ClassNotFoundException'{0x00000000d5df7550}: sun/util/logging/resources/spi/loggingProvider> (0x00000000d5df7550) 
thrown [s\src\hotspot\share\classfile\systemDictionary.cpp, line 312]
Event: 11.045 Thread 0x000001fff9caead0 Exception <a 'java/lang/NullPointerException'{0x00000000d63a1130}> (0x00000000d63a1130) 
thrown [s\src\hotspot\share\interpreter\linkResolver.cpp, line 1372]
Event: 11.045 Thread 0x000001fff9caead0 Exception <a 'java/lang/NullPointerException'{0x00000000d63a1410}> (0x00000000d63a1410) 
thrown [s\src\hotspot\share\interpreter\linkResolver.cpp, line 1372]
Event: 11.559 Thread 0x000001fff9caead0 Exception <a 'java/lang/NoSuchMethodError'{0x00000000d6d2b168}: 'long java.lang.invoke.DirectMethodHandle$Holder.invokeSpecial(java.lang.Object, java.lang.Object)'> (0x00000000d6d2b168) 
thrown [s\src\hotspot\share\interpreter\linkResolver.cpp, line 773]
Event: 11.656 Thread 0x000001fff9caead0 Exception <a 'java/io/FileNotFoundException'{0x00000000d566d1d8}> (0x00000000d566d1d8) 
thrown [s\src\hotspot\share\prims\jni.cpp, line 520]

ZGC Phase Switch (0 events):
No events

VM Operations (20 events):
Event: 8.135 Executing VM operation: ParallelGCFailedAllocation (Allocation Failure)
Event: 8.143 Executing VM operation: ParallelGCFailedAllocation (Allocation Failure) done
Event: 8.439 Executing VM operation: HandshakeAllThreads (Deoptimize)
Event: 8.439 Executing VM operation: HandshakeAllThreads (Deoptimize) done
Event: 8.515 Executing VM operation: HandshakeAllThreads (Deoptimize)
Event: 8.515 Executing VM operation: HandshakeAllThreads (Deoptimize) done
Event: 8.567 Executing VM operation: HandshakeAllThreads (Deoptimize)
Event: 8.567 Executing VM operation: HandshakeAllThreads (Deoptimize) done
Event: 8.587 Executing VM operation: HandshakeAllThreads (Deoptimize)
Event: 8.587 Executing VM operation: HandshakeAllThreads (Deoptimize) done
Event: 9.141 Executing VM operation: HandshakeAllThreads (Deoptimize)
Event: 9.141 Executing VM operation: HandshakeAllThreads (Deoptimize) done
Event: 9.400 Executing VM operation: ParallelGCFailedAllocation (Allocation Failure)
Event: 9.415 Executing VM operation: ParallelGCFailedAllocation (Allocation Failure) done
Event: 10.425 Executing VM operation: Cleanup
Event: 10.455 Executing VM operation: Cleanup done
Event: 11.384 Executing VM operation: HandshakeAllThreads (Deoptimize)
Event: 11.384 Executing VM operation: HandshakeAllThreads (Deoptimize) done
Event: 11.625 Executing VM operation: ParallelGCFailedAllocation (Allocation Failure)
Event: 11.635 Executing VM operation: ParallelGCFailedAllocation (Allocation Failure) done

Memory protections (0 events):
No events

Nmethod flushes (0 events):
No events

Events (17 events):
Event: 0.091 Thread 0x000001ffa1320610 Thread added: 0x000001ffa1320610
Event: 0.503 Thread 0x000001ffa1320610 Thread added: 0x000001ffb7d08ea0
Event: 0.503 Thread 0x000001ffa1320610 Thread added: 0x000001ffb7d0a4e0
Event: 0.503 Thread 0x000001ffa1320610 Thread added: 0x000001ffb7d0ddb0
Event: 0.503 Thread 0x000001ffa1320610 Thread added: 0x000001ffb7d0ea00
Event: 0.504 Thread 0x000001ffa1320610 Thread added: 0x000001ffb7d10040
Event: 0.504 Thread 0x000001ffa1320610 Thread added: 0x000001ffb7d172f0
Event: 0.504 Thread 0x000001ffa1320610 Thread added: 0x000001ffb7d1d0a0
Event: 0.504 Thread 0x000001ffa1320610 Thread added: 0x000001ffb7d41bf0
Event: 0.784 Thread 0x000001ffa1320610 Thread added: 0x000001fff9a99550
Event: 2.179 Thread 0x000001ffa1320610 Thread added: 0x000001fff9c13990
Event: 7.397 Thread 0x000001ffa1320610 Thread added: 0x000001ffb7ddd630
Event: 8.126 Thread 0x000001ffa1320610 Thread added: 0x000001fff9d8afb0
Event: 8.218 Thread 0x000001fff9d8afb0 Thread added: 0x000001fff9cae470
Event: 8.223 Thread 0x000001ffa1320610 Thread added: 0x000001fff9caead0
Event: 9.707 Thread 0x000001fff9caead0 Thread added: 0x000001fffe704eb0
Event: 11.337 Thread 0x000001fff9caead0 Thread added: 0x000001fffe9b3c50


Dynamic libraries:
0x00007ff715cf0000 - 0x00007ff715cfe000 	c:\Users\bhask\.vscode\extensions\redhat.java-1.50.0-win32-x64\jre\21.0.9-win32-x86_64\bin\java.exe
0x00007fff24090000 - 0x00007fff24288000 	C:\WINDOWS\SYSTEM32\ntdll.dll
0x00007fff231d0000 - 0x00007fff23292000 	C:\WINDOWS\System32\KERNEL32.DLL
0x00007fff21750000 - 0x00007fff21a46000 	C:\WINDOWS\System32\KERNELBASE.dll
0x00007fff21f00000 - 0x00007fff22000000 	C:\WINDOWS\System32\ucrtbase.dll
0x00007fff15b30000 - 0x00007fff15b48000 	c:\Users\bhask\.vscode\extensions\redhat.java-1.50.0-win32-x64\jre\21.0.9-win32-x86_64\bin\jli.dll
0x00007fff22e70000 - 0x00007fff23011000 	C:\WINDOWS\System32\USER32.dll
0x00007fff21720000 - 0x00007fff21742000 	C:\WINDOWS\System32\win32u.dll
0x00007fff232a0000 - 0x00007fff232cb000 	C:\WINDOWS\System32\GDI32.dll
0x00007fff21ad0000 - 0x00007fff21be9000 	C:\WINDOWS\System32\gdi32full.dll
0x00007fff21bf0000 - 0x00007fff21c8d000 	C:\WINDOWS\System32\msvcp_win.dll
0x00007fff09d60000 - 0x00007fff09d7e000 	c:\Users\bhask\.vscode\extensions\redhat.java-1.50.0-win32-x64\jre\21.0.9-win32-x86_64\bin\VCRUNTIME140.dll
0x00007fff173b0000 - 0x00007fff1764b000 	C:\WINDOWS\WinSxS\amd64_microsoft.windows.common-controls_6595b64144ccf1df_6.0.19041.6456_none_60b8a6cb71f64256\COMCTL32.dll
0x00007fff22380000 - 0x00007fff2241e000 	C:\WINDOWS\System32\msvcrt.dll
0x00007fff225f0000 - 0x00007fff2261f000 	C:\WINDOWS\System32\IMM32.DLL
0x00007fff197c0000 - 0x00007fff197cc000 	c:\Users\bhask\.vscode\extensions\redhat.java-1.50.0-win32-x64\jre\21.0.9-win32-x86_64\bin\vcruntime140_1.dll
0x00007fff02610000 - 0x00007fff0269d000 	c:\Users\bhask\.vscode\extensions\redhat.java-1.50.0-win32-x64\jre\21.0.9-win32-x86_64\bin\msvcp140.dll
0x00007ffee3c80000 - 0x00007ffee4a20000 	c:\Users\bhask\.vscode\extensions\redhat.java-1.50.0-win32-x64\jre\21.0.9-win32-x86_64\bin\server\jvm.dll
0x00007fff22110000 - 0x00007fff221c1000 	C:\WINDOWS\System32\ADVAPI32.dll
0x00007fff23c30000 - 0x00007fff23ccf000 	C:\WINDOWS\System32\sechost.dll
0x00007fff237b0000 - 0x00007fff238d0000 	C:\WINDOWS\System32\RPCRT4.dll
0x00007fff21df0000 - 0x00007fff21e17000 	C:\WINDOWS\System32\bcrypt.dll
0x00007fff23f30000 - 0x00007fff23f9b000 	C:\WINDOWS\System32\WS2_32.dll
0x00007fff21580000 - 0x00007fff215cb000 	C:\WINDOWS\SYSTEM32\POWRPROF.dll
0x00007fff18570000 - 0x00007fff18597000 	C:\WINDOWS\SYSTEM32\WINMM.dll
0x00007fff1a870000 - 0x00007fff1a87a000 	C:\WINDOWS\SYSTEM32\VERSION.dll
0x00007fff21560000 - 0x00007fff21572000 	C:\WINDOWS\SYSTEM32\UMPDC.dll
0x00007fff1f480000 - 0x00007fff1f492000 	C:\WINDOWS\SYSTEM32\kernel.appcore.dll
0x00007fff19260000 - 0x00007fff1926a000 	c:\Users\bhask\.vscode\extensions\redhat.java-1.50.0-win32-x64\jre\21.0.9-win32-x86_64\bin\jimage.dll
0x00007fff1b230000 - 0x00007fff1b431000 	C:\WINDOWS\SYSTEM32\DBGHELP.DLL
0x00007fff0f680000 - 0x00007fff0f6b4000 	C:\WINDOWS\SYSTEM32\dbgcore.DLL
0x00007fff21e20000 - 0x00007fff21ea2000 	C:\WINDOWS\System32\bcryptPrimitives.dll
0x00007fff17cf0000 - 0x00007fff17cff000 	c:\Users\bhask\.vscode\extensions\redhat.java-1.50.0-win32-x64\jre\21.0.9-win32-x86_64\bin\instrument.dll
0x00007fff08c30000 - 0x00007fff08c50000 	c:\Users\bhask\.vscode\extensions\redhat.java-1.50.0-win32-x64\jre\21.0.9-win32-x86_64\bin\java.dll
0x00007fff226f0000 - 0x00007fff22e60000 	C:\WINDOWS\System32\SHELL32.dll
0x00007fff1f790000 - 0x00007fff1ff35000 	C:\WINDOWS\SYSTEM32\windows.storage.dll
0x00007fff238d0000 - 0x00007fff23c24000 	C:\WINDOWS\System32\combase.dll
0x00007fff21070000 - 0x00007fff2109b000 	C:\WINDOWS\SYSTEM32\Wldp.dll
0x00007fff23020000 - 0x00007fff230ed000 	C:\WINDOWS\System32\OLEAUT32.dll
0x00007fff23e00000 - 0x00007fff23ead000 	C:\WINDOWS\System32\SHCORE.dll
0x00007fff22620000 - 0x00007fff2267b000 	C:\WINDOWS\System32\shlwapi.dll
0x00007fff21650000 - 0x00007fff21674000 	C:\WINDOWS\SYSTEM32\profapi.dll
0x00007fff08800000 - 0x00007fff08818000 	c:\Users\bhask\.vscode\extensions\redhat.java-1.50.0-win32-x64\jre\21.0.9-win32-x86_64\bin\zip.dll
0x00007fff17130000 - 0x00007fff17140000 	C:\Users\bhask\.vscode\extensions\redhat.java-1.50.0-win32-x64\jre\21.0.9-win32-x86_64\bin\net.dll
0x00007fff1a880000 - 0x00007fff1a98a000 	C:\WINDOWS\SYSTEM32\WINHTTP.dll
0x00007fff20dd0000 - 0x00007fff20e3a000 	C:\WINDOWS\system32\mswsock.dll
0x00007fff05ed0000 - 0x00007fff05ee6000 	C:\Users\bhask\.vscode\extensions\redhat.java-1.50.0-win32-x64\jre\21.0.9-win32-x86_64\bin\nio.dll
0x00007fff16fa0000 - 0x00007fff16fb0000 	c:\Users\bhask\.vscode\extensions\redhat.java-1.50.0-win32-x64\jre\21.0.9-win32-x86_64\bin\verify.dll
0x00007fff028c0000 - 0x00007fff02904000 	C:\Users\bhask\AppData\Roaming\Code\User\globalStorage\redhat.java\1.50.0\config_win\org.eclipse.equinox.launcher\org.eclipse.equinox.launcher.win32.win32.x86_64_1.2.1400.v20250801-0854\eclipse_11916.dll
0x00007fff23cd0000 - 0x00007fff23dfb000 	C:\WINDOWS\System32\ole32.dll

JVMTI agents:
c:\Users\bhask\.vscode\extensions\redhat.java-1.50.0-win32-x64\lombok\lombok-1.18.39-4050.jar path:c:\Users\bhask\.vscode\extensions\redhat.java-1.50.0-win32-x64\jre\21.0.9-win32-x86_64\bin\instrument.dll, loaded, initialized, instrumentlib options:none

dbghelp: loaded successfully - version: 4.0.5 - missing functions: none
symbol engine: initialized successfully - sym options: 0x614 - pdb path: .;c:\Users\bhask\.vscode\extensions\redhat.java-1.50.0-win32-x64\jre\21.0.9-win32-x86_64\bin;C:\WINDOWS\SYSTEM32;C:\WINDOWS\WinSxS\amd64_microsoft.windows.common-controls_6595b64144ccf1df_6.0.19041.6456_none_60b8a6cb71f64256;c:\Users\bhask\.vscode\extensions\redhat.java-1.50.0-win32-x64\jre\21.0.9-win32-x86_64\bin\server;C:\Users\bhask\AppData\Roaming\Code\User\globalStorage\redhat.java\1.50.0\config_win\org.eclipse.equinox.launcher\org.eclipse.equinox.launcher.win32.win32.x86_64_1.2.1400.v20250801-0854

VM Arguments:
jvm_args: --add-modules=ALL-SYSTEM --add-opens=java.base/java.util=ALL-UNNAMED --add-opens=java.base/java.lang=ALL-UNNAMED --add-opens=java.base/sun.nio.fs=ALL-UNNAMED -Declipse.application=org.eclipse.jdt.ls.core.id1 -Dosgi.bundles.defaultStartLevel=4 -Declipse.product=org.eclipse.jdt.ls.core.product -Djava.import.generatesMetadataFilesAtProjectRoot=false -DDetectVMInstallationsJob.disabled=true -Dfile.encoding=utf8 -XX:+UseParallelGC -XX:GCTimeRatio=4 -XX:AdaptiveSizePolicyWeight=90 -Dsun.zip.disableMemoryMapping=true -Xmx2G -Xms100m -Xlog:disable -javaagent:c:\Users\bhask\.vscode\extensions\redhat.java-1.50.0-win32-x64\lombok\lombok-1.18.39-4050.jar -XX:+HeapDumpOnOutOfMemoryError -XX:HeapDumpPath=c:\Users\bhask\AppData\Roaming\Code\User\workspaceStorage\0b96bf8c41005c8d64f7a06e3db6a5f4\redhat.java -Daether.dependencyCollector.impl=bf 
java_command: c:\Users\bhask\.vscode\extensions\redhat.java-1.50.0-win32-x64\server\plugins\org.eclipse.equinox.launcher_1.7.100.v20251111-0406.jar -configuration c:\Users\bhask\AppData\Roaming\Code\User\globalStorage\redhat.java\1.50.0\config_win -data c:\Users\bhask\AppData\Roaming\Code\User\workspaceStorage\0b96bf8c41005c8d64f7a06e3db6a5f4\redhat.java\jdt_ws --pipe=\\.\pipe\lsp-acc63d16a7a2673db491f60b31169712-sock
java_class_path (initial): c:\Users\bhask\.vscode\extensions\redhat.java-1.50.0-win32-x64\server\plugins\org.eclipse.equinox.launcher_1.7.100.v20251111-0406.jar
Launcher Type: SUN_STANDARD

[Global flags]
    uintx AdaptiveSizePolicyWeight                 = 90                                        {product} {command line}
     intx CICompilerCount                          = 3                                         {product} {ergonomic}
    uintx GCTimeRatio                              = 4                                         {product} {command line}
     bool HeapDumpOnOutOfMemoryError               = true                                   {manageable} {command line}
    ccstr HeapDumpPath                             = c:\Users\bhask\AppData\Roaming\Code\User\workspaceStorage\0b96bf8c41005c8d64f7a06e3db6a5f4\redhat.java         {manageable} {command line}
   size_t InitialHeapSize                          = 104857600                                 {product} {command line}
   size_t MaxHeapSize                              = 2147483648                                {product} {command line}
   size_t MaxNewSize                               = 715653120                                 {product} {ergonomic}
   size_t MinHeapDeltaBytes                        = 524288                                    {product} {ergonomic}
   size_t MinHeapSize                              = 104857600                                 {product} {command line}
   size_t NewSize                                  = 34603008                                  {product} {ergonomic}
    uintx NonNMethodCodeHeapSize                   = 5832780                                {pd product} {ergonomic}
    uintx NonProfiledCodeHeapSize                  = 122912730                              {pd product} {ergonomic}
   size_t OldSize                                  = 70254592                                  {product} {ergonomic}
    uintx ProfiledCodeHeapSize                     = 122912730                              {pd product} {ergonomic}
    uintx ReservedCodeCacheSize                    = 251658240                              {pd product} {ergonomic}
     bool SegmentedCodeCache                       = true                                      {product} {ergonomic}
   size_t SoftMaxHeapSize                          = 2147483648                             {manageable} {ergonomic}
     bool UseCompressedOops                        = true                           {product lp64_product} {ergonomic}
     bool UseLargePagesIndividualAllocation        = false                                  {pd product} {ergonomic}
     bool UseParallelGC                            = true                                      {product} {command line}

Logging:
Log output configuration:
 #0: stdout all=off uptime,level,tags foldmultilines=false
 #1: stderr all=off uptime,level,tags foldmultilines=false

Release file:
JAVA_VERSION="21.0.9" 
MODULES="java.base java.compiler java.datatransfer java.xml java.prefs java.desktop java.instrument java.logging java.management java.security.sasl java.naming java.rmi java.management.rmi java.net.http java.scripting java.security.jgss java.transaction.xa java.sql java.sql.rowset java.xml.crypto java.se java.smartcardio jdk.accessibility jdk.internal.jvmstat jdk.attach jdk.charsets jdk.internal.opt jdk.zipfs jdk.compiler jdk.crypto.ec jdk.crypto.cryptoki jdk.crypto.mscapi jdk.dynalink jdk.internal.ed jdk.editpad jdk.hotspot.agent jdk.httpserver jdk.internal.le jdk.internal.vm.ci jdk.internal.vm.compiler jdk.internal.vm.compiler.management jdk.jartool jdk.javadoc jdk.jcmd jdk.management jdk.management.agent jdk.jconsole jdk.jdeps jdk.jdwp.agent jdk.jdi jdk.jfr jdk.jshell jdk.jsobject jdk.jstatd jdk.localedata jdk.management.jfr jdk.naming.dns jdk.naming.rmi jdk.net jdk.nio.mapmode jdk.random jdk.sctp jdk.security.auth jdk.security.jgss jdk.unsupported jdk.unsupported.desktop jdk.xml.dom" 

Environment Variables:
JAVA_HOME=C:\Program Files\Java\jdk-23.0.2
PATH=C:\WINDOWS\system32;C:\WINDOWS;C:\WINDOWS\System32\Wbem;C:\WINDOWS\System32\WindowsPowerShell\v1.0\;C:\WINDOWS\System32\OpenSSH\;C:\Program Files\Java\jdk-23.0.2\bin;C:\Program Files\MySQL\MySQL Server 8.0\bin;C:\Users\bhask\Desktop\LibraryManagementSystem\mysql-9.5.0-winx64\bin;C:\Users\bhask\OneDrive\Desktop\LibraryManagementSystem\studentportal;C:\Program Files\dotnet\;C:\Users\bhask\Downloads\jdk-21.0.8_windows-x64_bin.zip\jdk-21.0.8\bin;C:\Users\bhask\OneDrive\Desktop\LibraryManagementSystem\maven\apache-maven-3.9.6\bin;C:\Program Files\Git\cmd;C:\Users\bhask\OneDrive\Desktop\LibraryManagementSystem\apache-maven-3.9.11\bin;C:\WINDOWS\system32;C:\WINDOWS;C:\WINDOWS\System32\Wbem;C:\WINDOWS\System32\WindowsPowerShell\v1.0\;C:\WINDOWS\System32\OpenSSH\;C:\Program Files\Java\jdk-23.0.2\bin;C:\Program Files\MySQL\MySQL Server 8.0\bin;C:\Users\bhask\Desktop\LibraryManagementSystem\mysql-9.5.0-winx64\bin;C:\Users\bhask\OneDrive\Desktop\LibraryManagementSystem\studentportal;C:\Program Files\dotnet\;C:\Users\bhask\Downloads\jdk-21.0.8_windows-x64_bin.zip\jdk-21.0.8\bin;C:\Users\bhask\OneDrive\Desktop\LibraryManagementSystem\maven\apache-maven-3.9.6\bin;C:\Program Files\Git\cmd;C:\Users\bhask\OneDrive\Desktop\LibraryManagementSystem\apache-maven-3.9.11\bin;;C:\Users\bhask\OneDrive\Desktop\LibraryManagementSystem\apache-maven-3.9.11\bin;C:\Users\bhask\AppData\Local\Programs\Microsoft VS Code\bin
USERNAME=bhask
OS=Windows_NT
PROCESSOR_IDENTIFIER=AMD64 Family 23 Model 24 Stepping 1, AuthenticAMD
TMP=C:\Users\bhask\AppData\Local\Temp
TEMP=C:\Users\bhask\AppData\Local\Temp




Periodic native trim disabled

---------------  S Y S T E M  ---------------

OS:
 Windows 10 , 64 bit Build 19041 (10.0.19041.5915)
OS uptime: 2 days 10:39 hours

CPU: total 4 (initial active 4) (4 cores per cpu, 2 threads per core) family 23 model 24 stepping 1 microcode 0x0, cx8, cmov, fxsr, ht, mmx, 3dnowpref, sse, sse2, sse3, ssse3, sse4a, sse4.1, sse4.2, popcnt, lzcnt, tsc, tscinvbit, avx, avx2, aes, clmul, bmi1, bmi2, adx, sha, fma, vzeroupper, clflush, clflushopt, rdtscp, f16c
Processor Information for the first 4 processors :
  Max Mhz: 2600, Current Mhz: 2600, Mhz Limit: 2600

Memory: 4k page, system-wide physical 3285M (35M free)
TotalPageFile size 13525M (AvailPageFile size 0M)
current process WorkingSet (physical memory assigned to process): 111M, peak: 111M
current process commit charge ("private bytes"): 239M, peak: 239M

vm_info: OpenJDK 64-Bit Server VM (21.0.9+10-LTS) for windows-amd64 JRE (21.0.9+10-LTS), built on 2025-10-21T00:00:00Z by "admin" with unknown MS VC++:1942

END.
