#
# There is insufficient memory for the Java Runtime Environment to continue.
# Native memory allocation (malloc) failed to allocate 174080 bytes. Error detail: Chunk::new
# Possible reasons:
#   The system is out of physical RAM or swap space
#   This process is running with CompressedOops enabled, and the Java Heap may be blocking the growth of the native heap
# Possible solutions:
#   Reduce memory load on the system
#   Increase physical memory or swap space
#   Check if swap backing store is full
#   Decrease Java heap size (-Xmx/-Xms)
#   Decrease number of Java threads
#   Decrease Java thread stack sizes (-Xss)
#   Set larger code cache with -XX:ReservedCodeCacheSize=
#   JVM is running with Unscaled Compressed Oops mode in which the Java heap is
#     placed in the first 4GB address space. The Java Heap base address is the
#     maximum limit for the native heap growth. Please use -XX:HeapBaseMinAddress
#     to set the Java Heap base and to place the Java Heap above 4GB virtual address.
# This output file may be truncated or incomplete.
#
#  Out of Memory Error (arena.cpp:168), pid=18152, tid=4296
#
# JRE version: OpenJDK Runtime Environment Temurin-21.0.9+10 (21.0.9+10) (build 21.0.9+10-LTS)
# Java VM: OpenJDK 64-Bit Server VM Temurin-21.0.9+10 (21.0.9+10-LTS, mixed mode, sharing, tiered, compressed oops, compressed class ptrs, parallel gc, windows-amd64)
# No core dump will be written. Minidumps are not enabled by default on client versions of Windows
#

---------------  S U M M A R Y ------------

Command Line: --add-modules=ALL-SYSTEM --add-opens=java.base/java.util=ALL-UNNAMED --add-opens=java.base/java.lang=ALL-UNNAMED --add-opens=java.base/sun.nio.fs=ALL-UNNAMED -Declipse.application=org.eclipse.jdt.ls.core.id1 -Dosgi.bundles.defaultStartLevel=4 -Declipse.product=org.eclipse.jdt.ls.core.product -Djava.import.generatesMetadataFilesAtProjectRoot=false -DDetectVMInstallationsJob.disabled=true -Dfile.encoding=utf8 -XX:+UseParallelGC -XX:GCTimeRatio=4 -XX:AdaptiveSizePolicyWeight=90 -Dsun.zip.disableMemoryMapping=true -Xmx2G -Xms100m -Xlog:disable -javaagent:c:\Users\bhask\.vscode\extensions\redhat.java-1.50.0-win32-x64\lombok\lombok-1.18.39-4050.jar c:\Users\bhask\.vscode\extensions\redhat.java-1.50.0-win32-x64\server\plugins\org.eclipse.equinox.launcher_1.7.100.v20251111-0406.jar -configuration c:\Users\bhask\AppData\Roaming\Code\User\globalStorage\redhat.java\1.50.0\config_ss_win -data c:\Users\bhask\AppData\Roaming\Code\User\workspaceStorage\0b96bf8c41005c8d64f7a06e3db6a5f4\redhat.java\ss_ws --pipe=\\.\pipe\lsp-ff1fbb2f69ccf9444b8402b5b91d9327-sock

Host: AMD Ryzen 3 3250U with Radeon Graphics         , 4 cores, 3G,  Windows 10 , 64 bit Build 19041 (10.0.19041.5915)
Time: Sun Nov 30 23:48:58 2025 India Standard Time elapsed time: 12.559355 seconds (0d 0h 0m 12s)

---------------  T H R E A D  ---------------

Current thread (0x000002301627ee60):  JavaThread "C2 CompilerThread0" daemon [_thread_in_native, id=4296, stack(0x00000097ccd00000,0x00000097cce00000) (1024K)]


Current CompileTask:
C2:12559 2710   !   4       java.util.concurrent.ConcurrentHashMap::putVal (432 bytes)

Stack: [0x00000097ccd00000,0x00000097cce00000]
Native frames: (J=compiled Java code, j=interpreted, Vv=VM code, C=native code)
V  [jvm.dll+0x6d6e29]
V  [jvm.dll+0x8b4b76]
V  [jvm.dll+0x8b712e]
V  [jvm.dll+0x8b7813]
V  [jvm.dll+0x283d86]
V  [jvm.dll+0xc66ed]
V  [jvm.dll+0xc6c31]
V  [jvm.dll+0x3be53b]
V  [jvm.dll+0x38ab92]
V  [jvm.dll+0x389fda]
V  [jvm.dll+0x24bfa0]
V  [jvm.dll+0x24b580]
V  [jvm.dll+0x1cb13e]
V  [jvm.dll+0x25b29d]
V  [jvm.dll+0x25982a]
V  [jvm.dll+0x3f7ea6]
V  [jvm.dll+0x85e9ad]
V  [jvm.dll+0x6d565d]
C  [ucrtbase.dll+0x21bb2]
C  [KERNEL32.DLL+0x17374]
C  [ntdll.dll+0x4cc91]


---------------  P R O C E S S  ---------------

Threads class SMR info:
_java_thread_list=0x000002305caab5a0, length=19, elements={
0x000002307b1c59b0, 0x0000023016268c70, 0x000002301626a570, 0x000002301626c0f0,
0x000002301626d0a0, 0x0000023016270960, 0x000002301627ade0, 0x000002301627ee60,
0x000002301627ff00, 0x000002305c0cf200, 0x000002305c29fc90, 0x000002305c9a8f50,
0x000002305c03a0a0, 0x000002305c03ab10, 0x00000230162d1fc0, 0x000002305caffc10,
0x000002305c78adc0, 0x00000230163324a0, 0x000002305c383910
}

Java Threads: ( => current thread )
  0x000002307b1c59b0 JavaThread "main"                              [_thread_blocked, id=16192, stack(0x00000097cc300000,0x00000097cc400000) (1024K)]
  0x0000023016268c70 JavaThread "Reference Handler"          daemon [_thread_blocked, id=15660, stack(0x00000097cc700000,0x00000097cc800000) (1024K)]
  0x000002301626a570 JavaThread "Finalizer"                  daemon [_thread_blocked, id=8056, stack(0x00000097cc800000,0x00000097cc900000) (1024K)]
  0x000002301626c0f0 JavaThread "Signal Dispatcher"          daemon [_thread_blocked, id=6848, stack(0x00000097cc900000,0x00000097cca00000) (1024K)]
  0x000002301626d0a0 JavaThread "Attach Listener"            daemon [_thread_blocked, id=7988, stack(0x00000097cca00000,0x00000097ccb00000) (1024K)]
  0x0000023016270960 JavaThread "Service Thread"             daemon [_thread_blocked, id=17560, stack(0x00000097ccb00000,0x00000097ccc00000) (1024K)]
  0x000002301627ade0 JavaThread "Monitor Deflation Thread"   daemon [_thread_blocked, id=14736, stack(0x00000097ccc00000,0x00000097ccd00000) (1024K)]
=>0x000002301627ee60 JavaThread "C2 CompilerThread0"         daemon [_thread_in_native, id=4296, stack(0x00000097ccd00000,0x00000097cce00000) (1024K)]
  0x000002301627ff00 JavaThread "C1 CompilerThread0"         daemon [_thread_blocked, id=8160, stack(0x00000097cce00000,0x00000097ccf00000) (1024K)]
  0x000002305c0cf200 JavaThread "Common-Cleaner"             daemon [_thread_blocked, id=6524, stack(0x00000097ccf00000,0x00000097cd000000) (1024K)]
  0x000002305c29fc90 JavaThread "Notification Thread"        daemon [_thread_blocked, id=10764, stack(0x00000097cd000000,0x00000097cd100000) (1024K)]
  0x000002305c9a8f50 JavaThread "Active Thread: Equinox Container: 0d9c684c-3991-4f87-a9a2-fcd1cc7f297f"        [_thread_blocked, id=224, stack(0x00000097cd400000,0x00000097cd500000) (1024K)]
  0x000002305c03a0a0 JavaThread "Framework Event Dispatcher: Equinox Container: 0d9c684c-3991-4f87-a9a2-fcd1cc7f297f" daemon [_thread_blocked, id=17540, stack(0x00000097cd500000,0x00000097cd600000) (1024K)]
  0x000002305c03ab10 JavaThread "Start Level: Equinox Container: 0d9c684c-3991-4f87-a9a2-fcd1cc7f297f" daemon [_thread_in_native, id=17796, stack(0x00000097cd600000,0x00000097cd700000) (1024K)]
  0x00000230162d1fc0 JavaThread "SCR Component Actor"        daemon [_thread_blocked, id=12744, stack(0x00000097cd700000,0x00000097cd800000) (1024K)]
  0x000002305caffc10 JavaThread "Worker-JM"                         [_thread_blocked, id=14848, stack(0x00000097cd800000,0x00000097cd900000) (1024K)]
  0x000002305c78adc0 JavaThread "JNA Cleaner"                daemon [_thread_blocked, id=8252, stack(0x00000097cd900000,0x00000097cda00000) (1024K)]
  0x00000230163324a0 JavaThread "Worker-0"                          [_thread_blocked, id=13772, stack(0x00000097cda00000,0x00000097cdb00000) (1024K)]
  0x000002305c383910 JavaThread "Worker-1"                          [_thread_blocked, id=15616, stack(0x00000097cdb00000,0x00000097cdc00000) (1024K)]
Total: 19

Other Threads:
  0x000002301624cfb0 VMThread "VM Thread"                           [id=1896, stack(0x00000097cc600000,0x00000097cc700000) (1024K)]
  0x00000230161c1c40 WatcherThread "VM Periodic Task Thread"        [id=18396, stack(0x00000097cc500000,0x00000097cc600000) (1024K)]
  0x000002307d37fba0 WorkerThread "GC Thread#0"                     [id=8348, stack(0x00000097cc400000,0x00000097cc500000) (1024K)]
  0x000002305c6cff60 WorkerThread "GC Thread#1"                     [id=12612, stack(0x00000097cd100000,0x00000097cd200000) (1024K)]
  0x000002305c6b53e0 WorkerThread "GC Thread#2"                     [id=8344, stack(0x00000097cd200000,0x00000097cd300000) (1024K)]
  0x000002305c6b5780 WorkerThread "GC Thread#3"                     [id=4800, stack(0x00000097cd300000,0x00000097cd400000) (1024K)]
Total: 6

Threads with active compile tasks:
C2 CompilerThread0  12613 2710   !   4       java.util.concurrent.ConcurrentHashMap::putVal (432 bytes)
Total: 1

VM state: not at safepoint (normal execution)

VM Mutex/Monitor currently owned by a thread: None

Heap address: 0x0000000080000000, size: 2048 MB, Compressed Oops mode: 32-bit

CDS archive(s) mapped at: [0x0000023017000000-0x0000023017ba0000-0x0000023017ba0000), size 12189696, SharedBaseAddress: 0x0000023017000000, ArchiveRelocationMode: 1.
Compressed class space mapped at: 0x0000023018000000-0x0000023058000000, reserved size: 1073741824
Narrow klass base: 0x0000023017000000, Narrow klass shift: 0, Narrow klass range: 0x100000000

GC Precious Log:
 CardTable entry size: 512
 CPUs: 4 total, 4 available
 Memory: 3285M
 Large Page Support: Disabled
 NUMA Support: Disabled
 Compressed Oops: Enabled (32-bit)
 Alignments: Space 512K, Generation 512K, Heap 2M
 Heap Min Capacity: 100M
 Heap Initial Capacity: 100M
 Heap Max Capacity: 2G
 Pre-touch: Disabled
 Parallel Workers: 4

Heap:
 PSYoungGen      total 29696K, used 27620K [0x00000000d5580000, 0x00000000d7680000, 0x0000000100000000)
  eden space 25600K, 91% used [0x00000000d5580000,0x00000000d6c7f348,0x00000000d6e80000)
  from space 4096K, 99% used [0x00000000d7280000,0x00000000d7679d50,0x00000000d7680000)
  to   space 4096K, 0% used [0x00000000d6e80000,0x00000000d6e80000,0x00000000d7280000)
 ParOldGen       total 68608K, used 4626K [0x0000000080000000, 0x0000000084300000, 0x00000000d5580000)
  object space 68608K, 6% used [0x0000000080000000,0x0000000080484b30,0x0000000084300000)
 Metaspace       used 20039K, committed 20736K, reserved 1114112K
  class space    used 1995K, committed 2304K, reserved 1048576K

Card table byte_map: [0x000002307cd10000,0x000002307d120000] _byte_map_base: 0x000002307c910000

Marking Bits: (ParMarkBitMap*) 0x00007ffee4942460
 Begin Bits: [0x0000023012140000, 0x0000023014140000)
 End Bits:   [0x0000023014140000, 0x0000023016140000)

Polling page: 0x000002307b120000

Metaspace:

Usage:
  Non-class:     17.62 MB used.
      Class:      1.95 MB used.
       Both:     19.57 MB used.

Virtual space:
  Non-class space:       64.00 MB reserved,      18.00 MB ( 28%) committed,  1 nodes.
      Class space:        1.00 GB reserved,       2.25 MB ( <1%) committed,  1 nodes.
             Both:        1.06 GB reserved,      20.25 MB (  2%) committed. 

Chunk freelists:
   Non-Class:  13.61 MB
       Class:  13.70 MB
        Both:  27.31 MB

MaxMetaspaceSize: unlimited
CompressedClassSpaceSize: 1.00 GB
Initial GC threshold: 21.00 MB
Current GC threshold: 21.00 MB
CDS: on
 - commit_granule_bytes: 65536.
 - commit_granule_words: 8192.
 - virtual_space_node_default_size: 8388608.
 - enlarge_chunks_in_place: 1.
 - use_allocation_guard: 0.


Internal statistics:

num_allocs_failed_limit: 0.
num_arena_births: 504.
num_arena_deaths: 0.
num_vsnodes_births: 2.
num_vsnodes_deaths: 0.
num_space_committed: 324.
num_space_uncommitted: 0.
num_chunks_returned_to_freelist: 0.
num_chunks_taken_from_freelist: 1255.
num_chunk_merges: 0.
num_chunk_splits: 813.
num_chunks_enlarged: 514.
num_inconsistent_stats: 0.

CodeHeap 'non-profiled nmethods': size=120000Kb used=1191Kb max_used=1191Kb free=118808Kb
 bounds [0x000002300ac10000, 0x000002300ae80000, 0x0000023012140000]
CodeHeap 'profiled nmethods': size=120000Kb used=5323Kb max_used=5323Kb free=114676Kb
 bounds [0x0000023003140000, 0x0000023003680000, 0x000002300a670000]
CodeHeap 'non-nmethods': size=5760Kb used=1299Kb max_used=1317Kb free=4460Kb
 bounds [0x000002300a670000, 0x000002300a8e0000, 0x000002300ac10000]
CodeCache: size=245760Kb, used=7813Kb, max_used=7831Kb, free=237944Kb
 total_blobs=3294, nmethods=2713, adapters=487, full_count=0
Compilation: enabled, stopped_count=0, restarted_count=0

Compilation events (20 events):
Event: 12.369 Thread 0x000002301627ff00 nmethod 2704 0x000002300366c810 code [0x000002300366c9c0, 0x000002300366cbc8]
Event: 12.369 Thread 0x000002301627ee60 nmethod 2699 0x000002300ad37510 code [0x000002300ad376c0, 0x000002300ad37848]
Event: 12.377 Thread 0x000002301627ee60 2705   !   4       org.eclipse.osgi.internal.loader.BundleLoader::getModuleClassLoader (203 bytes)
Event: 12.385 Thread 0x000002301627ee60 nmethod 2705 0x000002300ad37a90 code [0x000002300ad37ca0, 0x000002300ad38310]
Event: 12.386 Thread 0x000002301627ee60 2706       4       org.lombokweb.asm.MethodWriter::visitLabel (332 bytes)
Event: 12.393 Thread 0x000002301627ee60 nmethod 2706 0x000002300ad38810 code [0x000002300ad389c0, 0x000002300ad38e20]
Event: 12.443 Thread 0x000002301627ee60 2707       4       java.util.HashSet::contains (9 bytes)
Event: 12.448 Thread 0x000002301627ee60 nmethod 2707 0x000002300ad39110 code [0x000002300ad392e0, 0x000002300ad39648]
Event: 12.513 Thread 0x000002301627ee60 2708       4       java.util.concurrent.locks.AbstractQueuedSynchronizer::signalNext (34 bytes)
Event: 12.514 Thread 0x000002301627ee60 nmethod 2708 0x000002300ad39990 code [0x000002300ad39b20, 0x000002300ad39ba8]
Event: 12.533 Thread 0x000002301627ee60 2709       4       java.util.ArrayList$SubList$1::hasNext (20 bytes)
Event: 12.534 Thread 0x000002301627ee60 nmethod 2709 0x000002300ad39c90 code [0x000002300ad39e20, 0x000002300ad39ed0]
Event: 12.543 Thread 0x000002301627ee60 2710   !   4       java.util.concurrent.ConcurrentHashMap::putVal (432 bytes)
Event: 12.547 Thread 0x000002301627ff00 2711       3       lombok.patcher.scripts.AddFieldScript$1::visitField (35 bytes)
Event: 12.547 Thread 0x000002301627ff00 nmethod 2711 0x000002300366cd10 code [0x000002300366cee0, 0x000002300366d150]
Event: 12.548 Thread 0x000002301627ff00 2712 %     3       org.lombokweb.asm.ClassReader::<init> @ 95 (359 bytes)
Event: 12.551 Thread 0x000002301627ff00 nmethod 2712% 0x000002300366d290 code [0x000002300366d5a0, 0x000002300366e968]
Event: 12.552 Thread 0x000002301627ff00 2713   !   3       java.util.regex.Pattern::matcher (44 bytes)
Event: 12.552 Thread 0x000002301627ff00 nmethod 2713 0x000002300366ef90 code [0x000002300366f160, 0x000002300366f4c8]
Event: 12.552 Thread 0x000002301627ff00 2716       3       java.lang.String::split (242 bytes)

GC Heap History (8 events):
Event: 3.253 GC heap before
{Heap before GC invocations=1 (full 0):
 PSYoungGen      total 29696K, used 25600K [0x00000000d5580000, 0x00000000d7680000, 0x0000000100000000)
  eden space 25600K, 100% used [0x00000000d5580000,0x00000000d6e80000,0x00000000d6e80000)
  from space 4096K, 0% used [0x00000000d7280000,0x00000000d7280000,0x00000000d7680000)
  to   space 4096K, 0% used [0x00000000d6e80000,0x00000000d6e80000,0x00000000d7280000)
 ParOldGen       total 68608K, used 0K [0x0000000080000000, 0x0000000084300000, 0x00000000d5580000)
  object space 68608K, 0% used [0x0000000080000000,0x0000000080000000,0x0000000084300000)
 Metaspace       used 4379K, committed 4608K, reserved 1114112K
  class space    used 474K, committed 576K, reserved 1048576K
}
Event: 3.337 GC heap after
{Heap after GC invocations=1 (full 0):
 PSYoungGen      total 29696K, used 3280K [0x00000000d5580000, 0x00000000d7680000, 0x0000000100000000)
  eden space 25600K, 0% used [0x00000000d5580000,0x00000000d5580000,0x00000000d6e80000)
  from space 4096K, 80% used [0x00000000d6e80000,0x00000000d71b4148,0x00000000d7280000)
  to   space 4096K, 0% used [0x00000000d7280000,0x00000000d7280000,0x00000000d7680000)
 ParOldGen       total 68608K, used 0K [0x0000000080000000, 0x0000000084300000, 0x00000000d5580000)
  object space 68608K, 0% used [0x0000000080000000,0x0000000080000000,0x0000000084300000)
 Metaspace       used 4379K, committed 4608K, reserved 1114112K
  class space    used 474K, committed 576K, reserved 1048576K
}
Event: 6.263 GC heap before
{Heap before GC invocations=2 (full 0):
 PSYoungGen      total 29696K, used 28877K [0x00000000d5580000, 0x00000000d7680000, 0x0000000100000000)
  eden space 25600K, 99% used [0x00000000d5580000,0x00000000d6e7f460,0x00000000d6e80000)
  from space 4096K, 80% used [0x00000000d6e80000,0x00000000d71b4148,0x00000000d7280000)
  to   space 4096K, 0% used [0x00000000d7280000,0x00000000d7280000,0x00000000d7680000)
 ParOldGen       total 68608K, used 0K [0x0000000080000000, 0x0000000084300000, 0x00000000d5580000)
  object space 68608K, 0% used [0x0000000080000000,0x0000000080000000,0x0000000084300000)
 Metaspace       used 8253K, committed 8576K, reserved 1114112K
  class space    used 880K, committed 1024K, reserved 1048576K
}
Event: 6.270 GC heap after
{Heap after GC invocations=2 (full 0):
 PSYoungGen      total 29696K, used 4092K [0x00000000d5580000, 0x00000000d7680000, 0x0000000100000000)
  eden space 25600K, 0% used [0x00000000d5580000,0x00000000d5580000,0x00000000d6e80000)
  from space 4096K, 99% used [0x00000000d7280000,0x00000000d767f008,0x00000000d7680000)
  to   space 4096K, 0% used [0x00000000d6e80000,0x00000000d6e80000,0x00000000d7280000)
 ParOldGen       total 68608K, used 877K [0x0000000080000000, 0x0000000084300000, 0x00000000d5580000)
  object space 68608K, 1% used [0x0000000080000000,0x00000000800db6a8,0x0000000084300000)
 Metaspace       used 8253K, committed 8576K, reserved 1114112K
  class space    used 880K, committed 1024K, reserved 1048576K
}
Event: 7.846 GC heap before
{Heap before GC invocations=3 (full 0):
 PSYoungGen      total 29696K, used 29661K [0x00000000d5580000, 0x00000000d7680000, 0x0000000100000000)
  eden space 25600K, 99% used [0x00000000d5580000,0x00000000d6e78780,0x00000000d6e80000)
  from space 4096K, 99% used [0x00000000d7280000,0x00000000d767f008,0x00000000d7680000)
  to   space 4096K, 0% used [0x00000000d6e80000,0x00000000d6e80000,0x00000000d7280000)
 ParOldGen       total 68608K, used 877K [0x0000000080000000, 0x0000000084300000, 0x00000000d5580000)
  object space 68608K, 1% used [0x0000000080000000,0x00000000800db6a8,0x0000000084300000)
 Metaspace       used 13092K, committed 13632K, reserved 1114112K
  class space    used 1385K, committed 1600K, reserved 1048576K
}
Event: 7.855 GC heap after
{Heap after GC invocations=3 (full 0):
 PSYoungGen      total 29696K, used 4079K [0x00000000d5580000, 0x00000000d7680000, 0x0000000100000000)
  eden space 25600K, 0% used [0x00000000d5580000,0x00000000d5580000,0x00000000d6e80000)
  from space 4096K, 99% used [0x00000000d6e80000,0x00000000d727bee8,0x00000000d7280000)
  to   space 4096K, 0% used [0x00000000d7280000,0x00000000d7280000,0x00000000d7680000)
 ParOldGen       total 68608K, used 2764K [0x0000000080000000, 0x0000000084300000, 0x00000000d5580000)
  object space 68608K, 4% used [0x0000000080000000,0x00000000802b3230,0x0000000084300000)
 Metaspace       used 13092K, committed 13632K, reserved 1114112K
  class space    used 1385K, committed 1600K, reserved 1048576K
}
Event: 11.974 GC heap before
{Heap before GC invocations=4 (full 0):
 PSYoungGen      total 29696K, used 29679K [0x00000000d5580000, 0x00000000d7680000, 0x0000000100000000)
  eden space 25600K, 100% used [0x00000000d5580000,0x00000000d6e80000,0x00000000d6e80000)
  from space 4096K, 99% used [0x00000000d6e80000,0x00000000d727bee8,0x00000000d7280000)
  to   space 4096K, 0% used [0x00000000d7280000,0x00000000d7280000,0x00000000d7680000)
 ParOldGen       total 68608K, used 2764K [0x0000000080000000, 0x0000000084300000, 0x00000000d5580000)
  object space 68608K, 4% used [0x0000000080000000,0x00000000802b3230,0x0000000084300000)
 Metaspace       used 17225K, committed 17920K, reserved 1114112K
  class space    used 1810K, committed 2112K, reserved 1048576K
}
Event: 11.984 GC heap after
{Heap after GC invocations=4 (full 0):
 PSYoungGen      total 29696K, used 4071K [0x00000000d5580000, 0x00000000d7680000, 0x0000000100000000)
  eden space 25600K, 0% used [0x00000000d5580000,0x00000000d5580000,0x00000000d6e80000)
  from space 4096K, 99% used [0x00000000d7280000,0x00000000d7679d50,0x00000000d7680000)
  to   space 4096K, 0% used [0x00000000d6e80000,0x00000000d6e80000,0x00000000d7280000)
 ParOldGen       total 68608K, used 4626K [0x0000000080000000, 0x0000000084300000, 0x00000000d5580000)
  object space 68608K, 6% used [0x0000000080000000,0x0000000080484b30,0x0000000084300000)
 Metaspace       used 17225K, committed 17920K, reserved 1114112K
  class space    used 1810K, committed 2112K, reserved 1048576K
}

Dll operation events (10 events):
Event: 0.044 Loaded shared library c:\Users\bhask\.vscode\extensions\redhat.java-1.50.0-win32-x64\jre\21.0.9-win32-x86_64\bin\java.dll
Event: 0.149 Loaded shared library c:\Users\bhask\.vscode\extensions\redhat.java-1.50.0-win32-x64\jre\21.0.9-win32-x86_64\bin\zip.dll
Event: 0.184 Loaded shared library C:\Users\bhask\.vscode\extensions\redhat.java-1.50.0-win32-x64\jre\21.0.9-win32-x86_64\bin\instrument.dll
Event: 0.194 Loaded shared library C:\Users\bhask\.vscode\extensions\redhat.java-1.50.0-win32-x64\jre\21.0.9-win32-x86_64\bin\net.dll
Event: 0.198 Loaded shared library C:\Users\bhask\.vscode\extensions\redhat.java-1.50.0-win32-x64\jre\21.0.9-win32-x86_64\bin\nio.dll
Event: 0.206 Loaded shared library C:\Users\bhask\.vscode\extensions\redhat.java-1.50.0-win32-x64\jre\21.0.9-win32-x86_64\bin\zip.dll
Event: 0.247 Loaded shared library C:\Users\bhask\.vscode\extensions\redhat.java-1.50.0-win32-x64\jre\21.0.9-win32-x86_64\bin\jimage.dll
Event: 0.401 Loaded shared library c:\Users\bhask\.vscode\extensions\redhat.java-1.50.0-win32-x64\jre\21.0.9-win32-x86_64\bin\verify.dll
Event: 6.206 Loaded shared library C:\Users\bhask\AppData\Roaming\Code\User\globalStorage\redhat.java\1.50.0\config_ss_win\org.eclipse.equinox.launcher\org.eclipse.equinox.launcher.win32.win32.x86_64_1.2.1400.v20250801-0854\eclipse_11916.dll
Event: 11.229 Loaded shared library C:\Users\bhask\AppData\Local\Temp\jna-93700211\jna3112082754017395090.dll

Deoptimization events (20 events):
Event: 11.748 Thread 0x000002305c03ab10 Uncommon trap: trap_request=0xffffff45 fr.pc=0x000002300ad0c840 relative=0x0000000000000b00
Event: 11.748 Thread 0x000002305c03ab10 Uncommon trap: reason=unstable_if action=reinterpret pc=0x000002300ad0c840 method=jdk.internal.org.objectweb.asm.Frame.execute(IILjdk/internal/org/objectweb/asm/Symbol;Ljdk/internal/org/objectweb/asm/SymbolTable;)V @ 1 c2
Event: 11.748 Thread 0x000002305c03ab10 DEOPT PACKING pc=0x000002300ad0c840 sp=0x00000097cd6f8190
Event: 11.748 Thread 0x000002305c03ab10 DEOPT UNPACKING pc=0x000002300a6c3aa2 sp=0x00000097cd6f8118 mode 2
Event: 11.798 Thread 0x000002305c03ab10 Uncommon trap: trap_request=0xffffffde fr.pc=0x000002300ad05214 relative=0x00000000000003b4
Event: 11.798 Thread 0x000002305c03ab10 Uncommon trap: reason=class_check action=maybe_recompile pc=0x000002300ad05214 method=java.util.regex.Pattern$BmpCharPropertyGreedy.match(Ljava/util/regex/Matcher;ILjava/lang/CharSequence;)Z @ 70 c2
Event: 11.798 Thread 0x000002305c03ab10 DEOPT PACKING pc=0x000002300ad05214 sp=0x00000097cd6ef7f0
Event: 11.799 Thread 0x000002305c03ab10 DEOPT UNPACKING pc=0x000002300a6c3aa2 sp=0x00000097cd6ef798 mode 2
Event: 11.799 Thread 0x000002305c03ab10 Uncommon trap: trap_request=0xffffffde fr.pc=0x000002300ad05214 relative=0x00000000000003b4
Event: 11.799 Thread 0x000002305c03ab10 Uncommon trap: reason=class_check action=maybe_recompile pc=0x000002300ad05214 method=java.util.regex.Pattern$BmpCharPropertyGreedy.match(Ljava/util/regex/Matcher;ILjava/lang/CharSequence;)Z @ 70 c2
Event: 11.799 Thread 0x000002305c03ab10 DEOPT PACKING pc=0x000002300ad05214 sp=0x00000097cd6ef640
Event: 11.799 Thread 0x000002305c03ab10 DEOPT UNPACKING pc=0x000002300a6c3aa2 sp=0x00000097cd6ef5e8 mode 2
Event: 11.799 Thread 0x000002305c03ab10 Uncommon trap: trap_request=0xffffffde fr.pc=0x000002300ad05214 relative=0x00000000000003b4
Event: 11.799 Thread 0x000002305c03ab10 Uncommon trap: reason=class_check action=maybe_recompile pc=0x000002300ad05214 method=java.util.regex.Pattern$BmpCharPropertyGreedy.match(Ljava/util/regex/Matcher;ILjava/lang/CharSequence;)Z @ 70 c2
Event: 11.799 Thread 0x000002305c03ab10 DEOPT PACKING pc=0x000002300ad05214 sp=0x00000097cd6ef800
Event: 11.799 Thread 0x000002305c03ab10 DEOPT UNPACKING pc=0x000002300a6c3aa2 sp=0x00000097cd6ef7a8 mode 2
Event: 11.799 Thread 0x000002305c03ab10 Uncommon trap: trap_request=0xffffffde fr.pc=0x000002300ad05214 relative=0x00000000000003b4
Event: 11.799 Thread 0x000002305c03ab10 Uncommon trap: reason=class_check action=maybe_recompile pc=0x000002300ad05214 method=java.util.regex.Pattern$BmpCharPropertyGreedy.match(Ljava/util/regex/Matcher;ILjava/lang/CharSequence;)Z @ 70 c2
Event: 11.799 Thread 0x000002305c03ab10 DEOPT PACKING pc=0x000002300ad05214 sp=0x00000097cd6ef650
Event: 11.799 Thread 0x000002305c03ab10 DEOPT UNPACKING pc=0x000002300a6c3aa2 sp=0x00000097cd6ef5f8 mode 2

Classes loaded (20 events):
Event: 11.862 Loading class java/util/zip/GZIPOutputStream
Event: 11.863 Loading class java/util/zip/GZIPOutputStream done
Event: 11.868 Loading class java/util/zip/GZIPInputStream
Event: 11.869 Loading class java/util/zip/GZIPInputStream done
Event: 11.875 Loading class java/net/SocketTimeoutException
Event: 11.876 Loading class java/io/InterruptedIOException
Event: 11.876 Loading class java/io/InterruptedIOException done
Event: 11.876 Loading class java/net/SocketTimeoutException done
Event: 11.876 Loading class java/net/SocketException
Event: 11.877 Loading class java/net/SocketException done
Event: 11.877 Loading class java/net/UnknownHostException
Event: 11.877 Loading class java/net/UnknownHostException done
Event: 11.877 Loading class java/net/ProtocolException
Event: 11.877 Loading class java/net/ProtocolException done
Event: 11.957 Loading class java/lang/ThreadLocal$SuppliedThreadLocal
Event: 11.958 Loading class java/lang/ThreadLocal$SuppliedThreadLocal done
Event: 11.970 Loading class java/io/FileWriter
Event: 11.971 Loading class java/io/FileWriter done
Event: 12.122 Loading class java/lang/NegativeArraySizeException
Event: 12.123 Loading class java/lang/NegativeArraySizeException done

Classes unloaded (0 events):
No events

Classes redefined (0 events):
No events

Internal exceptions (20 events):
Event: 11.313 Thread 0x000002305c03ab10 Exception <a 'java/lang/NoSuchMethodError'{0x00000000d6381ba8}: 'void java.lang.invoke.DirectMethodHandle$Holder.invokeSpecial(java.lang.Object, java.lang.Object, java.lang.Object, int)'> (0x00000000d6381ba8) 
thrown [s\src\hotspot\share\interpreter\linkResolver.cpp, line 773]
Event: 11.314 Thread 0x000002305c03ab10 Exception <a 'java/lang/NoSuchMethodError'{0x00000000d6385538}: 'void java.lang.invoke.DelegatingMethodHandle$Holder.reinvoke_L(java.lang.Object, java.lang.Object, int)'> (0x00000000d6385538) 
thrown [s\src\hotspot\share\interpreter\linkResolver.cpp, line 773]
Event: 11.316 Thread 0x000002305c03ab10 Exception <a 'java/lang/NoSuchMethodError'{0x00000000d638c220}: 'int java.lang.invoke.Invokers$Holder.invokeExact_MT(java.lang.Object, java.lang.Object, java.lang.Object)'> (0x00000000d638c220) 
thrown [s\src\hotspot\share\interpreter\linkResolver.cpp, line 773]
Event: 11.354 Thread 0x000002305c03ab10 Exception <a 'java/lang/NoSuchMethodError'{0x00000000d647f6d0}: 'void java.lang.invoke.Invokers$Holder.invokeExact_MT(java.lang.Object, java.lang.Object, int, java.lang.Object)'> (0x00000000d647f6d0) 
thrown [s\src\hotspot\share\interpreter\linkResolver.cpp, line 773]
Event: 11.475 Thread 0x000002305c03ab10 Exception <a 'java/lang/NoSuchMethodError'{0x00000000d659cb80}: 'java.lang.Object java.lang.invoke.DirectMethodHandle$Holder.invokeSpecial(java.lang.Object, java.lang.Object, java.lang.Object, long, java.lang.Object)'> (0x00000000d659cb80) 
thrown [s\src\hotspot\share\interpreter\linkResolver.cpp, line 773]
Event: 11.477 Thread 0x000002305c03ab10 Exception <a 'java/lang/NoSuchMethodError'{0x00000000d65a43c8}: 'java.lang.Object java.lang.invoke.DirectMethodHandle$Holder.newInvokeSpecial(java.lang.Object, java.lang.Object, java.lang.Object, long)'> (0x00000000d65a43c8) 
thrown [s\src\hotspot\share\interpreter\linkResolver.cpp, line 773]
Event: 11.495 Thread 0x000002305c03ab10 Exception <a 'java/lang/NoSuchMethodError'{0x00000000d65a8778}: 'java.lang.Object java.lang.invoke.DirectMethodHandle$Holder.invokeSpecial(java.lang.Object, java.lang.Object, java.lang.Object, java.lang.Object, long)'> (0x00000000d65a8778) 
thrown [s\src\hotspot\share\interpreter\linkResolver.cpp, line 773]
Event: 11.496 Thread 0x000002305c03ab10 Exception <a 'java/lang/NoSuchMethodError'{0x00000000d65ac398}: 'java.lang.Object java.lang.invoke.Invokers$Holder.linkToTargetMethod(java.lang.Object, java.lang.Object, long, java.lang.Object)'> (0x00000000d65ac398) 
thrown [s\src\hotspot\share\interpreter\linkResolver.cpp, line 773]
Event: 11.519 Thread 0x000002305c03ab10 Exception <a 'java/lang/NoSuchMethodError'{0x00000000d662e490}: 'int java.lang.invoke.DirectMethodHandle$Holder.invokeStaticInit(java.lang.Object, java.lang.Object, java.lang.Object)'> (0x00000000d662e490) 
thrown [s\src\hotspot\share\interpreter\linkResolver.cpp, line 773]
Event: 11.560 Thread 0x000002305c03ab10 Exception <a 'java/lang/IncompatibleClassChangeError'{0x00000000d66b7ba0}: Found class java.lang.Object, but interface was expected> (0x00000000d66b7ba0) 
thrown [s\src\hotspot\share\interpreter\linkResolver.cpp, line 840]
Event: 11.568 Thread 0x000002305c03ab10 Exception <a 'java/lang/NoSuchMethodError'{0x00000000d66cb138}: 'java.lang.Object java.lang.invoke.DirectMethodHandle$Holder.invokeSpecial(java.lang.Object, java.lang.Object, java.lang.Object, int, java.lang.Object, java.lang.Object)'> (0x00000000d66cb138) 
thrown [s\src\hotspot\share\interpreter\linkResolver.cpp, line 773]
Event: 11.569 Thread 0x000002305c03ab10 Exception <a 'java/lang/NoSuchMethodError'{0x00000000d66d2c10}: 'java.lang.Object java.lang.invoke.DirectMethodHandle$Holder.newInvokeSpecial(java.lang.Object, java.lang.Object, java.lang.Object, int, java.lang.Object)'> (0x00000000d66d2c10) 
thrown [s\src\hotspot\share\interpreter\linkResolver.cpp, line 773]
Event: 11.569 Thread 0x000002305c03ab10 Exception <a 'java/lang/NoSuchMethodError'{0x00000000d66d6b90}: 'java.lang.Object java.lang.invoke.DirectMethodHandle$Holder.invokeSpecial(java.lang.Object, java.lang.Object, java.lang.Object, java.lang.Object, int, java.lang.Object)'> (0x00000000d66d6b90) 
thrown [s\src\hotspot\share\interpreter\linkResolver.cpp, line 773]
Event: 11.569 Thread 0x000002305c03ab10 Exception <a 'java/lang/NoSuchMethodError'{0x00000000d66da6d0}: 'java.lang.Object java.lang.invoke.Invokers$Holder.linkToTargetMethod(java.lang.Object, java.lang.Object, int, java.lang.Object, java.lang.Object)'> (0x00000000d66da6d0) 
thrown [s\src\hotspot\share\interpreter\linkResolver.cpp, line 773]
Event: 11.570 Thread 0x00000230163324a0 Exception <a 'java/lang/NoSuchMethodError'{0x00000000d65fb610}: 'java.lang.Object java.lang.invoke.DirectMethodHandle$Holder.invokeSpecial(java.lang.Object, java.lang.Object, int, java.lang.Object, java.lang.Object)'> (0x00000000d65fb610) 
thrown [s\src\hotspot\share\interpreter\linkResolver.cpp, line 773]
Event: 11.572 Thread 0x00000230163324a0 Exception <a 'java/lang/NoSuchMethodError'{0x00000000d6602348}: 'java.lang.Object java.lang.invoke.DirectMethodHandle$Holder.newInvokeSpecial(java.lang.Object, java.lang.Object, int, java.lang.Object)'> (0x00000000d6602348) 
thrown [s\src\hotspot\share\interpreter\linkResolver.cpp, line 773]
Event: 11.573 Thread 0x00000230163324a0 Exception <a 'java/lang/NoSuchMethodError'{0x00000000d6605c28}: 'java.lang.Object java.lang.invoke.DirectMethodHandle$Holder.invokeSpecial(java.lang.Object, java.lang.Object, java.lang.Object, int, java.lang.Object)'> (0x00000000d6605c28) 
thrown [s\src\hotspot\share\interpreter\linkResolver.cpp, line 773]
Event: 11.672 Thread 0x000002305c03ab10 Exception <a 'java/lang/NoSuchMethodError'{0x00000000d67f8ae8}: 'void java.lang.invoke.DirectMethodHandle$Holder.invokeSpecial(java.lang.Object, java.lang.Object, java.lang.Object, java.lang.Object, java.lang.Object)'> (0x00000000d67f8ae8) 
thrown [s\src\hotspot\share\interpreter\linkResolver.cpp, line 773]
Event: 11.748 Thread 0x000002305c03ab10 Exception <a 'java/lang/NoSuchMethodError'{0x00000000d6a0e6f0}: 'double java.lang.invoke.DirectMethodHandle$Holder.invokeStatic(java.lang.Object, java.lang.Object)'> (0x00000000d6a0e6f0) 
thrown [s\src\hotspot\share\interpreter\linkResolver.cpp, line 773]
Event: 11.749 Thread 0x000002305c03ab10 Exception <a 'java/lang/NoSuchMethodError'{0x00000000d6a11db0}: 'double java.lang.invoke.DirectMethodHandle$Holder.invokeStaticInit(java.lang.Object, java.lang.Object)'> (0x00000000d6a11db0) 
thrown [s\src\hotspot\share\interpreter\linkResolver.cpp, line 773]

ZGC Phase Switch (0 events):
No events

VM Operations (20 events):
Event: 6.524 Executing VM operation: HandshakeAllThreads (Deoptimize)
Event: 6.524 Executing VM operation: HandshakeAllThreads (Deoptimize) done
Event: 7.199 Executing VM operation: HandshakeAllThreads (Deoptimize)
Event: 7.199 Executing VM operation: HandshakeAllThreads (Deoptimize) done
Event: 7.846 Executing VM operation: ParallelGCFailedAllocation (Allocation Failure)
Event: 7.855 Executing VM operation: ParallelGCFailedAllocation (Allocation Failure) done
Event: 8.003 Executing VM operation: HandshakeAllThreads (Deoptimize)
Event: 8.003 Executing VM operation: HandshakeAllThreads (Deoptimize) done
Event: 8.021 Executing VM operation: HandshakeAllThreads (Deoptimize)
Event: 8.021 Executing VM operation: HandshakeAllThreads (Deoptimize) done
Event: 8.102 Executing VM operation: HandshakeAllThreads (Deoptimize)
Event: 8.103 Executing VM operation: HandshakeAllThreads (Deoptimize) done
Event: 8.761 Executing VM operation: HandshakeAllThreads (Deoptimize)
Event: 8.761 Executing VM operation: HandshakeAllThreads (Deoptimize) done
Event: 9.771 Executing VM operation: Cleanup
Event: 9.771 Executing VM operation: Cleanup done
Event: 11.247 Executing VM operation: HandshakeAllThreads (Deoptimize)
Event: 11.247 Executing VM operation: HandshakeAllThreads (Deoptimize) done
Event: 11.974 Executing VM operation: ParallelGCFailedAllocation (Allocation Failure)
Event: 11.984 Executing VM operation: ParallelGCFailedAllocation (Allocation Failure) done

Memory protections (0 events):
No events

Nmethod flushes (0 events):
No events

Events (19 events):
Event: 0.068 Thread 0x000002307b1c59b0 Thread added: 0x000002307b1c59b0
Event: 0.089 Thread 0x000002307b1c59b0 Thread added: 0x0000023016268c70
Event: 0.089 Thread 0x000002307b1c59b0 Thread added: 0x000002301626a570
Event: 0.089 Thread 0x000002307b1c59b0 Thread added: 0x000002301626c0f0
Event: 0.089 Thread 0x000002307b1c59b0 Thread added: 0x000002301626d0a0
Event: 0.089 Thread 0x000002307b1c59b0 Thread added: 0x0000023016270960
Event: 0.090 Thread 0x000002307b1c59b0 Thread added: 0x000002301627ade0
Event: 0.090 Thread 0x000002307b1c59b0 Thread added: 0x000002301627ee60
Event: 0.090 Thread 0x000002307b1c59b0 Thread added: 0x000002301627ff00
Event: 0.187 Thread 0x000002307b1c59b0 Thread added: 0x000002305c0cf200
Event: 0.785 Thread 0x000002307b1c59b0 Thread added: 0x000002305c29fc90
Event: 5.684 Thread 0x000002307b1c59b0 Thread added: 0x000002305c9a8f50
Event: 6.183 Thread 0x000002307b1c59b0 Thread added: 0x000002305c03a0a0
Event: 6.190 Thread 0x000002307b1c59b0 Thread added: 0x000002305c03ab10
Event: 6.477 Thread 0x000002305c03ab10 Thread added: 0x00000230162d1fc0
Event: 7.410 Thread 0x000002305c03ab10 Thread added: 0x000002305caffc10
Event: 11.326 Thread 0x000002305c03ab10 Thread added: 0x000002305c78adc0
Event: 11.509 Thread 0x000002305c03ab10 Thread added: 0x00000230163324a0
Event: 11.571 Thread 0x000002305c03ab10 Thread added: 0x000002305c383910


Dynamic libraries:
0x00007ff715cf0000 - 0x00007ff715cfe000 	c:\Users\bhask\.vscode\extensions\redhat.java-1.50.0-win32-x64\jre\21.0.9-win32-x86_64\bin\java.exe
0x00007fff24090000 - 0x00007fff24288000 	C:\WINDOWS\SYSTEM32\ntdll.dll
0x00007fff231d0000 - 0x00007fff23292000 	C:\WINDOWS\System32\KERNEL32.DLL
0x00007fff21750000 - 0x00007fff21a46000 	C:\WINDOWS\System32\KERNELBASE.dll
0x00007fff21f00000 - 0x00007fff22000000 	C:\WINDOWS\System32\ucrtbase.dll
0x00007fff15b30000 - 0x00007fff15b48000 	c:\Users\bhask\.vscode\extensions\redhat.java-1.50.0-win32-x64\jre\21.0.9-win32-x86_64\bin\jli.dll
0x00007fff22e70000 - 0x00007fff23011000 	C:\WINDOWS\System32\USER32.dll
0x00007fff09d60000 - 0x00007fff09d7e000 	c:\Users\bhask\.vscode\extensions\redhat.java-1.50.0-win32-x64\jre\21.0.9-win32-x86_64\bin\VCRUNTIME140.dll
0x00007fff21720000 - 0x00007fff21742000 	C:\WINDOWS\System32\win32u.dll
0x00007fff232a0000 - 0x00007fff232cb000 	C:\WINDOWS\System32\GDI32.dll
0x00007fff21ad0000 - 0x00007fff21be9000 	C:\WINDOWS\System32\gdi32full.dll
0x00007fff173b0000 - 0x00007fff1764b000 	C:\WINDOWS\WinSxS\amd64_microsoft.windows.common-controls_6595b64144ccf1df_6.0.19041.6456_none_60b8a6cb71f64256\COMCTL32.dll
0x00007fff22380000 - 0x00007fff2241e000 	C:\WINDOWS\System32\msvcrt.dll
0x00007fff21bf0000 - 0x00007fff21c8d000 	C:\WINDOWS\System32\msvcp_win.dll
0x00007fff225f0000 - 0x00007fff2261f000 	C:\WINDOWS\System32\IMM32.DLL
0x00007fff197c0000 - 0x00007fff197cc000 	c:\Users\bhask\.vscode\extensions\redhat.java-1.50.0-win32-x64\jre\21.0.9-win32-x86_64\bin\vcruntime140_1.dll
0x00007fff02610000 - 0x00007fff0269d000 	c:\Users\bhask\.vscode\extensions\redhat.java-1.50.0-win32-x64\jre\21.0.9-win32-x86_64\bin\msvcp140.dll
0x00007ffee3c80000 - 0x00007ffee4a20000 	c:\Users\bhask\.vscode\extensions\redhat.java-1.50.0-win32-x64\jre\21.0.9-win32-x86_64\bin\server\jvm.dll
0x00007fff22110000 - 0x00007fff221c1000 	C:\WINDOWS\System32\ADVAPI32.dll
0x00007fff23c30000 - 0x00007fff23ccf000 	C:\WINDOWS\System32\sechost.dll
0x00007fff237b0000 - 0x00007fff238d0000 	C:\WINDOWS\System32\RPCRT4.dll
0x00007fff21df0000 - 0x00007fff21e17000 	C:\WINDOWS\System32\bcrypt.dll
0x00007fff23f30000 - 0x00007fff23f9b000 	C:\WINDOWS\System32\WS2_32.dll
0x00007fff21580000 - 0x00007fff215cb000 	C:\WINDOWS\SYSTEM32\POWRPROF.dll
0x00007fff18570000 - 0x00007fff18597000 	C:\WINDOWS\SYSTEM32\WINMM.dll
0x00007fff1a870000 - 0x00007fff1a87a000 	C:\WINDOWS\SYSTEM32\VERSION.dll
0x00007fff21560000 - 0x00007fff21572000 	C:\WINDOWS\SYSTEM32\UMPDC.dll
0x00007fff1f480000 - 0x00007fff1f492000 	C:\WINDOWS\SYSTEM32\kernel.appcore.dll
0x00007fff19260000 - 0x00007fff1926a000 	c:\Users\bhask\.vscode\extensions\redhat.java-1.50.0-win32-x64\jre\21.0.9-win32-x86_64\bin\jimage.dll
0x00007fff1b230000 - 0x00007fff1b431000 	C:\WINDOWS\SYSTEM32\DBGHELP.DLL
0x00007fff0f680000 - 0x00007fff0f6b4000 	C:\WINDOWS\SYSTEM32\dbgcore.DLL
0x00007fff21e20000 - 0x00007fff21ea2000 	C:\WINDOWS\System32\bcryptPrimitives.dll
0x00007fff17cf0000 - 0x00007fff17cff000 	c:\Users\bhask\.vscode\extensions\redhat.java-1.50.0-win32-x64\jre\21.0.9-win32-x86_64\bin\instrument.dll
0x00007fff08c30000 - 0x00007fff08c50000 	c:\Users\bhask\.vscode\extensions\redhat.java-1.50.0-win32-x64\jre\21.0.9-win32-x86_64\bin\java.dll
0x00007fff226f0000 - 0x00007fff22e60000 	C:\WINDOWS\System32\SHELL32.dll
0x00007fff1f790000 - 0x00007fff1ff35000 	C:\WINDOWS\SYSTEM32\windows.storage.dll
0x00007fff238d0000 - 0x00007fff23c24000 	C:\WINDOWS\System32\combase.dll
0x00007fff21070000 - 0x00007fff2109b000 	C:\WINDOWS\SYSTEM32\Wldp.dll
0x00007fff23020000 - 0x00007fff230ed000 	C:\WINDOWS\System32\OLEAUT32.dll
0x00007fff23e00000 - 0x00007fff23ead000 	C:\WINDOWS\System32\SHCORE.dll
0x00007fff22620000 - 0x00007fff2267b000 	C:\WINDOWS\System32\shlwapi.dll
0x00007fff21650000 - 0x00007fff21674000 	C:\WINDOWS\SYSTEM32\profapi.dll
0x00007fff08800000 - 0x00007fff08818000 	c:\Users\bhask\.vscode\extensions\redhat.java-1.50.0-win32-x64\jre\21.0.9-win32-x86_64\bin\zip.dll
0x00007fff17130000 - 0x00007fff17140000 	C:\Users\bhask\.vscode\extensions\redhat.java-1.50.0-win32-x64\jre\21.0.9-win32-x86_64\bin\net.dll
0x00007fff1a880000 - 0x00007fff1a98a000 	C:\WINDOWS\SYSTEM32\WINHTTP.dll
0x00007fff20dd0000 - 0x00007fff20e3a000 	C:\WINDOWS\system32\mswsock.dll
0x00007fff05ed0000 - 0x00007fff05ee6000 	C:\Users\bhask\.vscode\extensions\redhat.java-1.50.0-win32-x64\jre\21.0.9-win32-x86_64\bin\nio.dll
0x00007fff16fa0000 - 0x00007fff16fb0000 	c:\Users\bhask\.vscode\extensions\redhat.java-1.50.0-win32-x64\jre\21.0.9-win32-x86_64\bin\verify.dll
0x00007fff0ad20000 - 0x00007fff0ad64000 	C:\Users\bhask\AppData\Roaming\Code\User\globalStorage\redhat.java\1.50.0\config_ss_win\org.eclipse.equinox.launcher\org.eclipse.equinox.launcher.win32.win32.x86_64_1.2.1400.v20250801-0854\eclipse_11916.dll
0x00007fff23cd0000 - 0x00007fff23dfb000 	C:\WINDOWS\System32\ole32.dll
0x00007fff20fc0000 - 0x00007fff20fd8000 	C:\WINDOWS\SYSTEM32\CRYPTSP.dll
0x00007fff206f0000 - 0x00007fff20728000 	C:\WINDOWS\system32\rsaenh.dll
0x00007fff21610000 - 0x00007fff2163e000 	C:\WINDOWS\SYSTEM32\USERENV.dll
0x00007fff20fe0000 - 0x00007fff20fec000 	C:\WINDOWS\SYSTEM32\CRYPTBASE.dll
0x00007fff20ab0000 - 0x00007fff20aeb000 	C:\WINDOWS\SYSTEM32\IPHLPAPI.DLL
0x00007fff22e60000 - 0x00007fff22e68000 	C:\WINDOWS\System32\NSI.dll
0x00007fff0acd0000 - 0x00007fff0ad19000 	C:\Users\bhask\AppData\Local\Temp\jna-93700211\jna3112082754017395090.dll
0x00007fff22680000 - 0x00007fff22688000 	C:\WINDOWS\System32\PSAPI.DLL

JVMTI agents:
c:\Users\bhask\.vscode\extensions\redhat.java-1.50.0-win32-x64\lombok\lombok-1.18.39-4050.jar path:c:\Users\bhask\.vscode\extensions\redhat.java-1.50.0-win32-x64\jre\21.0.9-win32-x86_64\bin\instrument.dll, loaded, initialized, instrumentlib options:none

dbghelp: loaded successfully - version: 4.0.5 - missing functions: none
symbol engine: initialized successfully - sym options: 0x614 - pdb path: .;c:\Users\bhask\.vscode\extensions\redhat.java-1.50.0-win32-x64\jre\21.0.9-win32-x86_64\bin;C:\WINDOWS\SYSTEM32;C:\WINDOWS\WinSxS\amd64_microsoft.windows.common-controls_6595b64144ccf1df_6.0.19041.6456_none_60b8a6cb71f64256;c:\Users\bhask\.vscode\extensions\redhat.java-1.50.0-win32-x64\jre\21.0.9-win32-x86_64\bin\server;C:\Users\bhask\AppData\Roaming\Code\User\globalStorage\redhat.java\1.50.0\config_ss_win\org.eclipse.equinox.launcher\org.eclipse.equinox.launcher.win32.win32.x86_64_1.2.1400.v20250801-0854;C:\Users\bhask\AppData\Local\Temp\jna-93700211

VM Arguments:
jvm_args: --add-modules=ALL-SYSTEM --add-opens=java.base/java.util=ALL-UNNAMED --add-opens=java.base/java.lang=ALL-UNNAMED --add-opens=java.base/sun.nio.fs=ALL-UNNAMED -Declipse.application=org.eclipse.jdt.ls.core.id1 -Dosgi.bundles.defaultStartLevel=4 -Declipse.product=org.eclipse.jdt.ls.core.product -Djava.import.generatesMetadataFilesAtProjectRoot=false -DDetectVMInstallationsJob.disabled=true -Dfile.encoding=utf8 -XX:+UseParallelGC -XX:GCTimeRatio=4 -XX:AdaptiveSizePolicyWeight=90 -Dsun.zip.disableMemoryMapping=true -Xmx2G -Xms100m -Xlog:disable -javaagent:c:\Users\bhask\.vscode\extensions\redhat.java-1.50.0-win32-x64\lombok\lombok-1.18.39-4050.jar 
java_command: c:\Users\bhask\.vscode\extensions\redhat.java-1.50.0-win32-x64\server\plugins\org.eclipse.equinox.launcher_1.7.100.v20251111-0406.jar -configuration c:\Users\bhask\AppData\Roaming\Code\User\globalStorage\redhat.java\1.50.0\config_ss_win -data c:\Users\bhask\AppData\Roaming\Code\User\workspaceStorage\0b96bf8c41005c8d64f7a06e3db6a5f4\redhat.java\ss_ws --pipe=\\.\pipe\lsp-ff1fbb2f69ccf9444b8402b5b91d9327-sock
java_class_path (initial): c:\Users\bhask\.vscode\extensions\redhat.java-1.50.0-win32-x64\server\plugins\org.eclipse.equinox.launcher_1.7.100.v20251111-0406.jar
Launcher Type: SUN_STANDARD

[Global flags]
    uintx AdaptiveSizePolicyWeight                 = 90                                        {product} {command line}
     intx CICompilerCount                          = 3                                         {product} {ergonomic}
    uintx GCTimeRatio                              = 4                                         {product} {command line}
   size_t InitialHeapSize                          = 104857600                                 {product} {command line}
   size_t MaxHeapSize                              = 2147483648                                {product} {command line}
   size_t MaxNewSize                               = 715653120                                 {product} {ergonomic}
   size_t MinHeapDeltaBytes                        = 524288                                    {product} {ergonomic}
   size_t MinHeapSize                              = 104857600                                 {product} {command line}
   size_t NewSize                                  = 34603008                                  {product} {ergonomic}
    uintx NonNMethodCodeHeapSize                   = 5832780                                {pd product} {ergonomic}
    uintx NonProfiledCodeHeapSize                  = 122912730                              {pd product} {ergonomic}
   size_t OldSize                                  = 70254592                                  {product} {ergonomic}
    uintx ProfiledCodeHeapSize                     = 122912730                              {pd product} {ergonomic}
    uintx ReservedCodeCacheSize                    = 251658240                              {pd product} {ergonomic}
     bool SegmentedCodeCache                       = true                                      {product} {ergonomic}
   size_t SoftMaxHeapSize                          = 2147483648                             {manageable} {ergonomic}
     bool UseCompressedOops                        = true                           {product lp64_product} {ergonomic}
     bool UseLargePagesIndividualAllocation        = false                                  {pd product} {ergonomic}
     bool UseParallelGC                            = true                                      {product} {command line}

Logging:
Log output configuration:
 #0: stdout all=off uptime,level,tags foldmultilines=false
 #1: stderr all=off uptime,level,tags foldmultilines=false

Release file:
JAVA_VERSION="21.0.9" 
MODULES="java.base java.compiler java.datatransfer java.xml java.prefs java.desktop java.instrument java.logging java.management java.security.sasl java.naming java.rmi java.management.rmi java.net.http java.scripting java.security.jgss java.transaction.xa java.sql java.sql.rowset java.xml.crypto java.se java.smartcardio jdk.accessibility jdk.internal.jvmstat jdk.attach jdk.charsets jdk.internal.opt jdk.zipfs jdk.compiler jdk.crypto.ec jdk.crypto.cryptoki jdk.crypto.mscapi jdk.dynalink jdk.internal.ed jdk.editpad jdk.hotspot.agent jdk.httpserver jdk.internal.le jdk.internal.vm.ci jdk.internal.vm.compiler jdk.internal.vm.compiler.management jdk.jartool jdk.javadoc jdk.jcmd jdk.management jdk.management.agent jdk.jconsole jdk.jdeps jdk.jdwp.agent jdk.jdi jdk.jfr jdk.jshell jdk.jsobject jdk.jstatd jdk.localedata jdk.management.jfr jdk.naming.dns jdk.naming.rmi jdk.net jdk.nio.mapmode jdk.random jdk.sctp jdk.security.auth jdk.security.jgss jdk.unsupported jdk.unsupported.desktop jdk.xml.dom" 

Environment Variables:
JAVA_HOME=C:\Program Files\Java\jdk-23.0.2
PATH=C:\WINDOWS\system32;C:\WINDOWS;C:\WINDOWS\System32\Wbem;C:\WINDOWS\System32\WindowsPowerShell\v1.0\;C:\WINDOWS\System32\OpenSSH\;C:\Program Files\Java\jdk-23.0.2\bin;C:\Program Files\MySQL\MySQL Server 8.0\bin;C:\Users\bhask\Desktop\LibraryManagementSystem\mysql-9.5.0-winx64\bin;C:\Users\bhask\OneDrive\Desktop\LibraryManagementSystem\studentportal;C:\Program Files\dotnet\;C:\Users\bhask\Downloads\jdk-21.0.8_windows-x64_bin.zip\jdk-21.0.8\bin;C:\Users\bhask\OneDrive\Desktop\LibraryManagementSystem\maven\apache-maven-3.9.6\bin;C:\Program Files\Git\cmd;C:\Users\bhask\OneDrive\Desktop\LibraryManagementSystem\apache-maven-3.9.11\bin;C:\WINDOWS\system32;C:\WINDOWS;C:\WINDOWS\System32\Wbem;C:\WINDOWS\System32\WindowsPowerShell\v1.0\;C:\WINDOWS\System32\OpenSSH\;C:\Program Files\Java\jdk-23.0.2\bin;C:\Program Files\MySQL\MySQL Server 8.0\bin;C:\Users\bhask\Desktop\LibraryManagementSystem\mysql-9.5.0-winx64\bin;C:\Users\bhask\OneDrive\Desktop\LibraryManagementSystem\studentportal;C:\Program Files\dotnet\;C:\Users\bhask\Downloads\jdk-21.0.8_windows-x64_bin.zip\jdk-21.0.8\bin;C:\Users\bhask\OneDrive\Desktop\LibraryManagementSystem\maven\apache-maven-3.9.6\bin;C:\Program Files\Git\cmd;C:\Users\bhask\OneDrive\Desktop\LibraryManagementSystem\apache-maven-3.9.11\bin;;C:\Users\bhask\OneDrive\Desktop\LibraryManagementSystem\apache-maven-3.9.11\bin;C:\Users\bhask\AppData\Local\Programs\Microsoft VS Code\bin
USERNAME=bhask
OS=Windows_NT
PROCESSOR_IDENTIFIER=AMD64 Family 23 Model 24 Stepping 1, AuthenticAMD
TMP=C:\Users\bhask\AppData\Local\Temp
TEMP=C:\Users\bhask\AppData\Local\Temp




Periodic native trim disabled

---------------  S Y S T E M  ---------------

OS:
 Windows 10 , 64 bit Build 19041 (10.0.19041.5915)
OS uptime: 2 days 10:39 hours

CPU: total 4 (initial active 4) (4 cores per cpu, 2 threads per core) family 23 model 24 stepping 1 microcode 0x0, cx8, cmov, fxsr, ht, mmx, 3dnowpref, sse, sse2, sse3, ssse3, sse4a, sse4.1, sse4.2, popcnt, lzcnt, tsc, tscinvbit, avx, avx2, aes, clmul, bmi1, bmi2, adx, sha, fma, vzeroupper, clflush, clflushopt, rdtscp, f16c
Processor Information for the first 4 processors :
  Max Mhz: 2600, Current Mhz: 2600, Mhz Limit: 2600

Memory: 4k page, system-wide physical 3285M (33M free)
TotalPageFile size 13525M (AvailPageFile size 0M)
current process WorkingSet (physical memory assigned to process): 120M, peak: 124M
current process commit charge ("private bytes"): 257M, peak: 258M

vm_info: OpenJDK 64-Bit Server VM (21.0.9+10-LTS) for windows-amd64 JRE (21.0.9+10-LTS), built on 2025-10-21T00:00:00Z by "admin" with unknown MS VC++:1942

END.
